<?xml version="1.0" encoding="utf-8"?><testsuites><testsuite name="pytest" errors="0" failures="0" skipped="0" tests="710" time="229.114" timestamp="2026-09-07T21:41:48.374242" hostname="Yingjian-Lius-MacBook-Pro.local"><testcase classname="tests.v3.test_candidate_boundaries" name="test_rehashed_manifest_mutations_fail_closed[persist-total_bytes]" time="0.598" /><testcase classname="tests.v3.test_candidate_boundaries" name="test_rehashed_manifest_mutations_fail_closed[persist-file_hash]" time="0.021" /><testcase classname="tests.v3.test_candidate_boundaries" name="test_rehashed_manifest_mutations_fail_closed[persist-file_path]" time="0.016" /><testcase classname="tests.v3.test_candidate_boundaries" name="test_rehashed_manifest_mutations_fail_closed[persist-span_hash]" time="0.021" /><testcase classname="tests.v3.test_candidate_boundaries" name="test_rehashed_manifest_mutations_fail_closed[persist-span_end]" time="0.021" /><testcase classname="tests.v3.test_candidate_boundaries" name="test_rehashed_manifest_mutations_fail_closed[persist-duplicate_path]" time="0.016" /><testcase classname="tests.v3.test_candidate_boundaries" name="test_rehashed_manifest_mutations_fail_closed[persist-omitted_generated]" time="0.020" /><testcase classname="tests.v3.test_candidate_boundaries" name="test_rehashed_manifest_mutations_fail_closed[query-total_bytes]" time="0.021" /><testcase classname="tests.v3.test_candidate_boundaries" name="test_rehashed_manifest_mutations_fail_closed[query-file_hash]" time="0.021" /><testcase classname="tests.v3.test_candidate_boundaries" name="test_rehashed_manifest_mutations_fail_closed[query-file_path]" time="0.016" /><testcase classname="tests.v3.test_candidate_boundaries" name="test_rehashed_manifest_mutations_fail_closed[query-span_hash]" time="0.021" /><testcase classname="tests.v3.test_candidate_boundaries" name="test_rehashed_manifest_mutations_fail_closed[query-span_end]" time="0.020" /><testcase classname="tests.v3.test_candidate_boundaries" name="test_rehashed_manifest_mutations_fail_closed[query-duplicate_path]" time="0.016" /><testcase classname="tests.v3.test_candidate_boundaries" name="test_rehashed_manifest_mutations_fail_closed[query-omitted_generated]" time="0.020" /><testcase classname="tests.v3.test_candidate_boundaries" name="test_anchor_mutations_reject_before_packaging[path-absent.tex]" time="0.003" /><testcase classname="tests.v3.test_candidate_boundaries" name="test_anchor_mutations_reject_before_packaging[start_byte-True]" time="0.003" /><testcase classname="tests.v3.test_candidate_boundaries" name="test_anchor_mutations_reject_before_packaging[end_byte-1]" time="0.003" /><testcase classname="tests.v3.test_candidate_boundaries" name="test_anchor_mutations_reject_before_packaging[sha256-0000000000000000000000000000000000000000000000000000000000000000]" time="0.003" /><testcase classname="tests.v3.test_candidate_boundaries" name="test_generated_projection_preserves_proposal_semantics" time="0.084" /><testcase classname="tests.v3.test_candidate_boundaries" name="test_generated_projection_rejects_mismatched_source_denominator" time="0.094" /><testcase classname="tests.v3.test_candidate_boundaries" name="test_duplicate_supplied_identities_cannot_be_hidden_by_pending_maps[artifact]" time="0.111" /><testcase classname="tests.v3.test_candidate_boundaries" name="test_duplicate_supplied_identities_cannot_be_hidden_by_pending_maps[conflicting_artifact]" time="0.111" /><testcase classname="tests.v3.test_candidate_boundaries" name="test_duplicate_supplied_identities_cannot_be_hidden_by_pending_maps[record]" time="0.149" /><testcase classname="tests.v3.test_candidate_boundaries" name="test_historical_reader_rejects_duplicate_record_members" time="0.271" /><testcase classname="tests.v3.test_candidate_boundaries" name="test_cyclic_proposals_fail_closed_or_expose_specific_potential_only_unknown[True]" time="0.004" /><testcase classname="tests.v3.test_candidate_boundaries" name="test_cyclic_proposals_fail_closed_or_expose_specific_potential_only_unknown[False]" time="0.004" /><testcase classname="tests.v3.test_candidate_boundaries" name="test_reopen_retains_exact_records_unknowns_and_no_admission" time="0.409" /><testcase classname="tests.v3.test_candidate_boundaries" name="test_generated_files_are_retained_and_cli_cannot_add_output_to_capture" time="0.338" /><testcase classname="tests.v3.test_candidates" name="test_full_denominator_segments_and_determinism" time="0.015" /><testcase classname="tests.v3.test_candidates" name="test_proposals_bind_identity_and_reopen_exact_history" time="0.636" /><testcase classname="tests.v3.test_candidates" name="test_bad_proposals_rejected[span]" time="0.003" /><testcase classname="tests.v3.test_candidates" name="test_bad_proposals_rejected[path]" time="0.003" /><testcase classname="tests.v3.test_candidates" name="test_bad_proposals_rejected[dependency]" time="0.003" /><testcase classname="tests.v3.test_candidates" name="test_bad_proposals_rejected[label]" time="0.003" /><testcase classname="tests.v3.test_candidates" name="test_tampered_packages_rollback[omitted_segment]" time="0.021" /><testcase classname="tests.v3.test_candidates" name="test_tampered_packages_rollback[gap]" time="0.021" /><testcase classname="tests.v3.test_candidates" name="test_tampered_packages_rollback[file_count]" time="0.021" /><testcase classname="tests.v3.test_candidates" name="test_tampered_packages_rollback[classification]" time="0.021" /><testcase classname="tests.v3.test_candidates" name="test_tampered_packages_rollback[approval]" time="0.021" /><testcase classname="tests.v3.test_candidates" name="test_tampered_packages_rollback[missing_artifact]" time="0.017" /><testcase classname="tests.v3.test_candidates" name="test_tampered_packages_rollback[wrong_bytes]" time="0.017" /><testcase classname="tests.v3.test_candidates" name="test_tampered_packages_rollback[record_ref]" time="0.017" /><testcase classname="tests.v3.test_candidates" name="test_real_pinned_robustness_whole_directory" time="7.725" /><testcase classname="tests.v3.test_candidates" name="test_cli_build_query_and_no_overwrite" time="1.812" /><testcase classname="tests.v3.test_candidates" name="test_existing_contract_projection_requires_real_caller_context" time="0.411" /><testcase classname="tests.v3.test_candidates" name="test_tentative_lexical_cues_are_not_observed_scientific_claims[\begin{theorem}-TENTATIVE_CLAIM_CUE-THEOREM_PROPERTY]" time="0.000" /><testcase classname="tests.v3.test_candidates" name="test_tentative_lexical_cues_are_not_observed_scientific_claims[\item[R3] Monotonicity-TENTATIVE_CLAIM_CUE-ENUMERATED_ASSERTION]" time="0.000" /><testcase classname="tests.v3.test_candidates" name="test_tentative_lexical_cues_are_not_observed_scientific_claims[We show a result.-TENTATIVE_CLAIM_CUE-VERBAL_ASSERTION]" time="0.000" /><testcase classname="tests.v3.test_candidates" name="test_tentative_lexical_cues_are_not_observed_scientific_claims[$x = 1.23$-TENTATIVE_CLAIM_CUE-NUMERICAL]" time="0.000" /><testcase classname="tests.v3.test_candidates" name="test_tentative_lexical_cues_are_not_observed_scientific_claims[\begin{tabular}{cc}-TENTATIVE_CLAIM_CUE-TABLE]" time="0.000" /><testcase classname="tests.v3.test_candidates" name="test_tentative_lexical_cues_are_not_observed_scientific_claims[$x=y$-TENTATIVE_CLAIM_CUE-EQUATION]" time="0.000" /><testcase classname="tests.v3.test_candidates" name="test_tentative_lexical_cues_are_not_observed_scientific_claims[% theorem in a comment-NONCLAIM_CUE-BLANK_OR_LEXICAL_COMMENT]" time="0.000" /><testcase classname="tests.v3.test_candidates" name="test_tentative_lexical_cues_are_not_observed_scientific_claims[ordinary undecided prose-UNKNOWN_TEXT-None]" time="0.000" /><testcase classname="tests.v3.test_candidates" name="test_real_cli_explicit_unadopted_context_and_known_observation_replay" time="12.116" /><testcase classname="tests.v3.test_candidates" name="test_segment_amplification_rejected_before_candidate_list_allocation" time="0.004" /><testcase classname="tests.v3.test_candidates" name="test_package_and_query_byte_budgets_fail_before_publication" time="0.025" /><testcase classname="tests.v3.test_candidates" name="test_reader_caps_raw_package_before_parsing_at_persist_and_query" time="0.031" /><testcase classname="tests.v3.test_candidates" name="test_manifest_checkable_limits_rechecked_at_persist_and_historical_query[max_file_bytes]" time="0.013" /><testcase classname="tests.v3.test_candidates" name="test_manifest_checkable_limits_rechecked_at_persist_and_historical_query[max_path_bytes]" time="0.013" /><testcase classname="tests.v3.test_candidates" name="test_manifest_checkable_limits_rechecked_at_persist_and_historical_query[max_depth]" time="0.013" /><testcase classname="tests.v3.test_candidates" name="test_manifest_checkable_limits_rechecked_at_persist_and_historical_query[max_entries]" time="0.013" /><testcase classname="tests.v3.test_candidates" name="test_generic_local_context_rejects_basename_without_corpus_main_hash" time="0.020" /><testcase classname="tests.v3.test_cli_projection" name="test_cli_bundle_only_is_explicitly_not_scientific_acceptance" time="0.716" /><testcase classname="tests.v3.test_cli_projection" name="test_cli_checks_actual_bytes_and_returns_a_nonzero_failure" time="2.308" /><testcase classname="tests.v3.test_cli_projection" name="test_cli_cannot_silently_claim_bytes_were_checked" time="1.737" /><testcase classname="tests.v3.test_cli_projection" name="test_cli_rejects_escaping_or_linked_artifact_locators[../outside.txt]" time="0.770" /><testcase classname="tests.v3.test_cli_projection" name="test_cli_rejects_escaping_or_linked_artifact_locators[/tmp/outside.txt]" time="0.766" /><testcase classname="tests.v3.test_cli_projection" name="test_cli_rejects_escaping_or_linked_artifact_locators[linked/input.bin]" time="0.772" /><testcase classname="tests.v3.test_cli_projection" name="test_readonly_projection_keeps_conflicting_conclusions_and_conditions" time="0.399" /><testcase classname="tests.v3.test_cli_projection" name="test_mutating_a_returned_record_or_view_cannot_change_inputs" time="0.482" /><testcase classname="tests.v3.test_contract_regressions" name="test_local_scope_cannot_escape_by_listing_a_discharge[rule-DIRECT-expected0]" time="1.054" /><testcase classname="tests.v3.test_contract_regressions" name="test_local_scope_cannot_escape_by_listing_a_discharge[rule_evidence_refs-value1-expected1]" time="0.489" /><testcase classname="tests.v3.test_contract_regressions" name="test_reuse_needs_both_reviewed_endpoints_and_exact_typed_evidence[unrelated_review-expected0]" time="0.520" /><testcase classname="tests.v3.test_contract_regressions" name="test_reuse_needs_both_reviewed_endpoints_and_exact_typed_evidence[raw_evidence-expected1]" time="0.524" /><testcase classname="tests.v3.test_contract_regressions" name="test_reuse_needs_both_reviewed_endpoints_and_exact_typed_evidence[wrong_target-expected2]" time="0.523" /><testcase classname="tests.v3.test_contract_regressions" name="test_conditional_argument_cannot_become_unconditional_support[promote-expected0]" time="0.631" /><testcase classname="tests.v3.test_contract_regressions" name="test_conditional_argument_cannot_become_unconditional_support[drop_condition-expected1]" time="0.628" /><testcase classname="tests.v3.test_contract_regressions" name="test_attested_identity_must_meet_exact_policy_minimum" time="0.347" /><testcase classname="tests.v3.test_contract_regressions" name="test_removing_failed_obligation_requires_review_of_old_scope_and_disposition" time="0.649" /><testcase classname="tests.v3.test_contract_regressions" name="test_scope_cannot_remove_or_weaken_named_profile_obligations[remove-expected0]" time="0.332" /><testcase classname="tests.v3.test_contract_regressions" name="test_scope_cannot_remove_or_weaken_named_profile_obligations[downgrade-expected1]" time="0.339" /><testcase classname="tests.v3.test_contract_regressions" name="test_release_cannot_certify_deferred_required_success" time="1.582" /><testcase classname="tests.v3.test_contract_regressions" name="test_complete_release_cannot_substitute_another_targets_result_for_required_work" time="1.602" /><testcase classname="tests.v3.test_contract_regressions" name="test_complete_release_checks_disposition_heads_inside_its_explicit_manifest[False-expected0]" time="2.366" /><testcase classname="tests.v3.test_contract_regressions" name="test_complete_release_checks_disposition_heads_inside_its_explicit_manifest[True-expected1]" time="2.348" /><testcase classname="tests.v3.test_contract_regressions" name="test_admission_reviewer_cannot_be_package_auditor_or_certifier[actor:auditor]" time="1.727" /><testcase classname="tests.v3.test_contract_regressions" name="test_admission_reviewer_cannot_be_package_auditor_or_certifier[actor:certifier]" time="1.733" /><testcase classname="tests.v3.test_contract_regressions" name="test_committed_receipt_cannot_borrow_another_transactions_snapshot[False-expected0]" time="2.046" /><testcase classname="tests.v3.test_contract_regressions" name="test_committed_receipt_cannot_borrow_another_transactions_snapshot[True-expected1]" time="2.041" /><testcase classname="tests.v3.test_contract_regressions" name="test_public_records_cannot_mutate_recordsets_detached_content" time="0.339" /><testcase classname="tests.v3.test_contract_regressions" name="test_admission_cannot_substitute_another_candidates_assessment" time="1.718" /><testcase classname="tests.v3.test_contract_regressions" name="test_admission_review_must_include_its_exact_candidate" time="1.756" /><testcase classname="tests.v3.test_contracts" name="test_positive_exact_source_scope_chain_with_actual_bytes" time="0.753" /><testcase classname="tests.v3.test_contracts" name="test_raw_json_duplicate_normalized_key_float_and_unsafe_integer_rejected" time="0.002" /><testcase classname="tests.v3.test_contracts" name="test_artifact_hash_does_not_normalize_text" time="0.000" /><testcase classname="tests.v3.test_contracts" name="test_unsealed_modified_record_is_rejected" time="0.041" /><testcase classname="tests.v3.test_contracts" name="test_resealed_target_cannot_satisfy_stale_exact_reference" time="0.140" /><testcase classname="tests.v3.test_contracts" name="test_duplicate_identity_and_wrong_typed_target_rejected" time="0.091" /><testcase classname="tests.v3.test_contracts" name="test_missing_or_corrupted_source_bytes_rejected" time="0.264" /><testcase classname="tests.v3.test_contracts" name="test_display_locator_does_not_change_artifact_identity" time="0.057" /><testcase classname="tests.v3.test_contracts" name="test_byte_span_bounds_rejected[0-0]" time="0.048" /><testcase classname="tests.v3.test_contracts" name="test_byte_span_bounds_rejected[10-2]" time="0.057" /><testcase classname="tests.v3.test_contracts" name="test_byte_span_bounds_rejected[0-10000]" time="0.057" /><testcase classname="tests.v3.test_contracts" name="test_source_span_wrong_selected_bytes_digest_rejected" time="0.062" /><testcase classname="tests.v3.test_contracts" name="test_discovery_cannot_drop_unclassified_source_units" time="0.134" /><testcase classname="tests.v3.test_contracts" name="test_scope_requires_accept_decision_and_identical_denominator" time="0.338" /><testcase classname="tests.v3.test_contracts" name="test_unknown_proof_obligation_not_accepted_from_same_name_elsewhere" time="0.253" /><testcase classname="tests.v3.test_contracts" name="test_local_premise_cannot_escape_assumption_scope" time="0.379" /><testcase classname="tests.v3.test_contracts" name="test_joint_premises_preserved_and_circular_proof_rejected" time="0.655" /><testcase classname="tests.v3.test_contracts" name="test_incomplete_snapshot_cannot_be_supported_argument" time="0.328" /><testcase classname="tests.v3.test_contracts" name="test_six_axis_source_evidence_is_separate_from_mathematics" time="0.411" /><testcase classname="tests.v3.test_contracts" name="test_unassessed_method_cannot_produce_positive_result" time="0.049" /><testcase classname="tests.v3.test_contracts" name="test_inapplicable_and_failed_execution_not_promoted_to_support" time="0.054" /><testcase classname="tests.v3.test_contracts" name="test_positive_source_assessment_cannot_borrow_unrelated_span" time="0.231" /><testcase classname="tests.v3.test_contracts" name="test_all_six_axes_required_even_without_assessments" time="0.240" /><testcase classname="tests.v3.test_contracts" name="test_named_formal_profile_cannot_remove_formal_success_obligations" time="0.044" /><testcase classname="tests.v3.test_contracts" name="test_declared_self_review_and_trusted_alias_self_review_rejected" time="0.289" /><testcase classname="tests.v3.test_contracts" name="test_identity_evidence_must_come_from_caller_context" time="0.488" /><testcase classname="tests.v3.test_contracts" name="test_rejected_scope_review_does_not_freeze_a_new_scope" time="0.198" /><testcase classname="tests.v3.test_contracts" name="test_truth_fields_forbidden_in_math_target" time="0.069" /><testcase classname="tests.v3.test_contracts" name="test_upstream_incomplete_can_honestly_record_missing_inputs" time="0.200" /><testcase classname="tests.v3.test_contracts" name="test_first_source_acquisition_failure_needs_no_fabricated_snapshot" time="0.063" /><testcase classname="tests.v3.test_contracts" name="test_pdf_region_does_not_invent_text_byte_offsets" time="0.387" /><testcase classname="tests.v3.test_contracts" name="test_records_are_detached_from_caller_mutations" time="0.187" /><testcase classname="tests.v3.test_dependencies" name="test_display_containment_and_input_provenance_are_not_edges" time="1.049" /><testcase classname="tests.v3.test_dependencies" name="test_typed_transitive_axes_are_potential_not_filtered_by_invented_transfer" time="0.449" /><testcase classname="tests.v3.test_dependencies" name="test_route_local_failure_does_not_spill_to_shared_conclusion_alternative" time="0.596" /><testcase classname="tests.v3.test_dependencies" name="test_explicit_cross_route_binding_is_traversed[False]" time="0.709" /><testcase classname="tests.v3.test_dependencies" name="test_explicit_cross_route_binding_is_traversed[True]" time="0.652" /><testcase classname="tests.v3.test_dependencies" name="test_many_reasons_are_bounded_with_exact_provenance_retained" time="14.642" /><testcase classname="tests.v3.test_dependencies" name="test_affected_target_route_pairs_respect_schema_limit[100-99]" time="30.537" /><testcase classname="tests.v3.test_dependencies" name="test_affected_target_route_pairs_respect_schema_limit[101-100]" time="10.088" /><testcase classname="tests.v3.test_dependencies" name="test_shared_inference_premise_does_not_transfer_route_local_impact" time="0.884" /><testcase classname="tests.v3.test_dependencies" name="test_joint_premises_traverse_actual_inference_not_unused_route_nodes" time="1.309" /><testcase classname="tests.v3.test_dependencies" name="test_dependency_cycles_terminate_and_diamond_reasons_are_retained" time="0.334" /><testcase classname="tests.v3.test_dependencies" name="test_exact_revisions_never_implicitly_retarget_old_dependencies" time="0.509" /><testcase classname="tests.v3.test_dependencies" name="test_invalid_exact_triggers_fail_closed[hash]" time="0.129" /><testcase classname="tests.v3.test_dependencies" name="test_invalid_exact_triggers_fail_closed[type]" time="0.128" /><testcase classname="tests.v3.test_dependencies" name="test_invalid_exact_triggers_fail_closed[revision]" time="0.128" /><testcase classname="tests.v3.test_dependencies" name="test_invalid_exact_triggers_fail_closed[missing]" time="0.129" /><testcase classname="tests.v3.test_dependencies" name="test_invalid_exact_triggers_fail_closed[empty]" time="0.128" /><testcase classname="tests.v3.test_dependencies" name="test_invalid_exact_triggers_fail_closed[bool_revision]" time="0.128" /><testcase classname="tests.v3.test_dependencies" name="test_invalid_exact_triggers_fail_closed[float_revision]" time="0.129" /><testcase classname="tests.v3.test_dependencies" name="test_invalid_store_is_not_treated_as_validated_input" time="0.055" /><testcase classname="tests.v3.test_dependencies" name="test_deterministic_schema_shaped_report_binds_all_inputs_without_mutation" time="0.972" /><testcase classname="tests.v3.test_intake" name="test_complete_inventory_preserves_original_bytes_and_distinguishes_non_tex" time="0.003" /><testcase classname="tests.v3.test_intake" name="test_missing_include_is_a_visible_parse_blocker_not_a_successful_source_assessment" time="0.001" /><testcase classname="tests.v3.test_intake" name="test_conditions_comments_and_opaque_macros_preserve_uncertainty" time="0.001" /><testcase classname="tests.v3.test_intake" name="test_symlink_entries_are_rejected_without_reading_targets[False]" time="0.001" /><testcase classname="tests.v3.test_intake" name="test_symlink_entries_are_rejected_without_reading_targets[True]" time="0.001" /><testcase classname="tests.v3.test_intake" name="test_root_and_ancestor_symlinks_are_rejected" time="0.001" /><testcase classname="tests.v3.test_intake" name="test_hard_links_and_special_files_are_rejected" time="0.001" /><testcase classname="tests.v3.test_intake" name="test_each_filesystem_budget_fails_closed[limits0]" time="0.001" /><testcase classname="tests.v3.test_intake" name="test_each_filesystem_budget_fails_closed[limits1]" time="0.001" /><testcase classname="tests.v3.test_intake" name="test_each_filesystem_budget_fails_closed[limits2]" time="0.001" /><testcase classname="tests.v3.test_intake" name="test_each_filesystem_budget_fails_closed[limits3]" time="0.001" /><testcase classname="tests.v3.test_intake" name="test_each_filesystem_budget_fails_closed[limits4]" time="0.001" /><testcase classname="tests.v3.test_intake" name="test_each_filesystem_budget_fails_closed[limits5]" time="0.001" /><testcase classname="tests.v3.test_intake" name="test_scan_does_not_follow_a_file_replaced_by_symlink_between_stat_and_open" time="0.001" /><testcase classname="tests.v3.test_intake" name="test_unsafe_or_missing_main_is_rejected[../main.tex]" time="0.001" /><testcase classname="tests.v3.test_intake" name="test_unsafe_or_missing_main_is_rejected[/main.tex]" time="0.001" /><testcase classname="tests.v3.test_intake" name="test_unsafe_or_missing_main_is_rejected[missing.tex]" time="0.001" /><testcase classname="tests.v3.test_intake" name="test_unsafe_or_missing_main_is_rejected[a\\main.tex]" time="0.001" /><testcase classname="tests.v3.test_intake" name="test_explicit_working_directory_controls_nested_resolution" time="0.001" /><testcase classname="tests.v3.test_intake" name="test_cli_emits_valid_json_to_stdout_and_keeps_diagnostics_separate" time="0.130" /><testcase classname="tests.v3.test_intake" name="test_cli_writes_new_output_atomically_and_refuses_existing_or_symlink_output" time="0.140" /><testcase classname="tests.v3.test_intake" name="test_cli_invalid_source_never_creates_output" time="0.047" /><testcase classname="tests.v3.test_intake" name="test_cli_refuses_symlinked_output_parent" time="0.047" /><testcase classname="tests.v3.test_intake" name="test_output_publication_does_not_overwrite_a_concurrently_created_file" time="0.002" /><testcase classname="tests.v3.test_intake" name="test_candidate_records_bind_retained_bytes_without_inventing_identity_or_approval" time="0.420" /><testcase classname="tests.v3.test_intake" name="test_candidate_builder_requires_policy_and_exact_version" time="0.394" /><testcase classname="tests.v3.test_intake" name="test_inspection_keeps_retained_bytes_if_disk_changes_afterward" time="0.001" /><testcase classname="tests.v3.test_obligation_review_fixes" name="test_support_must_be_inside_explicit_universe[proof-plan-argument_control]" time="1.024" /><testcase classname="tests.v3.test_obligation_review_fixes" name="test_support_must_be_inside_explicit_universe[proof-plan-formal_control]" time="0.780" /><testcase classname="tests.v3.test_obligation_review_fixes" name="test_support_must_be_inside_explicit_universe[argument-node-argument_control]" time="0.633" /><testcase classname="tests.v3.test_obligation_review_fixes" name="test_support_must_be_inside_explicit_universe[argument-node-formal_control]" time="0.776" /><testcase classname="tests.v3.test_obligation_review_fixes" name="test_support_must_be_inside_explicit_universe[inference-step-argument_control]" time="0.636" /><testcase classname="tests.v3.test_obligation_review_fixes" name="test_support_must_be_inside_explicit_universe[inference-step-formal_control]" time="0.781" /><testcase classname="tests.v3.test_obligation_review_fixes" name="test_support_must_be_inside_explicit_universe[assumption-context-argument_control]" time="0.637" /><testcase classname="tests.v3.test_obligation_review_fixes" name="test_support_must_be_inside_explicit_universe[assumption-context-formal_control]" time="0.779" /><testcase classname="tests.v3.test_obligation_review_fixes" name="test_support_must_be_inside_explicit_universe[dependency-binding-argument_control]" time="0.636" /><testcase classname="tests.v3.test_obligation_review_fixes" name="test_support_must_be_inside_explicit_universe[dependency-binding-formal_control]" time="0.780" /><testcase classname="tests.v3.test_obligation_review_fixes" name="test_support_must_be_inside_explicit_universe[challenge-argument_control]" time="0.638" /><testcase classname="tests.v3.test_obligation_review_fixes" name="test_support_must_be_inside_explicit_universe[challenge-formal_control]" time="0.780" /><testcase classname="tests.v3.test_obligation_review_fixes" name="test_support_must_be_inside_explicit_universe[challenge-disposition-argument_control]" time="0.634" /><testcase classname="tests.v3.test_obligation_review_fixes" name="test_support_must_be_inside_explicit_universe[challenge-disposition-formal_control]" time="0.781" /><testcase classname="tests.v3.test_obligation_review_fixes" name="test_observed_wrappers_cannot_launder_support[proof-plan-argument_control]" time="0.978" /><testcase classname="tests.v3.test_obligation_review_fixes" name="test_observed_wrappers_cannot_launder_support[proof-plan-formal_control]" time="1.215" /><testcase classname="tests.v3.test_obligation_review_fixes" name="test_observed_wrappers_cannot_launder_support[argument-node-argument_control]" time="0.980" /><testcase classname="tests.v3.test_obligation_review_fixes" name="test_observed_wrappers_cannot_launder_support[argument-node-formal_control]" time="1.199" /><testcase classname="tests.v3.test_obligation_review_fixes" name="test_observed_wrappers_cannot_launder_support[inference-step-argument_control]" time="0.980" /><testcase classname="tests.v3.test_obligation_review_fixes" name="test_observed_wrappers_cannot_launder_support[inference-step-formal_control]" time="1.208" /><testcase classname="tests.v3.test_obligation_review_fixes" name="test_observed_wrappers_cannot_launder_support[assumption-context-argument_control]" time="1.003" /><testcase classname="tests.v3.test_obligation_review_fixes" name="test_observed_wrappers_cannot_launder_support[assumption-context-formal_control]" time="1.227" /><testcase classname="tests.v3.test_obligation_review_fixes" name="test_observed_wrappers_cannot_launder_support[dependency-binding-argument_control]" time="1.004" /><testcase classname="tests.v3.test_obligation_review_fixes" name="test_observed_wrappers_cannot_launder_support[dependency-binding-formal_control]" time="1.262" /><testcase classname="tests.v3.test_obligation_review_fixes" name="test_observed_wrappers_cannot_launder_support[challenge-argument_control]" time="1.012" /><testcase classname="tests.v3.test_obligation_review_fixes" name="test_observed_wrappers_cannot_launder_support[challenge-formal_control]" time="1.257" /><testcase classname="tests.v3.test_obligation_review_fixes" name="test_observed_wrappers_cannot_launder_support[challenge-disposition-argument_control]" time="0.991" /><testcase classname="tests.v3.test_obligation_review_fixes" name="test_observed_wrappers_cannot_launder_support[challenge-disposition-formal_control]" time="1.215" /><testcase classname="tests.v3.test_obligation_review_fixes" name="test_failed_formal_execution_can_be_accounted_for" time="1.026" /><testcase classname="tests.v3.test_obligation_review_fixes" name="test_public_capture_rejects_extraction_from_absent_node" time="0.122" /><testcase classname="tests.v3.test_obligation_review_fixes" name="test_provenance_only_synthetic_parent_does_not_contaminate_observed_support" time="0.324" /><testcase classname="tests.v3.test_obligation_review_fixes" name="test_blocked_formal_check_is_not_performed_execution" time="1.033" /><testcase classname="tests.v3.test_obligation_review_fixes" name="test_record_set_resolve_rejects_non_integer_or_nonpositive_revision[True]" time="0.049" /><testcase classname="tests.v3.test_obligation_review_fixes" name="test_record_set_resolve_rejects_non_integer_or_nonpositive_revision[1.0]" time="0.049" /><testcase classname="tests.v3.test_obligation_review_fixes" name="test_record_set_resolve_rejects_non_integer_or_nonpositive_revision[False]" time="0.049" /><testcase classname="tests.v3.test_obligation_review_fixes" name="test_record_set_resolve_rejects_non_integer_or_nonpositive_revision[0]" time="0.050" /><testcase classname="tests.v3.test_obligation_review_fixes" name="test_record_set_resolve_rejects_non_integer_or_nonpositive_revision[-1]" time="0.049" /><testcase classname="tests.v3.test_obligation_review_fixes" name="test_record_set_resolve_rejects_non_integer_or_nonpositive_revision[9007199254740992]" time="0.050" /><testcase classname="tests.v3.test_obligation_review_fixes" name="test_record_set_resolve_rejects_non_integer_or_nonpositive_revision[1]" time="0.049" /><testcase classname="tests.v3.test_obligation_review_fixes" name="test_record_set_resolve_rejects_non_integer_or_nonpositive_revision[None]" time="0.049" /><testcase classname="tests.v3.test_obligation_review_fixes" name="test_record_set_resolve_requires_string_identity_fields[None-record_type]" time="0.049" /><testcase classname="tests.v3.test_obligation_review_fixes" name="test_record_set_resolve_requires_string_identity_fields[None-record_id]" time="0.049" /><testcase classname="tests.v3.test_obligation_review_fixes" name="test_record_set_resolve_requires_string_identity_fields[None-content_hash]" time="0.049" /><testcase classname="tests.v3.test_obligation_review_fixes" name="test_record_set_resolve_requires_string_identity_fields[True-record_type]" time="0.049" /><testcase classname="tests.v3.test_obligation_review_fixes" name="test_record_set_resolve_requires_string_identity_fields[True-record_id]" time="0.049" /><testcase classname="tests.v3.test_obligation_review_fixes" name="test_record_set_resolve_requires_string_identity_fields[True-content_hash]" time="0.049" /><testcase classname="tests.v3.test_obligation_review_fixes" name="test_record_set_resolve_requires_string_identity_fields[1-record_type]" time="0.049" /><testcase classname="tests.v3.test_obligation_review_fixes" name="test_record_set_resolve_requires_string_identity_fields[1-record_id]" time="0.049" /><testcase classname="tests.v3.test_obligation_review_fixes" name="test_record_set_resolve_requires_string_identity_fields[1-content_hash]" time="0.049" /><testcase classname="tests.v3.test_obligation_review_fixes" name="test_record_set_resolve_requires_string_identity_fields[value3-record_type]" time="0.050" /><testcase classname="tests.v3.test_obligation_review_fixes" name="test_record_set_resolve_requires_string_identity_fields[value3-record_id]" time="0.049" /><testcase classname="tests.v3.test_obligation_review_fixes" name="test_record_set_resolve_requires_string_identity_fields[value3-content_hash]" time="0.049" /><testcase classname="tests.v3.test_obligation_review_fixes" name="test_record_set_resolve_requires_string_identity_fields[value4-record_type]" time="0.049" /><testcase classname="tests.v3.test_obligation_review_fixes" name="test_record_set_resolve_requires_string_identity_fields[value4-record_id]" time="0.051" /><testcase classname="tests.v3.test_obligation_review_fixes" name="test_record_set_resolve_requires_string_identity_fields[value4-content_hash]" time="0.049" /><testcase classname="tests.v3.test_obligation_review_fixes" name="test_accounted_counterexample_requires_full_witness_universe[comparison]" time="0.405" /><testcase classname="tests.v3.test_obligation_review_fixes" name="test_accounted_counterexample_requires_full_witness_universe[evidence]" time="0.397" /><testcase classname="tests.v3.test_obligation_review_fixes" name="test_assessed_counterexample_cannot_launder_synthetic_witness[comparison]" time="0.625" /><testcase classname="tests.v3.test_obligation_review_fixes" name="test_assessed_counterexample_cannot_launder_synthetic_witness[evidence]" time="0.613" /><testcase classname="tests.v3.test_obligation_review_fixes" name="test_public_obligation_checker_validates_before_cache_and_universe[bool-selected]" time="0.328" /><testcase classname="tests.v3.test_obligation_review_fixes" name="test_public_obligation_checker_validates_before_cache_and_universe[bool-universe]" time="0.328" /><testcase classname="tests.v3.test_obligation_review_fixes" name="test_public_obligation_checker_validates_before_cache_and_universe[bool-scope]" time="0.306" /><testcase classname="tests.v3.test_obligation_review_fixes" name="test_public_obligation_checker_validates_before_cache_and_universe[float-selected]" time="0.326" /><testcase classname="tests.v3.test_obligation_review_fixes" name="test_public_obligation_checker_validates_before_cache_and_universe[float-universe]" time="0.327" /><testcase classname="tests.v3.test_obligation_review_fixes" name="test_public_obligation_checker_validates_before_cache_and_universe[float-scope]" time="0.303" /><testcase classname="tests.v3.test_obligation_review_fixes" name="test_public_obligation_checker_validates_before_cache_and_universe[extra-selected]" time="0.328" /><testcase classname="tests.v3.test_obligation_review_fixes" name="test_public_obligation_checker_validates_before_cache_and_universe[extra-universe]" time="0.325" /><testcase classname="tests.v3.test_obligation_review_fixes" name="test_public_obligation_checker_validates_before_cache_and_universe[extra-scope]" time="0.303" /><testcase classname="tests.v3.test_obligation_review_fixes" name="test_public_obligation_checker_validates_before_cache_and_universe[missing-selected]" time="0.325" /><testcase classname="tests.v3.test_obligation_review_fixes" name="test_public_obligation_checker_validates_before_cache_and_universe[missing-universe]" time="0.328" /><testcase classname="tests.v3.test_obligation_review_fixes" name="test_public_obligation_checker_validates_before_cache_and_universe[missing-scope]" time="0.305" /><testcase classname="tests.v3.test_obligation_review_fixes" name="test_public_obligation_checker_validates_before_cache_and_universe[unhashable-selected]" time="0.327" /><testcase classname="tests.v3.test_obligation_review_fixes" name="test_public_obligation_checker_validates_before_cache_and_universe[unhashable-universe]" time="0.328" /><testcase classname="tests.v3.test_obligation_review_fixes" name="test_public_obligation_checker_validates_before_cache_and_universe[unhashable-scope]" time="0.304" /><testcase classname="tests.v3.test_obligation_review_fixes" name="test_public_obligation_checker_validates_before_cache_and_universe[not-object-selected]" time="0.326" /><testcase classname="tests.v3.test_obligation_review_fixes" name="test_public_obligation_checker_validates_before_cache_and_universe[not-object-universe]" time="0.327" /><testcase classname="tests.v3.test_obligation_review_fixes" name="test_public_obligation_checker_validates_before_cache_and_universe[not-object-scope]" time="0.305" /><testcase classname="tests.v3.test_obligation_review_fixes" name="test_positive_support_is_not_contaminated_by_retained_counterevidence[False]" time="0.666" /><testcase classname="tests.v3.test_obligation_review_fixes" name="test_positive_support_is_not_contaminated_by_retained_counterevidence[True]" time="0.667" /><testcase classname="tests.v3.test_obligations" name="test_source_map_requires_only_recorded_processing_and_explicit_claim_assessment" time="0.722" /><testcase classname="tests.v3.test_obligations" name="test_arbitrary_or_other_target_result_cannot_satisfy_required_success[SOURCE]" time="0.555" /><testcase classname="tests.v3.test_obligations" name="test_arbitrary_or_other_target_result_cannot_satisfy_required_success[INVENTORY]" time="0.553" /><testcase classname="tests.v3.test_obligations" name="test_arbitrary_or_other_target_result_cannot_satisfy_required_success[CLAIM]" time="0.556" /><testcase classname="tests.v3.test_obligations" name="test_completed_source_snapshot_must_not_hide_missing_material" time="0.499" /><testcase classname="tests.v3.test_obligations" name="test_candidate_manifest_accounts_for_deferred_required_work_but_positive_audit_blocks" time="0.553" /><testcase classname="tests.v3.test_obligations" name="test_current_disposition_is_relative_to_explicit_historical_universe" time="0.708" /><testcase classname="tests.v3.test_obligations" name="test_two_unmerged_current_branches_cannot_be_selected_away" time="0.505" /><testcase classname="tests.v3.test_obligations" name="test_universe_cannot_omit_selected_history_to_hide_a_branch" time="0.350" /><testcase classname="tests.v3.test_obligations" name="test_each_frozen_obligation_selects_exactly_one_current_disposition[missing]" time="0.324" /><testcase classname="tests.v3.test_obligations" name="test_each_frozen_obligation_selects_exactly_one_current_disposition[duplicate]" time="0.323" /><testcase classname="tests.v3.test_obligations" name="test_new_condition_cannot_be_added_to_success_for_the_frozen_original_claim" time="0.765" /><testcase classname="tests.v3.test_obligations" name="test_order_of_existing_independent_conditions_does_not_change_target" time="0.793" /><testcase classname="tests.v3.test_obligations" name="test_failed_formal_result_cannot_satisfy_completed_required_obligation" time="1.006" /><testcase classname="tests.v3.test_obligations" name="test_formal_math_assumption_cannot_silently_narrow_original_scientific_target" time="1.013" /><testcase classname="tests.v3.test_obligations" name="test_unimplemented_release_stage_cannot_claim_completion_with_arbitrary_reference" time="0.771" /><testcase classname="tests.v3.test_obligations" name="test_artifact_check_is_not_inferred_from_reference_hash_alone" time="0.392" /><testcase classname="tests.v3.test_obligations" name="test_success_must_cover_every_exact_target_and_every_requested_axis" time="0.771" /><testcase classname="tests.v3.test_obligations" name="test_accounting_for_an_inconclusive_review_does_not_require_a_positive_conclusion" time="0.767" /><testcase classname="tests.v3.test_obligations" name="test_observed_completion_cannot_relabel_synthetic_result_evidence" time="0.498" /><testcase classname="tests.v3.test_obligations" name="test_repaired_target_must_explicitly_retain_parent_condition_to_use_restricted_evidence" time="0.845" /><testcase classname="tests.v3.test_obligations" name="test_typed_counterexample_completes_argument_accounting_without_success_promotion" time="0.613" /><testcase classname="tests.v3.test_resume_boundaries" name="test_resumed_generator_is_byte_idempotent_and_matches_both_published_languages" time="0.031" /><testcase classname="tests.v3.test_resume_boundaries" name="test_reported_terminal_labels_remain_provenance_in_observed_import[validated]" time="0.608" /><testcase classname="tests.v3.test_resume_boundaries" name="test_reported_terminal_labels_remain_provenance_in_observed_import[admitted]" time="0.154" /><testcase classname="tests.v3.test_resume_boundaries" name="test_capture_order_and_relocation_do_not_erase_explicit_workspace_identity" time="0.009" /><testcase classname="tests.v3.test_resume_boundaries" name="test_capture_accepts_exact_budget_and_rejects_one_less[max_files]" time="0.002" /><testcase classname="tests.v3.test_resume_boundaries" name="test_capture_accepts_exact_budget_and_rejects_one_less[max_events]" time="0.002" /><testcase classname="tests.v3.test_resume_boundaries" name="test_capture_accepts_exact_budget_and_rejects_one_less[max_file_bytes]" time="0.002" /><testcase classname="tests.v3.test_resume_boundaries" name="test_capture_accepts_exact_budget_and_rejects_one_less[max_total_bytes]" time="0.002" /><testcase classname="tests.v3.test_resume_boundaries" name="test_capture_accepts_exact_budget_and_rejects_one_less[max_json_depth]" time="0.002" /><testcase classname="tests.v3.test_resume_boundaries" name="test_success_cannot_borrow_required_evidence_from_outside_explicit_universe[span]" time="0.331" /><testcase classname="tests.v3.test_resume_boundaries" name="test_success_cannot_borrow_required_evidence_from_outside_explicit_universe[plan]" time="0.327" /><testcase classname="tests.v3.test_resume_boundaries" name="test_success_cannot_borrow_required_evidence_from_outside_explicit_universe[assessment]" time="0.328" /><testcase classname="tests.v3.test_resume_boundaries" name="test_explicit_universe_order_is_irrelevant_but_duplicate_members_fail_closed" time="0.392" /><testcase classname="tests.v3.test_resume_boundaries" name="test_candidate_mode_still_rejects_completed_claim_without_typed_assessment" time="0.495" /><testcase classname="tests.v3.test_schema_catalog" name="test_manifest_catalog_and_actual_schema_files_are_exhaustive" time="0.400" /><testcase classname="tests.v3.test_schema_catalog" name="test_every_schema_and_reference_is_valid_offline" time="0.318" /><testcase classname="tests.v3.test_schema_catalog" name="test_objects_are_closed_and_all_record_discriminators_are_registered" time="0.003" /><testcase classname="tests.v3.test_schema_catalog" name="test_json_contracts_contain_no_chinese_characters" time="0.008" /><testcase classname="tests.v3.test_schema_catalog" name="test_english_and_chinese_tables_match_each_schema_field" time="0.002" /><testcase classname="tests.v3.test_schema_catalog" name="test_shared_values_accept_minimal_examples_and_reject_missing_or_unknown_fields[RecordRef]" time="0.002" /><testcase classname="tests.v3.test_schema_catalog" name="test_shared_values_accept_minimal_examples_and_reject_missing_or_unknown_fields[ArtifactRef]" time="0.001" /><testcase classname="tests.v3.test_schema_catalog" name="test_shared_values_accept_minimal_examples_and_reject_missing_or_unknown_fields[Producer]" time="0.002" /><testcase classname="tests.v3.test_schema_catalog" name="test_shared_values_accept_minimal_examples_and_reject_missing_or_unknown_fields[ReviewContext]" time="0.003" /><testcase classname="tests.v3.test_schema_catalog" name="test_shared_values_accept_minimal_examples_and_reject_missing_or_unknown_fields[Condition]" time="0.001" /><testcase classname="tests.v3.test_schema_catalog" name="test_shared_values_accept_minimal_examples_and_reject_missing_or_unknown_fields[SourceUnit]" time="0.003" /><testcase classname="tests.v3.test_schema_catalog" name="test_shared_values_accept_minimal_examples_and_reject_missing_or_unknown_fields[StructureEdge]" time="0.002" /><testcase classname="tests.v3.test_schema_catalog" name="test_shared_values_accept_minimal_examples_and_reject_missing_or_unknown_fields[Obligation]" time="0.002" /><testcase classname="tests.v3.test_schema_catalog" name="test_shared_values_accept_minimal_examples_and_reject_missing_or_unknown_fields[Component]" time="0.003" /><testcase classname="tests.v3.test_schema_catalog" name="test_shared_values_accept_minimal_examples_and_reject_missing_or_unknown_fields[ComponentMapping]" time="0.001" /><testcase classname="tests.v3.test_schema_catalog" name="test_shared_values_accept_minimal_examples_and_reject_missing_or_unknown_fields[MathObject]" time="0.001" /><testcase classname="tests.v3.test_schema_catalog" name="test_shared_values_accept_minimal_examples_and_reject_missing_or_unknown_fields[Quantifier]" time="0.001" /><testcase classname="tests.v3.test_schema_catalog" name="test_shared_values_accept_minimal_examples_and_reject_missing_or_unknown_fields[FormalDeclaration]" time="0.003" /><testcase classname="tests.v3.test_schema_catalog" name="test_shared_values_accept_minimal_examples_and_reject_missing_or_unknown_fields[ParameterComparison]" time="0.002" /><testcase classname="tests.v3.test_schema_catalog" name="test_shared_values_accept_minimal_examples_and_reject_missing_or_unknown_fields[AdmissionItem]" time="0.002" /><testcase classname="tests.v3.test_schema_catalog" name="test_shared_values_accept_minimal_examples_and_reject_missing_or_unknown_fields[ImpactTarget]" time="0.003" /><testcase classname="tests.v3.test_schema_catalog" name="test_shared_values_accept_minimal_examples_and_reject_missing_or_unknown_fields[QueryAssertion]" time="0.003" /><testcase classname="tests.v3.test_schema_catalog" name="test_shared_values_accept_minimal_examples_and_reject_missing_or_unknown_fields[Metric]" time="0.004" /><testcase classname="tests.v3.test_schema_catalog" name="test_shared_values_accept_minimal_examples_and_reject_missing_or_unknown_fields[PdfRegion]" time="0.002" /><testcase classname="tests.v3.test_schema_catalog" name="test_each_registered_type_accepts_a_synthetic_structural_example[admission-decision.schema.json]" time="0.621" /><testcase classname="tests.v3.test_schema_catalog" name="test_each_registered_type_accepts_a_synthetic_structural_example[agentization-plan.schema.json]" time="0.005" /><testcase classname="tests.v3.test_schema_catalog" name="test_each_registered_type_accepts_a_synthetic_structural_example[alignment-assessment.schema.json]" time="0.009" /><testcase classname="tests.v3.test_schema_catalog" name="test_each_registered_type_accepts_a_synthetic_structural_example[archive-receipt.schema.json]" time="0.010" /><testcase classname="tests.v3.test_schema_catalog" name="test_each_registered_type_accepts_a_synthetic_structural_example[argument-node.schema.json]" time="0.006" /><testcase classname="tests.v3.test_schema_catalog" name="test_each_registered_type_accepts_a_synthetic_structural_example[argument-review.schema.json]" time="0.008" /><testcase classname="tests.v3.test_schema_catalog" name="test_each_registered_type_accepts_a_synthetic_structural_example[argument-snapshot.schema.json]" time="0.008" /><testcase classname="tests.v3.test_schema_catalog" name="test_each_registered_type_accepts_a_synthetic_structural_example[assumption-context.schema.json]" time="0.006" /><testcase classname="tests.v3.test_schema_catalog" name="test_each_registered_type_accepts_a_synthetic_structural_example[authority-policy.schema.json]" time="0.004" /><testcase classname="tests.v3.test_schema_catalog" name="test_each_registered_type_accepts_a_synthetic_structural_example[axis-assessment.schema.json]" time="0.009" /><testcase classname="tests.v3.test_schema_catalog" name="test_each_registered_type_accepts_a_synthetic_structural_example[backtranslation.schema.json]" time="0.008" /><testcase classname="tests.v3.test_schema_catalog" name="test_each_registered_type_accepts_a_synthetic_structural_example[baseline-snapshot.schema.json]" time="0.009" /><testcase classname="tests.v3.test_schema_catalog" name="test_each_registered_type_accepts_a_synthetic_structural_example[challenge-disposition.schema.json]" time="0.008" /><testcase classname="tests.v3.test_schema_catalog" name="test_each_registered_type_accepts_a_synthetic_structural_example[challenge.schema.json]" time="0.007" /><testcase classname="tests.v3.test_schema_catalog" name="test_each_registered_type_accepts_a_synthetic_structural_example[claim-component-map.schema.json]" time="0.006" /><testcase classname="tests.v3.test_schema_catalog" name="test_each_registered_type_accepts_a_synthetic_structural_example[contribution-delta.schema.json]" time="0.010" /><testcase classname="tests.v3.test_schema_catalog" name="test_each_registered_type_accepts_a_synthetic_structural_example[counterexample.schema.json]" time="0.013" /><testcase classname="tests.v3.test_schema_catalog" name="test_each_registered_type_accepts_a_synthetic_structural_example[definition.schema.json]" time="0.006" /><testcase classname="tests.v3.test_schema_catalog" name="test_each_registered_type_accepts_a_synthetic_structural_example[dependency-binding.schema.json]" time="0.007" /><testcase classname="tests.v3.test_schema_catalog" name="test_each_registered_type_accepts_a_synthetic_structural_example[derived-claim.schema.json]" time="0.005" /><testcase classname="tests.v3.test_schema_catalog" name="test_each_registered_type_accepts_a_synthetic_structural_example[empirical-evidence.schema.json]" time="0.008" /><testcase classname="tests.v3.test_schema_catalog" name="test_each_registered_type_accepts_a_synthetic_structural_example[environment-check.schema.json]" time="0.010" /><testcase classname="tests.v3.test_schema_catalog" name="test_each_registered_type_accepts_a_synthetic_structural_example[evaluation-report.schema.json]" time="0.012" /><testcase classname="tests.v3.test_schema_catalog" name="test_each_registered_type_accepts_a_synthetic_structural_example[event-checkpoint.schema.json]" time="0.011" /><testcase classname="tests.v3.test_schema_catalog" name="test_each_registered_type_accepts_a_synthetic_structural_example[event.schema.json]" time="0.010" /><testcase classname="tests.v3.test_schema_catalog" name="test_each_registered_type_accepts_a_synthetic_structural_example[evidence-protocol.schema.json]" time="0.020" /><testcase classname="tests.v3.test_schema_catalog" name="test_each_registered_type_accepts_a_synthetic_structural_example[formal-check.schema.json]" time="0.010" /><testcase classname="tests.v3.test_schema_catalog" name="test_each_registered_type_accepts_a_synthetic_structural_example[formal-environment.schema.json]" time="0.008" /><testcase classname="tests.v3.test_schema_catalog" name="test_each_registered_type_accepts_a_synthetic_structural_example[formalization-attempt.schema.json]" time="0.007" /><testcase classname="tests.v3.test_schema_catalog" name="test_each_registered_type_accepts_a_synthetic_structural_example[formalization-packet.schema.json]" time="0.008" /><testcase classname="tests.v3.test_schema_catalog" name="test_each_registered_type_accepts_a_synthetic_structural_example[frontier-item.schema.json]" time="0.009" /><testcase classname="tests.v3.test_schema_catalog" name="test_each_registered_type_accepts_a_synthetic_structural_example[frozen-scope.schema.json]" time="0.006" /><testcase classname="tests.v3.test_schema_catalog" name="test_each_registered_type_accepts_a_synthetic_structural_example[impact-analysis.schema.json]" time="0.011" /><testcase classname="tests.v3.test_schema_catalog" name="test_each_registered_type_accepts_a_synthetic_structural_example[inference-step.schema.json]" time="0.007" /><testcase classname="tests.v3.test_schema_catalog" name="test_each_registered_type_accepts_a_synthetic_structural_example[ingestion-receipt.schema.json]" time="0.011" /><testcase classname="tests.v3.test_schema_catalog" name="test_each_registered_type_accepts_a_synthetic_structural_example[inventory-discovery.schema.json]" time="0.010" /><testcase classname="tests.v3.test_schema_catalog" name="test_each_registered_type_accepts_a_synthetic_structural_example[knowledge-snapshot.schema.json]" time="0.010" /><testcase classname="tests.v3.test_schema_catalog" name="test_each_registered_type_accepts_a_synthetic_structural_example[legacy-binding.schema.json]" time="0.011" /><testcase classname="tests.v3.test_schema_catalog" name="test_each_registered_type_accepts_a_synthetic_structural_example[math-claim.schema.json]" time="0.007" /><testcase classname="tests.v3.test_schema_catalog" name="test_each_registered_type_accepts_a_synthetic_structural_example[obligation-disposition.schema.json]" time="0.005" /><testcase classname="tests.v3.test_schema_catalog" name="test_each_registered_type_accepts_a_synthetic_structural_example[paper-release.schema.json]" time="0.010" /><testcase classname="tests.v3.test_schema_catalog" name="test_each_registered_type_accepts_a_synthetic_structural_example[paper-structure.schema.json]" time="0.004" /><testcase classname="tests.v3.test_schema_catalog" name="test_each_registered_type_accepts_a_synthetic_structural_example[processing-profile.schema.json]" time="0.004" /><testcase classname="tests.v3.test_schema_catalog" name="test_each_registered_type_accepts_a_synthetic_structural_example[proof-plan.schema.json]" time="0.006" /><testcase classname="tests.v3.test_schema_catalog" name="test_each_registered_type_accepts_a_synthetic_structural_example[query-receipt.schema.json]" time="0.011" /><testcase classname="tests.v3.test_schema_catalog" name="test_each_registered_type_accepts_a_synthetic_structural_example[relation-assessment.schema.json]" time="0.010" /><testcase classname="tests.v3.test_schema_catalog" name="test_each_registered_type_accepts_a_synthetic_structural_example[release-audit.schema.json]" time="0.011" /><testcase classname="tests.v3.test_schema_catalog" name="test_each_registered_type_accepts_a_synthetic_structural_example[release-certificate.schema.json]" time="0.010" /><testcase classname="tests.v3.test_schema_catalog" name="test_each_registered_type_accepts_a_synthetic_structural_example[release-manifest.schema.json]" time="0.010" /><testcase classname="tests.v3.test_schema_catalog" name="test_each_registered_type_accepts_a_synthetic_structural_example[reproduction-record.schema.json]" time="0.010" /><testcase classname="tests.v3.test_schema_catalog" name="test_each_registered_type_accepts_a_synthetic_structural_example[reuse-decision.schema.json]" time="0.011" /><testcase classname="tests.v3.test_schema_catalog" name="test_each_registered_type_accepts_a_synthetic_structural_example[revision-record.schema.json]" time="0.012" /><testcase classname="tests.v3.test_schema_catalog" name="test_each_registered_type_accepts_a_synthetic_structural_example[scientific-claim.schema.json]" time="0.006" /><testcase classname="tests.v3.test_schema_catalog" name="test_each_registered_type_accepts_a_synthetic_structural_example[scope-decision.schema.json]" time="0.005" /><testcase classname="tests.v3.test_schema_catalog" name="test_each_registered_type_accepts_a_synthetic_structural_example[semantic-context.schema.json]" time="0.006" /><testcase classname="tests.v3.test_schema_catalog" name="test_each_registered_type_accepts_a_synthetic_structural_example[source-acquisition.schema.json]" time="0.012" /><testcase classname="tests.v3.test_schema_catalog" name="test_each_registered_type_accepts_a_synthetic_structural_example[source-request.schema.json]" time="0.012" /><testcase classname="tests.v3.test_schema_catalog" name="test_each_registered_type_accepts_a_synthetic_structural_example[source-snapshot.schema.json]" time="0.005" /><testcase classname="tests.v3.test_schema_catalog" name="test_each_registered_type_accepts_a_synthetic_structural_example[source-span.schema.json]" time="0.005" /><testcase classname="tests.v3.test_schema_catalog" name="test_each_registered_type_accepts_a_synthetic_structural_example[source-transformation.schema.json]" time="0.005" /><testcase classname="tests.v3.test_schema_catalog" name="test_each_registered_type_accepts_a_synthetic_structural_example[status-view.schema.json]" time="0.008" /><testcase classname="tests.v3.test_schema_catalog" name="test_each_registered_type_accepts_a_synthetic_structural_example[upstream-import.schema.json]" time="0.007" /><testcase classname="tests.v3.test_schema_catalog" name="test_each_registered_type_accepts_a_synthetic_structural_example[work-attempt.schema.json]" time="0.008" /><testcase classname="tests.v3.test_schema_catalog" name="test_each_registered_type_accepts_a_synthetic_structural_example[work-completion.schema.json]" time="0.012" /><testcase classname="tests.v3.test_schema_catalog" name="test_every_record_rejects_unknown_fields_at_each_populated_object[admission-decision.schema.json]" time="0.016" /><testcase classname="tests.v3.test_schema_catalog" name="test_every_record_rejects_unknown_fields_at_each_populated_object[agentization-plan.schema.json]" time="0.006" /><testcase classname="tests.v3.test_schema_catalog" name="test_every_record_rejects_unknown_fields_at_each_populated_object[alignment-assessment.schema.json]" time="0.014" /><testcase classname="tests.v3.test_schema_catalog" name="test_every_record_rejects_unknown_fields_at_each_populated_object[archive-receipt.schema.json]" time="0.007" /><testcase classname="tests.v3.test_schema_catalog" name="test_every_record_rejects_unknown_fields_at_each_populated_object[argument-node.schema.json]" time="0.004" /><testcase classname="tests.v3.test_schema_catalog" name="test_every_record_rejects_unknown_fields_at_each_populated_object[argument-review.schema.json]" time="0.011" /><testcase classname="tests.v3.test_schema_catalog" name="test_every_record_rejects_unknown_fields_at_each_populated_object[argument-snapshot.schema.json]" time="0.012" /><testcase classname="tests.v3.test_schema_catalog" name="test_every_record_rejects_unknown_fields_at_each_populated_object[assumption-context.schema.json]" time="0.006" /><testcase classname="tests.v3.test_schema_catalog" name="test_every_record_rejects_unknown_fields_at_each_populated_object[authority-policy.schema.json]" time="0.003" /><testcase classname="tests.v3.test_schema_catalog" name="test_every_record_rejects_unknown_fields_at_each_populated_object[axis-assessment.schema.json]" time="0.010" /><testcase classname="tests.v3.test_schema_catalog" name="test_every_record_rejects_unknown_fields_at_each_populated_object[backtranslation.schema.json]" time="0.009" /><testcase classname="tests.v3.test_schema_catalog" name="test_every_record_rejects_unknown_fields_at_each_populated_object[baseline-snapshot.schema.json]" time="0.003" /><testcase classname="tests.v3.test_schema_catalog" name="test_every_record_rejects_unknown_fields_at_each_populated_object[challenge-disposition.schema.json]" time="0.009" /><testcase classname="tests.v3.test_schema_catalog" name="test_every_record_rejects_unknown_fields_at_each_populated_object[challenge.schema.json]" time="0.005" /><testcase classname="tests.v3.test_schema_catalog" name="test_every_record_rejects_unknown_fields_at_each_populated_object[claim-component-map.schema.json]" time="0.010" /><testcase classname="tests.v3.test_schema_catalog" name="test_every_record_rejects_unknown_fields_at_each_populated_object[contribution-delta.schema.json]" time="0.012" /><testcase classname="tests.v3.test_schema_catalog" name="test_every_record_rejects_unknown_fields_at_each_populated_object[counterexample.schema.json]" time="0.008" /><testcase classname="tests.v3.test_schema_catalog" name="test_every_record_rejects_unknown_fields_at_each_populated_object[definition.schema.json]" time="0.005" /><testcase classname="tests.v3.test_schema_catalog" name="test_every_record_rejects_unknown_fields_at_each_populated_object[dependency-binding.schema.json]" time="0.009" /><testcase classname="tests.v3.test_schema_catalog" name="test_every_record_rejects_unknown_fields_at_each_populated_object[derived-claim.schema.json]" time="0.003" /><testcase classname="tests.v3.test_schema_catalog" name="test_every_record_rejects_unknown_fields_at_each_populated_object[empirical-evidence.schema.json]" time="0.007" /><testcase classname="tests.v3.test_schema_catalog" name="test_every_record_rejects_unknown_fields_at_each_populated_object[environment-check.schema.json]" time="0.011" /><testcase classname="tests.v3.test_schema_catalog" name="test_every_record_rejects_unknown_fields_at_each_populated_object[evaluation-report.schema.json]" time="0.011" /><testcase classname="tests.v3.test_schema_catalog" name="test_every_record_rejects_unknown_fields_at_each_populated_object[event-checkpoint.schema.json]" time="0.006" /><testcase classname="tests.v3.test_schema_catalog" name="test_every_record_rejects_unknown_fields_at_each_populated_object[event.schema.json]" time="0.003" /><testcase classname="tests.v3.test_schema_catalog" name="test_every_record_rejects_unknown_fields_at_each_populated_object[evidence-protocol.schema.json]" time="0.011" /><testcase classname="tests.v3.test_schema_catalog" name="test_every_record_rejects_unknown_fields_at_each_populated_object[formal-check.schema.json]" time="0.016" /><testcase classname="tests.v3.test_schema_catalog" name="test_every_record_rejects_unknown_fields_at_each_populated_object[formal-environment.schema.json]" time="0.007" /><testcase classname="tests.v3.test_schema_catalog" name="test_every_record_rejects_unknown_fields_at_each_populated_object[formalization-attempt.schema.json]" time="0.006" /><testcase classname="tests.v3.test_schema_catalog" name="test_every_record_rejects_unknown_fields_at_each_populated_object[formalization-packet.schema.json]" time="0.017" /><testcase classname="tests.v3.test_schema_catalog" name="test_every_record_rejects_unknown_fields_at_each_populated_object[frontier-item.schema.json]" time="0.005" /><testcase classname="tests.v3.test_schema_catalog" name="test_every_record_rejects_unknown_fields_at_each_populated_object[frozen-scope.schema.json]" time="0.011" /><testcase classname="tests.v3.test_schema_catalog" name="test_every_record_rejects_unknown_fields_at_each_populated_object[impact-analysis.schema.json]" time="0.004" /><testcase classname="tests.v3.test_schema_catalog" name="test_every_record_rejects_unknown_fields_at_each_populated_object[inference-step.schema.json]" time="0.005" /><testcase classname="tests.v3.test_schema_catalog" name="test_every_record_rejects_unknown_fields_at_each_populated_object[ingestion-receipt.schema.json]" time="0.011" /><testcase classname="tests.v3.test_schema_catalog" name="test_every_record_rejects_unknown_fields_at_each_populated_object[inventory-discovery.schema.json]" time="0.009" /><testcase classname="tests.v3.test_schema_catalog" name="test_every_record_rejects_unknown_fields_at_each_populated_object[knowledge-snapshot.schema.json]" time="0.004" /><testcase classname="tests.v3.test_schema_catalog" name="test_every_record_rejects_unknown_fields_at_each_populated_object[legacy-binding.schema.json]" time="0.005" /><testcase classname="tests.v3.test_schema_catalog" name="test_every_record_rejects_unknown_fields_at_each_populated_object[math-claim.schema.json]" time="0.007" /><testcase classname="tests.v3.test_schema_catalog" name="test_every_record_rejects_unknown_fields_at_each_populated_object[obligation-disposition.schema.json]" time="0.005" /><testcase classname="tests.v3.test_schema_catalog" name="test_every_record_rejects_unknown_fields_at_each_populated_object[paper-release.schema.json]" time="0.009" /><testcase classname="tests.v3.test_schema_catalog" name="test_every_record_rejects_unknown_fields_at_each_populated_object[paper-structure.schema.json]" time="0.004" /><testcase classname="tests.v3.test_schema_catalog" name="test_every_record_rejects_unknown_fields_at_each_populated_object[processing-profile.schema.json]" time="0.005" /><testcase classname="tests.v3.test_schema_catalog" name="test_every_record_rejects_unknown_fields_at_each_populated_object[proof-plan.schema.json]" time="0.009" /><testcase classname="tests.v3.test_schema_catalog" name="test_every_record_rejects_unknown_fields_at_each_populated_object[query-receipt.schema.json]" time="0.005" /><testcase classname="tests.v3.test_schema_catalog" name="test_every_record_rejects_unknown_fields_at_each_populated_object[relation-assessment.schema.json]" time="0.015" /><testcase classname="tests.v3.test_schema_catalog" name="test_every_record_rejects_unknown_fields_at_each_populated_object[release-audit.schema.json]" time="0.014" /><testcase classname="tests.v3.test_schema_catalog" name="test_every_record_rejects_unknown_fields_at_each_populated_object[release-certificate.schema.json]" time="0.007" /><testcase classname="tests.v3.test_schema_catalog" name="test_every_record_rejects_unknown_fields_at_each_populated_object[release-manifest.schema.json]" time="0.016" /><testcase classname="tests.v3.test_schema_catalog" name="test_every_record_rejects_unknown_fields_at_each_populated_object[reproduction-record.schema.json]" time="0.020" /><testcase classname="tests.v3.test_schema_catalog" name="test_every_record_rejects_unknown_fields_at_each_populated_object[reuse-decision.schema.json]" time="0.020" /><testcase classname="tests.v3.test_schema_catalog" name="test_every_record_rejects_unknown_fields_at_each_populated_object[revision-record.schema.json]" time="0.011" /><testcase classname="tests.v3.test_schema_catalog" name="test_every_record_rejects_unknown_fields_at_each_populated_object[scientific-claim.schema.json]" time="0.009" /><testcase classname="tests.v3.test_schema_catalog" name="test_every_record_rejects_unknown_fields_at_each_populated_object[scope-decision.schema.json]" time="0.008" /><testcase classname="tests.v3.test_schema_catalog" name="test_every_record_rejects_unknown_fields_at_each_populated_object[semantic-context.schema.json]" time="0.007" /><testcase classname="tests.v3.test_schema_catalog" name="test_every_record_rejects_unknown_fields_at_each_populated_object[source-acquisition.schema.json]" time="0.005" /><testcase classname="tests.v3.test_schema_catalog" name="test_every_record_rejects_unknown_fields_at_each_populated_object[source-request.schema.json]" time="0.003" /><testcase classname="tests.v3.test_schema_catalog" name="test_every_record_rejects_unknown_fields_at_each_populated_object[source-snapshot.schema.json]" time="0.008" /><testcase classname="tests.v3.test_schema_catalog" name="test_every_record_rejects_unknown_fields_at_each_populated_object[source-span.schema.json]" time="0.008" /><testcase classname="tests.v3.test_schema_catalog" name="test_every_record_rejects_unknown_fields_at_each_populated_object[source-transformation.schema.json]" time="0.011" /><testcase classname="tests.v3.test_schema_catalog" name="test_every_record_rejects_unknown_fields_at_each_populated_object[status-view.schema.json]" time="0.005" /><testcase classname="tests.v3.test_schema_catalog" name="test_every_record_rejects_unknown_fields_at_each_populated_object[upstream-import.schema.json]" time="0.004" /><testcase classname="tests.v3.test_schema_catalog" name="test_every_record_rejects_unknown_fields_at_each_populated_object[work-attempt.schema.json]" time="0.007" /><testcase classname="tests.v3.test_schema_catalog" name="test_every_record_rejects_unknown_fields_at_each_populated_object[work-completion.schema.json]" time="0.006" /><testcase classname="tests.v3.test_schema_catalog" name="test_every_record_rejects_tampered_hash_and_unknown_discriminator[admission-decision.schema.json]" time="0.004" /><testcase classname="tests.v3.test_schema_catalog" name="test_every_record_rejects_tampered_hash_and_unknown_discriminator[agentization-plan.schema.json]" time="0.003" /><testcase classname="tests.v3.test_schema_catalog" name="test_every_record_rejects_tampered_hash_and_unknown_discriminator[alignment-assessment.schema.json]" time="0.004" /><testcase classname="tests.v3.test_schema_catalog" name="test_every_record_rejects_tampered_hash_and_unknown_discriminator[archive-receipt.schema.json]" time="0.003" /><testcase classname="tests.v3.test_schema_catalog" name="test_every_record_rejects_tampered_hash_and_unknown_discriminator[argument-node.schema.json]" time="0.002" /><testcase classname="tests.v3.test_schema_catalog" name="test_every_record_rejects_tampered_hash_and_unknown_discriminator[argument-review.schema.json]" time="0.003" /><testcase classname="tests.v3.test_schema_catalog" name="test_every_record_rejects_tampered_hash_and_unknown_discriminator[argument-snapshot.schema.json]" time="0.004" /><testcase classname="tests.v3.test_schema_catalog" name="test_every_record_rejects_tampered_hash_and_unknown_discriminator[assumption-context.schema.json]" time="0.002" /><testcase classname="tests.v3.test_schema_catalog" name="test_every_record_rejects_tampered_hash_and_unknown_discriminator[authority-policy.schema.json]" time="0.002" /><testcase classname="tests.v3.test_schema_catalog" name="test_every_record_rejects_tampered_hash_and_unknown_discriminator[axis-assessment.schema.json]" time="0.003" /><testcase classname="tests.v3.test_schema_catalog" name="test_every_record_rejects_tampered_hash_and_unknown_discriminator[backtranslation.schema.json]" time="0.003" /><testcase classname="tests.v3.test_schema_catalog" name="test_every_record_rejects_tampered_hash_and_unknown_discriminator[baseline-snapshot.schema.json]" time="0.002" /><testcase classname="tests.v3.test_schema_catalog" name="test_every_record_rejects_tampered_hash_and_unknown_discriminator[challenge-disposition.schema.json]" time="0.003" /><testcase classname="tests.v3.test_schema_catalog" name="test_every_record_rejects_tampered_hash_and_unknown_discriminator[challenge.schema.json]" time="0.002" /><testcase classname="tests.v3.test_schema_catalog" name="test_every_record_rejects_tampered_hash_and_unknown_discriminator[claim-component-map.schema.json]" time="0.003" /><testcase classname="tests.v3.test_schema_catalog" name="test_every_record_rejects_tampered_hash_and_unknown_discriminator[contribution-delta.schema.json]" time="0.004" /><testcase classname="tests.v3.test_schema_catalog" name="test_every_record_rejects_tampered_hash_and_unknown_discriminator[counterexample.schema.json]" time="0.003" /><testcase classname="tests.v3.test_schema_catalog" name="test_every_record_rejects_tampered_hash_and_unknown_discriminator[definition.schema.json]" time="0.002" /><testcase classname="tests.v3.test_schema_catalog" name="test_every_record_rejects_tampered_hash_and_unknown_discriminator[dependency-binding.schema.json]" time="0.003" /><testcase classname="tests.v3.test_schema_catalog" name="test_every_record_rejects_tampered_hash_and_unknown_discriminator[derived-claim.schema.json]" time="0.002" /><testcase classname="tests.v3.test_schema_catalog" name="test_every_record_rejects_tampered_hash_and_unknown_discriminator[empirical-evidence.schema.json]" time="0.003" /><testcase classname="tests.v3.test_schema_catalog" name="test_every_record_rejects_tampered_hash_and_unknown_discriminator[environment-check.schema.json]" time="0.003" /><testcase classname="tests.v3.test_schema_catalog" name="test_every_record_rejects_tampered_hash_and_unknown_discriminator[evaluation-report.schema.json]" time="0.003" /><testcase classname="tests.v3.test_schema_catalog" name="test_every_record_rejects_tampered_hash_and_unknown_discriminator[event-checkpoint.schema.json]" time="0.002" /><testcase classname="tests.v3.test_schema_catalog" name="test_every_record_rejects_tampered_hash_and_unknown_discriminator[event.schema.json]" time="0.002" /><testcase classname="tests.v3.test_schema_catalog" name="test_every_record_rejects_tampered_hash_and_unknown_discriminator[evidence-protocol.schema.json]" time="0.004" /><testcase classname="tests.v3.test_schema_catalog" name="test_every_record_rejects_tampered_hash_and_unknown_discriminator[formal-check.schema.json]" time="0.004" /><testcase classname="tests.v3.test_schema_catalog" name="test_every_record_rejects_tampered_hash_and_unknown_discriminator[formal-environment.schema.json]" time="0.003" /><testcase classname="tests.v3.test_schema_catalog" name="test_every_record_rejects_tampered_hash_and_unknown_discriminator[formalization-attempt.schema.json]" time="0.002" /><testcase classname="tests.v3.test_schema_catalog" name="test_every_record_rejects_tampered_hash_and_unknown_discriminator[formalization-packet.schema.json]" time="0.004" /><testcase classname="tests.v3.test_schema_catalog" name="test_every_record_rejects_tampered_hash_and_unknown_discriminator[frontier-item.schema.json]" time="0.002" /><testcase classname="tests.v3.test_schema_catalog" name="test_every_record_rejects_tampered_hash_and_unknown_discriminator[frozen-scope.schema.json]" time="0.003" /><testcase classname="tests.v3.test_schema_catalog" name="test_every_record_rejects_tampered_hash_and_unknown_discriminator[impact-analysis.schema.json]" time="0.002" /><testcase classname="tests.v3.test_schema_catalog" name="test_every_record_rejects_tampered_hash_and_unknown_discriminator[inference-step.schema.json]" time="0.002" /><testcase classname="tests.v3.test_schema_catalog" name="test_every_record_rejects_tampered_hash_and_unknown_discriminator[ingestion-receipt.schema.json]" time="0.003" /><testcase classname="tests.v3.test_schema_catalog" name="test_every_record_rejects_tampered_hash_and_unknown_discriminator[inventory-discovery.schema.json]" time="0.003" /><testcase classname="tests.v3.test_schema_catalog" name="test_every_record_rejects_tampered_hash_and_unknown_discriminator[knowledge-snapshot.schema.json]" time="0.002" /><testcase classname="tests.v3.test_schema_catalog" name="test_every_record_rejects_tampered_hash_and_unknown_discriminator[legacy-binding.schema.json]" time="0.003" /><testcase classname="tests.v3.test_schema_catalog" name="test_every_record_rejects_tampered_hash_and_unknown_discriminator[math-claim.schema.json]" time="0.003" /><testcase classname="tests.v3.test_schema_catalog" name="test_every_record_rejects_tampered_hash_and_unknown_discriminator[obligation-disposition.schema.json]" time="0.002" /><testcase classname="tests.v3.test_schema_catalog" name="test_every_record_rejects_tampered_hash_and_unknown_discriminator[paper-release.schema.json]" time="0.003" /><testcase classname="tests.v3.test_schema_catalog" name="test_every_record_rejects_tampered_hash_and_unknown_discriminator[paper-structure.schema.json]" time="0.004" /><testcase classname="tests.v3.test_schema_catalog" name="test_every_record_rejects_tampered_hash_and_unknown_discriminator[processing-profile.schema.json]" time="0.005" /><testcase classname="tests.v3.test_schema_catalog" name="test_every_record_rejects_tampered_hash_and_unknown_discriminator[proof-plan.schema.json]" time="0.006" /><testcase classname="tests.v3.test_schema_catalog" name="test_every_record_rejects_tampered_hash_and_unknown_discriminator[query-receipt.schema.json]" time="0.003" /><testcase classname="tests.v3.test_schema_catalog" name="test_every_record_rejects_tampered_hash_and_unknown_discriminator[relation-assessment.schema.json]" time="0.004" /><testcase classname="tests.v3.test_schema_catalog" name="test_every_record_rejects_tampered_hash_and_unknown_discriminator[release-audit.schema.json]" time="0.004" /><testcase classname="tests.v3.test_schema_catalog" name="test_every_record_rejects_tampered_hash_and_unknown_discriminator[release-certificate.schema.json]" time="0.003" /><testcase classname="tests.v3.test_schema_catalog" name="test_every_record_rejects_tampered_hash_and_unknown_discriminator[release-manifest.schema.json]" time="0.004" /><testcase classname="tests.v3.test_schema_catalog" name="test_every_record_rejects_tampered_hash_and_unknown_discriminator[reproduction-record.schema.json]" time="0.005" /><testcase classname="tests.v3.test_schema_catalog" name="test_every_record_rejects_tampered_hash_and_unknown_discriminator[reuse-decision.schema.json]" time="0.004" /><testcase classname="tests.v3.test_schema_catalog" name="test_every_record_rejects_tampered_hash_and_unknown_discriminator[revision-record.schema.json]" time="0.004" /><testcase classname="tests.v3.test_schema_catalog" name="test_every_record_rejects_tampered_hash_and_unknown_discriminator[scientific-claim.schema.json]" time="0.003" /><testcase classname="tests.v3.test_schema_catalog" name="test_every_record_rejects_tampered_hash_and_unknown_discriminator[scope-decision.schema.json]" time="0.003" /><testcase classname="tests.v3.test_schema_catalog" name="test_every_record_rejects_tampered_hash_and_unknown_discriminator[semantic-context.schema.json]" time="0.003" /><testcase classname="tests.v3.test_schema_catalog" name="test_every_record_rejects_tampered_hash_and_unknown_discriminator[source-acquisition.schema.json]" time="0.002" /><testcase classname="tests.v3.test_schema_catalog" name="test_every_record_rejects_tampered_hash_and_unknown_discriminator[source-request.schema.json]" time="0.002" /><testcase classname="tests.v3.test_schema_catalog" name="test_every_record_rejects_tampered_hash_and_unknown_discriminator[source-snapshot.schema.json]" time="0.003" /><testcase classname="tests.v3.test_schema_catalog" name="test_every_record_rejects_tampered_hash_and_unknown_discriminator[source-span.schema.json]" time="0.003" /><testcase classname="tests.v3.test_schema_catalog" name="test_every_record_rejects_tampered_hash_and_unknown_discriminator[source-transformation.schema.json]" time="0.003" /><testcase classname="tests.v3.test_schema_catalog" name="test_every_record_rejects_tampered_hash_and_unknown_discriminator[status-view.schema.json]" time="0.003" /><testcase classname="tests.v3.test_schema_catalog" name="test_every_record_rejects_tampered_hash_and_unknown_discriminator[upstream-import.schema.json]" time="0.003" /><testcase classname="tests.v3.test_schema_catalog" name="test_every_record_rejects_tampered_hash_and_unknown_discriminator[work-attempt.schema.json]" time="0.003" /><testcase classname="tests.v3.test_schema_catalog" name="test_every_record_rejects_tampered_hash_and_unknown_discriminator[work-completion.schema.json]" time="0.002" /><testcase classname="tests.v3.test_schema_catalog" name="test_every_record_requires_its_envelope_payload_and_exact_discriminator[admission-decision.schema.json]" time="0.005" /><testcase classname="tests.v3.test_schema_catalog" name="test_every_record_requires_its_envelope_payload_and_exact_discriminator[agentization-plan.schema.json]" time="0.004" /><testcase classname="tests.v3.test_schema_catalog" name="test_every_record_requires_its_envelope_payload_and_exact_discriminator[alignment-assessment.schema.json]" time="0.005" /><testcase classname="tests.v3.test_schema_catalog" name="test_every_record_requires_its_envelope_payload_and_exact_discriminator[archive-receipt.schema.json]" time="0.004" /><testcase classname="tests.v3.test_schema_catalog" name="test_every_record_requires_its_envelope_payload_and_exact_discriminator[argument-node.schema.json]" time="0.003" /><testcase classname="tests.v3.test_schema_catalog" name="test_every_record_requires_its_envelope_payload_and_exact_discriminator[argument-review.schema.json]" time="0.005" /><testcase classname="tests.v3.test_schema_catalog" name="test_every_record_requires_its_envelope_payload_and_exact_discriminator[argument-snapshot.schema.json]" time="0.007" /><testcase classname="tests.v3.test_schema_catalog" name="test_every_record_requires_its_envelope_payload_and_exact_discriminator[assumption-context.schema.json]" time="0.003" /><testcase classname="tests.v3.test_schema_catalog" name="test_every_record_requires_its_envelope_payload_and_exact_discriminator[authority-policy.schema.json]" time="0.003" /><testcase classname="tests.v3.test_schema_catalog" name="test_every_record_requires_its_envelope_payload_and_exact_discriminator[axis-assessment.schema.json]" time="0.008" /><testcase classname="tests.v3.test_schema_catalog" name="test_every_record_requires_its_envelope_payload_and_exact_discriminator[backtranslation.schema.json]" time="0.004" /><testcase classname="tests.v3.test_schema_catalog" name="test_every_record_requires_its_envelope_payload_and_exact_discriminator[baseline-snapshot.schema.json]" time="0.003" /><testcase classname="tests.v3.test_schema_catalog" name="test_every_record_requires_its_envelope_payload_and_exact_discriminator[challenge-disposition.schema.json]" time="0.004" /><testcase classname="tests.v3.test_schema_catalog" name="test_every_record_requires_its_envelope_payload_and_exact_discriminato
[...]
x00\x00\x00\x00\x00\x00\x00\x00\x00\x00\x00\x00\x00\x00\x00\x00\x00\x00\x00\x00\x00\x00\x00\x00\x00\x00\x00\x00\x00\x00\x00\x00\x00\x00\x00\x00\x00\x00\x00\x00\x00\x00\x00\x00\x00\x00\x00\x00\x00\x00\x00\x00\x00\x00\x00\x00\x00\x00\x00\x00\x00\x00\x00\x00\x00\x00\x00\x00\x00\x00\x00\x00\x00\x00\x00\x00\x00\x00\x00\x00\x00\x00\x00\x00\x00\x00\x00\x00\x00\x00\x00\x00\x00\x00\x00\x00\x00\x00\x00\x00\x00\x00\x00\x00\x00\x00\x00\x00\x00\x00\x00\x00\x00\x00\x00\x00\x00\x00\x00\x00\x00\x00\x00\x00\x00\x00\x00\x00\x00\x00\x00\x00\x00\x00\x00\x00\x00\x00\x00\x00\x00\x00\x00\x00\x00\x00\x00\x00\x00\x00\x00\x00\x00\x00\x00\x00\x00\x00\x00\x00\x00\x00\x00\x00\x00\x00\x00\x00\x00\x00\x00\x00\x00\x00\x00\x00\x00\x00\x00\x00\x00\x00\x00\x00\x00\x00\x00\x00\x00\x00\x00\x00\x00\x00\x00\x00\x00\x00\x00\x00\x00\x00\x00\x00\x00\x00\x00\x00\x00\x00\x00\x00\x00\x00\x00\x00\x00\x00\x00\x00\x00\x00\x00\x00\x00\x00\x00\x00\x00\x00\x00\x00\x00\x00\x00\x00\x00\x00\x00\x00\x00\x00\x00\x00\x00\x00\x00\x00\x00\x00\x00\x00\x00\x00\x00\x00\x00\x00\x00\x00\x00\x00\x00\x00\x00\x00\x00\x00\x00\x00\x00\x00\x00\x00\x00\x00\x00\x00\x00\x00\x00\x00\x00\x00\x00\x00\x00\x00\x00\x00\x00\x00\x00\x00\x00\x00\x00\x00\x00\x00\x00\x00\x00\x00\x00\x00\x00\x00\x00\x00\x00\x00\x00\x00\x00\x00\x00\x00\x00\x00\x00\x00\x00\x00\x00\x00\x00\x00\x00\x00\x00\x00\x00\x00\x00\x00\x00\x00\x00\x00\x00\x00\x00\x00\x00\x00\x00\x00\x00\x00\x00\x00\x00\x00\x00\x00\x00\x00\x00\x00\x00\x00\x00\x00\x00\x00\x00\x00\x00\x00\x00\x00\x00\x00\x00\x00\x00\x00\x00\x00\x00\x00\x00\x00\x00\x00\x00\x00\x00\x00\x00\x00\x00\x00\x00\x00\x00\x00\x00\x00\x00\x00\x00\x00\x00\x00\x00\x00\x00\x00\x00\x00\x00\x00\x00\x00\x00\x00\x00\x00\x00\x00\x00\x00\x00\x00\x00\x00\x00\x00\x00\x00\x00\x00\x00\x00\x00\x00\x00\x00\x00\x00\x00\x00\x00\x00\x00\x00\x00\x00\x00\x00\x00\x00\x00\x00\x00\x00\x00\x00\x00\x00\x00\x00\x00\x00\x00\x00\x00\x00\x00\x00\x00\x00\x00\x00\x00\x00\x00\x00\x00\x00\x00\x00\x00\x00\x00\x00\x00\x00\x00\x00\x00\x00\x00\x00\x00\x00\x00\x00\x00\x00\x00\x00\x00\x00\x00\x00\x00\x00\x00\x00\x00\x00\x00\x00\x00\x00\x00\x00\x00\x00\x00\x00\x00\x00\x00\x00\x00\x00\x00\x00\x00\x00\x00\x00\x00\x00\x00\x00\x00\x00\x00\x00\x00\x00\x00\x00\x00\x00\x00\x00\x00\x00\x00\x00\x00\x00\x00\x00\x00\x00\x00\x00\x00\x00\x00\x00\x00\x00\x00\x00\x00\x00\x00\x00\x00\x00\x00\x00\x00\x00\x00\x00\x00\x00\x00\x00\x00\x00\x00\x00\x00\x00\x00\x00\x00\x00\x00\x00\x00\x00\x00\x00\x00\x00\x00\x00\x00\x00\x00\x00\x00\x00\x00\x00\x00\x00\x00\x00\x00\x00\x00\x00\x00\x00\x00\x00\x00\x00\x00\x00\x00\x00\x00\x00\x00\x00\x00\x00\x00\x00\x00\x00\x00\x00\x00\x00\x00\x00\x00\x00\x00\x00\x00\x00\x00\x00\x00\x00\x00\x00\x00\x00\x00\x00\x00\x00\x00\x00\x00\x00\x00\x00\x00\x00\x00\x00\x00\x00\x00\x00\x00\x00\x00\x00\x00\x00\x00\x00\x00\x00\x00\x00\x00\x00\x00\x00\x00\x00\x00\x00\x00\x00\x00\x00\x00\x00\x00\x00\x00\x00\x00\x00\x00\x00\x00\x00\x00\x00\x00\x00\x00\x00\x00\x00\x00\x00\x00\x00\x00\x00\x00\x00\x00\x00\x00\x00\x00\x00\x00\x00\x00\x00\x00\x00\x00\x00\x00\x00\x00\x00\x00\x00\x00\x00\x00\x00\x00\x00\x00\x00\x00\x00\x00\x00\x00\x00\x00\x00\x00\x00\x00\x00\x00\x00\x00\x00\x00\x00\x00\x00\x00\x00\x00\x00\x00\x00\x00\x00\x00\x00\x00\x00\x00\x00\x00\x00\x00\x00\x00\x00\x00\x00\x00\x00\x00\x00\x00\x00\x00\x00\x00\x00\x00\x00\x00\x00\x00\x00\x00\x00\x00\x00\x00\x00\x00\x00\x00\x00\x00\x00\x00\x00\x00\x00\x00\x00\x00\x00\x00\x00\x00\x00\x00\x00\x00\x00\x00\x00\x00\x00\x00\x00\x00\x00\x00\x00\x00\x00\x00\x00\x00\x00\x00\x00\x00\x00\x00\x00\x00\x00\x00\x00\x00\x00\x00\x00\x00\x00\x00\x00\x00\x00\x00\x00\x00\x00\x00\x00\x00\x00\x00\x00\x00\x00\x00\x00\x00\x00\x00\x00\x00\x00\x00\x00\x00\x00\x00\x00\x00\x00\x00\x00\x00\x00\x00\x00\x00\x00\x00\x00\x00\x00\x00\x00\x00\x00\x00\x00\x00\x00\x00\x00\x00\x00\x00\x00\x00\x00\x00\x00\x00\x00\x00\x00\x00\x00\x00\x00\x00\x00\x00\x00\x00\x00\x00\x00\x00\x00\x00\x00\x00\x00\x00\x00\x00\x00\x00\x00\x00\x00\x00\x00\x00\x00\x00\x00\x00\x00\x00\x00\x00\x00\x00\x00\x00\x00\x00\x00\x00\x00\x00\x00\x00\x00\x00\x00\x00\x00\x00\x00\x00\x00\x00\x00\x00\x00\x00\x00\x00\x00\x00\x00\x00\x00\x00\x00\x00\x00\x00\x00\x00\x00\x00\x00\x00\x00\x00\x00\x00\x00\x00\x00\x00\x00\x00\x00\x00\x00\x00\x00\x00\x00\x00\x00\x00\x00\x00\x00\x00\x00\x00\x00\x00\x00\x00\x00\x00\x00\x00\x00\x00\x00\x00\x00\x00\x00\x00\x00\x00\x00\x00\x00\x00\x00\x00\x00\x00\x00\x00\x00\x00\x00\x00\x00\x00\x00\x00\x00\x00\x00\x00\x00\x00\x00\x00\x00\x00\x00\x00\x00\x00\x00\x00\x00\x00\x00\x00\x00\x00\x00\x00\x00\x00\x00\x00\x00\x00\x00\x00\x00\x00\x00\x00\x00\x00\x00\x00\x00\x00\x00\x00\x00\x00\x00\x00\x00\x00\x00\x00\x00\x00\x00\x00\x00\x00\x00\x00\x00\x00\x00\x00\x00\x00\x00\x00\x00\x00\x00\x00\x00\x00\x00\x00\x00\x00\x00\x00\x00\x00\x00\x00\x00\x00\x00\x00\x00\x00\x00\x00\x00\x00\x00\x00\x00\x00\x00\x00]" time="0.002" /><testcase classname="tests.v3.test_source" name="test_invalid_or_empty_archives_leave_no_partial_output[\x1f\x8b\x08\x00|\x13\x9fj\x02\xffK*\xca\xcfN\xcd\x03\x00t\xac\xab]" time="0.001" /><testcase classname="tests.v3.test_source" name="test_existing_destination_and_symlink_are_never_replaced" time="0.001" /><testcase classname="tests.v3.test_source" name="test_concurrent_destination_creation_cannot_be_overwritten" time="0.001" /><testcase classname="tests.v3.test_source" name="test_span_coordinates_are_original_bytes_not_unicode_characters" time="0.000" /><testcase classname="tests.v3.test_source" name="test_static_include_graph_uses_main_and_ignores_comments_and_unused_files" time="0.000" /><testcase classname="tests.v3.test_source" name="test_includes_resolve_against_explicit_tex_working_directory" time="0.000" /><testcase classname="tests.v3.test_source" name="test_literal_nested_conditionals_and_endinput_are_not_claimed_active" time="0.000" /><testcase classname="tests.v3.test_source" name="test_escaped_percent_and_verbatim_do_not_create_false_includes" time="0.000" /><testcase classname="tests.v3.test_source" name="test_opaque_tex_prevents_false_activity_certainty[\newcommand{\load}{\input{body}}-OPAQUE_TEX]" time="0.000" /><testcase classname="tests.v3.test_source" name="test_opaque_tex_prevents_false_activity_certainty[\usepackage{custom}-OPAQUE_TEX]" time="0.000" /><testcase classname="tests.v3.test_source" name="test_opaque_tex_prevents_false_activity_certainty[\includeonly{body}-OPAQUE_TEX]" time="0.000" /><testcase classname="tests.v3.test_source" name="test_opaque_tex_prevents_false_activity_certainty[\ifdefined\choice-CONDITIONAL_UNKNOWN]" time="0.000" /><testcase classname="tests.v3.test_source" name="test_opaque_tex_prevents_false_activity_certainty[\load-UNKNOWN_COMMAND]" time="0.000" /><testcase classname="tests.v3.test_source" name="test_included_macro_context_can_affect_later_parent_input" time="0.000" /><testcase classname="tests.v3.test_source" name="test_definition_body_conditionals_never_create_false_inactive_labels" time="0.000" /><testcase classname="tests.v3.test_source" name="test_custom_verbatim_or_comment_environments_require_review" time="0.000" /><testcase classname="tests.v3.test_source" name="test_unclosed_verbatim_preserves_parse_blockers[\verb|unfinished]" time="0.000" /><testcase classname="tests.v3.test_source" name="test_unclosed_verbatim_preserves_parse_blockers[\begin{verbatim}unfinished]" time="0.000" /><testcase classname="tests.v3.test_source" name="test_unclosed_verbatim_preserves_parse_blockers[\verb\n]" time="0.000" /><testcase classname="tests.v3.test_source" name="test_included_non_tex_extension_cannot_be_silently_treated_as_parsed" time="0.000" /><testcase classname="tests.v3.test_source" name="test_unresolvable_sources_preserve_explicit_blockers[\input{missing}-MISSING_INCLUDE]" time="0.000" /><testcase classname="tests.v3.test_source" name="test_unresolvable_sources_preserve_explicit_blockers[\input{\filename}-UNRESOLVED_INCLUDE]" time="0.000" /><testcase classname="tests.v3.test_source" name="test_unresolvable_sources_preserve_explicit_blockers[\input{body-UNRESOLVED_INCLUDE]" time="0.000" /><testcase classname="tests.v3.test_source" name="test_unresolvable_sources_preserve_explicit_blockers[\input{../outside}-UNSAFE_INCLUDE_PATH]" time="0.000" /><testcase classname="tests.v3.test_source" name="test_unresolvable_sources_preserve_explicit_blockers[\else\input{body}-UNBALANCED_CONDITIONAL]" time="0.000" /><testcase classname="tests.v3.test_source" name="test_unresolvable_sources_preserve_explicit_blockers[\xff\input{body}-UNSUPPORTED_ENCODING]" time="0.000" /><testcase classname="tests.v3.test_source" name="test_cycles_are_reported_without_recursive_execution" time="0.000" /><testcase classname="tests.v3.test_source" name="test_source_map_validation_and_limits_fail_closed" time="0.000" /><testcase classname="tests.v3.test_storage" name="test_exact_persistence_reopen_detachment_and_retry" time="0.718" /><testcase classname="tests.v3.test_storage" name="test_revisions_remain_exact_without_latest_alias" time="0.276" /><testcase classname="tests.v3.test_storage" name="test_overwrites_and_duplicate_candidates_rejected" time="0.198" /><testcase classname="tests.v3.test_storage" name="test_unsealed_record_and_wrong_artifact_hash" time="0.291" /><testcase classname="tests.v3.test_storage" name="test_unknown_dependencies_rollback_records_and_artifacts" time="0.050" /><testcase classname="tests.v3.test_storage" name="test_late_sql_failure_rolls_back_whole_bundle" time="0.217" /><testcase classname="tests.v3.test_storage" name="test_sql_immutable_guards" time="0.169" /><testcase classname="tests.v3.test_storage" name="test_cas_historical_queries_and_readonly_head" time="0.887" /><testcase classname="tests.v3.test_storage" name="test_stale_cas_rolls_back_all_new_objects" time="0.395" /><testcase classname="tests.v3.test_storage" name="test_concurrent_connections_have_one_cas_winner" time="0.417" /><testcase classname="tests.v3.test_storage" name="test_no_admission_from_candidate_storage_or_nonempty_genesis" time="0.276" /><testcase classname="tests.v3.test_storage" name="test_caller_authority_is_checked_not_inferred_or_cached" time="0.416" /><testcase classname="tests.v3.test_storage" name="test_invalid_cas_target_and_wrong_predecessor" time="0.380" /><testcase classname="tests.v3.test_storage" name="test_historical_admitted_records_still_query_as_provisional" time="3.214" /><testcase classname="tests.v3.test_storage" name="test_raw_provenance_labels_are_never_rewritten" time="0.003" /><testcase classname="tests.v3.test_storage" name="test_schema_binding_and_read_integrity_fail_closed" time="0.173" /><testcase classname="tests.v3.test_storage" name="test_query_retains_transitive_conflicts_and_opposing_endpoints[False-CONFLICTING]" time="1.691" /><testcase classname="tests.v3.test_storage" name="test_query_retains_transitive_conflicts_and_opposing_endpoints[False-INCOMPARABLE]" time="1.644" /><testcase classname="tests.v3.test_storage" name="test_query_retains_transitive_conflicts_and_opposing_endpoints[False-CORRECTS]" time="1.627" /><testcase classname="tests.v3.test_storage" name="test_query_retains_transitive_conflicts_and_opposing_endpoints[False-QUALIFIES]" time="1.626" /><testcase classname="tests.v3.test_storage" name="test_query_retains_transitive_conflicts_and_opposing_endpoints[False-REFUTES]" time="1.635" /><testcase classname="tests.v3.test_storage" name="test_query_retains_transitive_conflicts_and_opposing_endpoints[True-CONFLICTING]" time="1.624" /><testcase classname="tests.v3.test_storage" name="test_query_retains_transitive_conflicts_and_opposing_endpoints[True-INCOMPARABLE]" time="1.655" /><testcase classname="tests.v3.test_storage" name="test_query_retains_transitive_conflicts_and_opposing_endpoints[True-CORRECTS]" time="1.628" /><testcase classname="tests.v3.test_storage" name="test_query_retains_transitive_conflicts_and_opposing_endpoints[True-QUALIFIES]" time="1.638" /><testcase classname="tests.v3.test_storage" name="test_query_retains_transitive_conflicts_and_opposing_endpoints[True-REFUTES]" time="1.629" /><testcase classname="tests.v3.test_storage" name="test_all_public_record_references_reject_numeric_coercion[resolve-True]" time="1.207" /><testcase classname="tests.v3.test_storage" name="test_all_public_record_references_reject_numeric_coercion[resolve-1.0]" time="1.210" /><testcase classname="tests.v3.test_storage" name="test_all_public_record_references_reject_numeric_coercion[query_snapshot-True]" time="1.202" /><testcase classname="tests.v3.test_storage" name="test_all_public_record_references_reject_numeric_coercion[query_snapshot-1.0]" time="1.202" /><testcase classname="tests.v3.test_storage" name="test_all_public_record_references_reject_numeric_coercion[query_selection-True]" time="1.202" /><testcase classname="tests.v3.test_storage" name="test_all_public_record_references_reject_numeric_coercion[query_selection-1.0]" time="1.200" /><testcase classname="tests.v3.test_storage" name="test_all_public_record_references_reject_numeric_coercion[cas_expected-True]" time="1.198" /><testcase classname="tests.v3.test_storage" name="test_all_public_record_references_reject_numeric_coercion[cas_expected-1.0]" time="1.200" /><testcase classname="tests.v3.test_storage" name="test_all_public_record_references_reject_numeric_coercion[cas_snapshot-True]" time="1.199" /><testcase classname="tests.v3.test_storage" name="test_all_public_record_references_reject_numeric_coercion[cas_snapshot-1.0]" time="1.198" /><testcase classname="tests.v3.test_storage" name="test_concurrent_genesis_cas_rolls_back_loser_objects_and_bytes" time="0.400" /><testcase classname="tests.v3.test_storage_recovery" name="test_abrupt_exit_after_inserts_restores_previous_objects_and_head" time="1.732" /><testcase classname="tests.v3.test_storage_recovery" name="test_committed_process_exit_preserves_exact_historical_retrieval" time="1.027" /><testcase classname="tests.v3.test_vibefeld" name="test_complete_capture_keeps_reported_acceptance_separate_from_scientific_support[False]" time="0.060" /><testcase classname="tests.v3.test_vibefeld" name="test_complete_capture_keeps_reported_acceptance_separate_from_scientific_support[True]" time="0.002" /><testcase classname="tests.v3.test_vibefeld" name="test_only_upstream_import_candidate_is_built_and_original_bytes_resolve" time="0.535" /><testcase classname="tests.v3.test_vibefeld" name="test_missing_inputs_never_become_complete[graph.json]" time="0.002" /><testcase classname="tests.v3.test_vibefeld" name="test_missing_inputs_never_become_complete[meta.json]" time="0.002" /><testcase classname="tests.v3.test_vibefeld" name="test_missing_inputs_never_become_complete[identity-map.json]" time="0.002" /><testcase classname="tests.v3.test_vibefeld" name="test_missing_inputs_never_become_complete[ledger/000001.json]" time="0.000" /><testcase classname="tests.v3.test_vibefeld" name="test_protocol_and_replay_reject_incompatible_capture[commit]" time="0.000" /><testcase classname="tests.v3.test_vibefeld" name="test_protocol_and_replay_reject_incompatible_capture[graph-version]" time="0.000" /><testcase classname="tests.v3.test_vibefeld" name="test_protocol_and_replay_reject_incompatible_capture[unknown-feature]" time="0.000" /><testcase classname="tests.v3.test_vibefeld" name="test_protocol_and_replay_reject_incompatible_capture[duplicate-feature]" time="0.000" /><testcase classname="tests.v3.test_vibefeld" name="test_protocol_and_replay_reject_incompatible_capture[unknown-graph-field]" time="0.000" /><testcase classname="tests.v3.test_vibefeld" name="test_protocol_and_replay_reject_incompatible_capture[unknown-event]" time="0.002" /><testcase classname="tests.v3.test_vibefeld" name="test_protocol_and_replay_reject_incompatible_capture[unknown-event-field]" time="0.003" /><testcase classname="tests.v3.test_vibefeld" name="test_protocol_and_replay_reject_incompatible_capture[ledger-gap]" time="0.000" /><testcase classname="tests.v3.test_vibefeld" name="test_protocol_and_replay_reject_incompatible_capture[duplicate-sequence]" time="0.000" /><testcase classname="tests.v3.test_vibefeld" name="test_protocol_and_replay_reject_incompatible_capture[bad-node-hash]" time="0.001" /><testcase classname="tests.v3.test_vibefeld" name="test_protocol_and_replay_reject_incompatible_capture[duplicate-node]" time="0.002" /><testcase classname="tests.v3.test_vibefeld" name="test_protocol_and_replay_reject_incompatible_capture[bad-graph-state]" time="0.001" /><testcase classname="tests.v3.test_vibefeld" name="test_protocol_and_replay_reject_incompatible_capture[unknown-config]" time="0.002" /><testcase classname="tests.v3.test_vibefeld" name="test_protocol_and_replay_reject_incompatible_capture[custom-schema]" time="0.002" /><testcase classname="tests.v3.test_vibefeld" name="test_protocol_and_replay_reject_incompatible_capture[nonfinite-config]" time="0.002" /><testcase classname="tests.v3.test_vibefeld" name="test_protocol_and_replay_reject_incompatible_capture[unknown-severity]" time="0.002" /><testcase classname="tests.v3.test_vibefeld" name="test_protocol_and_replay_reject_incompatible_capture[unknown-category]" time="0.002" /><testcase classname="tests.v3.test_vibefeld" name="test_raw_unicode_newlines_and_scope_have_separate_identity" time="0.003" /><testcase classname="tests.v3.test_vibefeld" name="test_relocation_changes_raw_graph_identity_but_not_semantic_capture" time="0.003" /><testcase classname="tests.v3.test_vibefeld" name="test_upstream_timestamp_offsets_preserve_all_nine_digits" time="0.003" /><testcase classname="tests.v3.test_vibefeld" name="test_context_hash_and_hidden_validation_dependencies_are_inspected" time="0.005" /><testcase classname="tests.v3.test_vibefeld" name="test_evidence_attachment_is_retained_and_never_executed" time="0.008" /><testcase classname="tests.v3.test_vibefeld" name="test_amendment_checks_exact_previous_statement_and_rehashes" time="0.005" /><testcase classname="tests.v3.test_vibefeld" name="test_same_declared_identity_is_not_independent_review" time="0.004" /><testcase classname="tests.v3.test_vibefeld" name="test_unsafe_capture_member_paths_rejected_before_interpretation[../outside]" time="0.000" /><testcase classname="tests.v3.test_vibefeld" name="test_unsafe_capture_member_paths_rejected_before_interpretation[/absolute]" time="0.000" /><testcase classname="tests.v3.test_vibefeld" name="test_unsafe_capture_member_paths_rejected_before_interpretation[a//b]" time="0.000" /><testcase classname="tests.v3.test_vibefeld" name="test_unsafe_capture_member_paths_rejected_before_interpretation[a/./b]" time="0.000" /><testcase classname="tests.v3.test_vibefeld" name="test_unsafe_capture_member_paths_rejected_before_interpretation[a\\b]" time="0.000" /><testcase classname="tests.v3.test_vibefeld" name="test_unsafe_capture_member_paths_rejected_before_interpretation[bad\x00name]" time="0.000" /><testcase classname="tests.v3.test_vibefeld" name="test_ambiguous_or_unsupported_json_does_not_replay[{&quot;type&quot;:&quot;x&quot;,&quot;type&quot;:&quot;node_created&quot;}]" time="0.001" /><testcase classname="tests.v3.test_vibefeld" name="test_ambiguous_or_unsupported_json_does_not_replay[{&quot;x&quot;:NaN}]" time="0.001" /><testcase classname="tests.v3.test_vibefeld" name="test_ambiguous_or_unsupported_json_does_not_replay[{&quot;x&quot;:1.2}]" time="0.001" /><testcase classname="tests.v3.test_vibefeld" name="test_ambiguous_or_unsupported_json_does_not_replay[{&quot;x&quot;:9223372036854775808}]" time="0.001" /><testcase classname="tests.v3.test_vibefeld" name="test_ambiguous_or_unsupported_json_does_not_replay[{&quot;x&quot;:&quot;\ud800&quot;}]" time="0.001" /><testcase classname="tests.v3.test_vibefeld" name="test_capture_resource_limits_precede_full_loading" time="0.000" /><testcase classname="tests.v3.test_vibefeld" name="test_every_pinned_event_has_a_replay_branch_and_original_history" time="0.039" /><testcase classname="tests.v3.test_vibefeld" name="test_direct_dependency_status_cannot_be_read_from_tree_clean_flag" time="0.002" /></testsuite></testsuites>