<?xml version="1.0" encoding="utf-8"?><testsuites><testsuite name="pytest" errors="0" failures="0" skipped="0" tests="425" time="25.591" timestamp="2026-09-07T01:06:54.693367" hostname="Yingjian-Lius-MacBook-Pro.local"><testcase classname="tests.v3.test_cli_projection" name="test_cli_bundle_only_is_explicitly_not_scientific_acceptance" time="0.479" /><testcase classname="tests.v3.test_cli_projection" name="test_cli_checks_actual_bytes_and_returns_a_nonzero_failure" time="1.562" /><testcase classname="tests.v3.test_cli_projection" name="test_cli_cannot_silently_claim_bytes_were_checked" time="1.168" /><testcase classname="tests.v3.test_cli_projection" name="test_cli_rejects_escaping_or_linked_artifact_locators[../outside.txt]" time="0.516" /><testcase classname="tests.v3.test_cli_projection" name="test_cli_rejects_escaping_or_linked_artifact_locators[/tmp/outside.txt]" time="0.514" /><testcase classname="tests.v3.test_cli_projection" name="test_cli_rejects_escaping_or_linked_artifact_locators[linked/input.bin]" time="0.524" /><testcase classname="tests.v3.test_cli_projection" name="test_readonly_projection_keeps_conflicting_conclusions_and_conditions" time="0.263" /><testcase classname="tests.v3.test_cli_projection" name="test_mutating_a_returned_record_or_view_cannot_change_inputs" time="0.317" /><testcase classname="tests.v3.test_contract_regressions" name="test_local_scope_cannot_escape_by_listing_a_discharge[rule-DIRECT-expected0]" time="0.698" /><testcase classname="tests.v3.test_contract_regressions" name="test_local_scope_cannot_escape_by_listing_a_discharge[rule_evidence_refs-value1-expected1]" time="0.323" /><testcase classname="tests.v3.test_contract_regressions" name="test_reuse_needs_both_reviewed_endpoints_and_exact_typed_evidence[unrelated_review-expected0]" time="0.343" /><testcase classname="tests.v3.test_contract_regressions" name="test_reuse_needs_both_reviewed_endpoints_and_exact_typed_evidence[raw_evidence-expected1]" time="0.343" /><testcase classname="tests.v3.test_contract_regressions" name="test_reuse_needs_both_reviewed_endpoints_and_exact_typed_evidence[wrong_target-expected2]" time="0.342" /><testcase classname="tests.v3.test_contract_regressions" name="test_conditional_argument_cannot_become_unconditional_support[promote-expected0]" time="0.416" /><testcase classname="tests.v3.test_contract_regressions" name="test_conditional_argument_cannot_become_unconditional_support[drop_condition-expected1]" time="0.413" /><testcase classname="tests.v3.test_contract_regressions" name="test_attested_identity_must_meet_exact_policy_minimum" time="0.230" /><testcase classname="tests.v3.test_contract_regressions" name="test_removing_failed_obligation_requires_review_of_old_scope_and_disposition" time="0.436" /><testcase classname="tests.v3.test_contract_regressions" name="test_scope_cannot_remove_or_weaken_named_profile_obligations[remove-expected0]" time="0.220" /><testcase classname="tests.v3.test_contract_regressions" name="test_scope_cannot_remove_or_weaken_named_profile_obligations[downgrade-expected1]" time="0.224" /><testcase classname="tests.v3.test_contract_regressions" name="test_release_cannot_certify_deferred_required_success" time="0.936" /><testcase classname="tests.v3.test_contract_regressions" name="test_admission_reviewer_cannot_be_package_auditor_or_certifier[actor:auditor]" time="1.036" /><testcase classname="tests.v3.test_contract_regressions" name="test_admission_reviewer_cannot_be_package_auditor_or_certifier[actor:certifier]" time="1.051" /><testcase classname="tests.v3.test_contract_regressions" name="test_committed_receipt_cannot_borrow_another_transactions_snapshot[False-expected0]" time="1.253" /><testcase classname="tests.v3.test_contract_regressions" name="test_committed_receipt_cannot_borrow_another_transactions_snapshot[True-expected1]" time="1.263" /><testcase classname="tests.v3.test_contract_regressions" name="test_public_records_cannot_mutate_recordsets_detached_content" time="0.235" /><testcase classname="tests.v3.test_contract_regressions" name="test_admission_cannot_substitute_another_candidates_assessment" time="1.051" /><testcase classname="tests.v3.test_contract_regressions" name="test_admission_review_must_include_its_exact_candidate" time="1.041" /><testcase classname="tests.v3.test_contracts" name="test_positive_exact_source_scope_chain_with_actual_bytes" time="0.495" /><testcase classname="tests.v3.test_contracts" name="test_raw_json_duplicate_normalized_key_float_and_unsafe_integer_rejected" time="0.000" /><testcase classname="tests.v3.test_contracts" name="test_artifact_hash_does_not_normalize_text" time="0.000" /><testcase classname="tests.v3.test_contracts" name="test_unsealed_modified_record_is_rejected" time="0.027" /><testcase classname="tests.v3.test_contracts" name="test_resealed_target_cannot_satisfy_stale_exact_reference" time="0.098" /><testcase classname="tests.v3.test_contracts" name="test_duplicate_identity_and_wrong_typed_target_rejected" time="0.061" /><testcase classname="tests.v3.test_contracts" name="test_missing_or_corrupted_source_bytes_rejected" time="0.167" /><testcase classname="tests.v3.test_contracts" name="test_display_locator_does_not_change_artifact_identity" time="0.038" /><testcase classname="tests.v3.test_contracts" name="test_byte_span_bounds_rejected[0-0]" time="0.031" /><testcase classname="tests.v3.test_contracts" name="test_byte_span_bounds_rejected[10-2]" time="0.038" /><testcase classname="tests.v3.test_contracts" name="test_byte_span_bounds_rejected[0-10000]" time="0.038" /><testcase classname="tests.v3.test_contracts" name="test_source_span_wrong_selected_bytes_digest_rejected" time="0.037" /><testcase classname="tests.v3.test_contracts" name="test_discovery_cannot_drop_unclassified_source_units" time="0.080" /><testcase classname="tests.v3.test_contracts" name="test_scope_requires_accept_decision_and_identical_denominator" time="0.207" /><testcase classname="tests.v3.test_contracts" name="test_unknown_proof_obligation_not_accepted_from_same_name_elsewhere" time="0.158" /><testcase classname="tests.v3.test_contracts" name="test_local_premise_cannot_escape_assumption_scope" time="0.159" /><testcase classname="tests.v3.test_contracts" name="test_joint_premises_preserved_and_circular_proof_rejected" time="0.392" /><testcase classname="tests.v3.test_contracts" name="test_incomplete_snapshot_cannot_be_supported_argument" time="0.199" /><testcase classname="tests.v3.test_contracts" name="test_six_axis_source_evidence_is_separate_from_mathematics" time="0.255" /><testcase classname="tests.v3.test_contracts" name="test_unassessed_method_cannot_produce_positive_result" time="0.031" /><testcase classname="tests.v3.test_contracts" name="test_inapplicable_and_failed_execution_not_promoted_to_support" time="0.033" /><testcase classname="tests.v3.test_contracts" name="test_positive_source_assessment_cannot_borrow_unrelated_span" time="0.166" /><testcase classname="tests.v3.test_contracts" name="test_all_six_axes_required_even_without_assessments" time="0.130" /><testcase classname="tests.v3.test_contracts" name="test_named_formal_profile_cannot_remove_formal_success_obligations" time="0.028" /><testcase classname="tests.v3.test_contracts" name="test_declared_self_review_and_trusted_alias_self_review_rejected" time="0.188" /><testcase classname="tests.v3.test_contracts" name="test_identity_evidence_must_come_from_caller_context" time="0.318" /><testcase classname="tests.v3.test_contracts" name="test_rejected_scope_review_does_not_freeze_a_new_scope" time="0.121" /><testcase classname="tests.v3.test_contracts" name="test_truth_fields_forbidden_in_math_target" time="0.042" /><testcase classname="tests.v3.test_contracts" name="test_upstream_incomplete_can_honestly_record_missing_inputs" time="0.125" /><testcase classname="tests.v3.test_contracts" name="test_first_source_acquisition_failure_needs_no_fabricated_snapshot" time="0.038" /><testcase classname="tests.v3.test_contracts" name="test_pdf_region_does_not_invent_text_byte_offsets" time="0.235" /><testcase classname="tests.v3.test_contracts" name="test_records_are_detached_from_caller_mutations" time="0.121" /><testcase classname="tests.v3.test_intake" name="test_complete_inventory_preserves_original_bytes_and_distinguishes_non_tex" time="0.002" /><testcase classname="tests.v3.test_intake" name="test_missing_include_is_a_visible_parse_blocker_not_a_successful_source_assessment" time="0.001" /><testcase classname="tests.v3.test_intake" name="test_conditions_comments_and_opaque_macros_preserve_uncertainty" time="0.001" /><testcase classname="tests.v3.test_intake" name="test_symlink_entries_are_rejected_without_reading_targets[False]" time="0.001" /><testcase classname="tests.v3.test_intake" name="test_symlink_entries_are_rejected_without_reading_targets[True]" time="0.001" /><testcase classname="tests.v3.test_intake" name="test_root_and_ancestor_symlinks_are_rejected" time="0.001" /><testcase classname="tests.v3.test_intake" name="test_hard_links_and_special_files_are_rejected" time="0.001" /><testcase classname="tests.v3.test_intake" name="test_each_filesystem_budget_fails_closed[limits0]" time="0.001" /><testcase classname="tests.v3.test_intake" name="test_each_filesystem_budget_fails_closed[limits1]" time="0.001" /><testcase classname="tests.v3.test_intake" name="test_each_filesystem_budget_fails_closed[limits2]" time="0.001" /><testcase classname="tests.v3.test_intake" name="test_each_filesystem_budget_fails_closed[limits3]" time="0.001" /><testcase classname="tests.v3.test_intake" name="test_each_filesystem_budget_fails_closed[limits4]" time="0.001" /><testcase classname="tests.v3.test_intake" name="test_each_filesystem_budget_fails_closed[limits5]" time="0.001" /><testcase classname="tests.v3.test_intake" name="test_scan_does_not_follow_a_file_replaced_by_symlink_between_stat_and_open" time="0.001" /><testcase classname="tests.v3.test_intake" name="test_unsafe_or_missing_main_is_rejected[../main.tex]" time="0.001" /><testcase classname="tests.v3.test_intake" name="test_unsafe_or_missing_main_is_rejected[/main.tex]" time="0.001" /><testcase classname="tests.v3.test_intake" name="test_unsafe_or_missing_main_is_rejected[missing.tex]" time="0.001" /><testcase classname="tests.v3.test_intake" name="test_unsafe_or_missing_main_is_rejected[a\\main.tex]" time="0.001" /><testcase classname="tests.v3.test_intake" name="test_explicit_working_directory_controls_nested_resolution" time="0.001" /><testcase classname="tests.v3.test_intake" name="test_cli_emits_valid_json_to_stdout_and_keeps_diagnostics_separate" time="0.088" /><testcase classname="tests.v3.test_intake" name="test_cli_writes_new_output_atomically_and_refuses_existing_or_symlink_output" time="0.134" /><testcase classname="tests.v3.test_intake" name="test_cli_invalid_source_never_creates_output" time="0.044" /><testcase classname="tests.v3.test_intake" name="test_cli_refuses_symlinked_output_parent" time="0.046" /><testcase classname="tests.v3.test_intake" name="test_output_publication_does_not_overwrite_a_concurrently_created_file" time="0.002" /><testcase classname="tests.v3.test_intake" name="test_candidate_records_bind_retained_bytes_without_inventing_identity_or_approval" time="0.396" /><testcase classname="tests.v3.test_intake" name="test_candidate_builder_requires_policy_and_exact_version" time="0.394" /><testcase classname="tests.v3.test_intake" name="test_inspection_keeps_retained_bytes_if_disk_changes_afterward" time="0.001" /><testcase classname="tests.v3.test_schema_catalog" name="test_manifest_catalog_and_actual_schema_files_are_exhaustive" time="0.389" /><testcase classname="tests.v3.test_schema_catalog" name="test_every_schema_and_reference_is_valid_offline" time="0.308" /><testcase classname="tests.v3.test_schema_catalog" name="test_objects_are_closed_and_all_record_discriminators_are_registered" time="0.003" /><testcase classname="tests.v3.test_schema_catalog" name="test_json_contracts_contain_no_chinese_characters" time="0.008" /><testcase classname="tests.v3.test_schema_catalog" name="test_english_and_chinese_tables_match_each_schema_field" time="0.002" /><testcase classname="tests.v3.test_schema_catalog" name="test_shared_values_accept_minimal_examples_and_reject_missing_or_unknown_fields[RecordRef]" time="0.002" /><testcase classname="tests.v3.test_schema_catalog" name="test_shared_values_accept_minimal_examples_and_reject_missing_or_unknown_fields[ArtifactRef]" time="0.002" /><testcase classname="tests.v3.test_schema_catalog" name="test_shared_values_accept_minimal_examples_and_reject_missing_or_unknown_fields[Producer]" time="0.002" /><testcase classname="tests.v3.test_schema_catalog" name="test_shared_values_accept_minimal_examples_and_reject_missing_or_unknown_fields[ReviewContext]" time="0.003" /><testcase classname="tests.v3.test_schema_catalog" name="test_shared_values_accept_minimal_examples_and_reject_missing_or_unknown_fields[Condition]" time="0.001" /><testcase classname="tests.v3.test_schema_catalog" name="test_shared_values_accept_minimal_examples_and_reject_missing_or_unknown_fields[SourceUnit]" time="0.003" /><testcase classname="tests.v3.test_schema_catalog" name="test_shared_values_accept_minimal_examples_and_reject_missing_or_unknown_fields[StructureEdge]" time="0.002" /><testcase classname="tests.v3.test_schema_catalog" name="test_shared_values_accept_minimal_examples_and_reject_missing_or_unknown_fields[Obligation]" time="0.002" /><testcase classname="tests.v3.test_schema_catalog" name="test_shared_values_accept_minimal_examples_and_reject_missing_or_unknown_fields[Component]" time="0.003" /><testcase classname="tests.v3.test_schema_catalog" name="test_shared_values_accept_minimal_examples_and_reject_missing_or_unknown_fields[ComponentMapping]" time="0.001" /><testcase classname="tests.v3.test_schema_catalog" name="test_shared_values_accept_minimal_examples_and_reject_missing_or_unknown_fields[MathObject]" time="0.001" /><testcase classname="tests.v3.test_schema_catalog" name="test_shared_values_accept_minimal_examples_and_reject_missing_or_unknown_fields[Quantifier]" time="0.001" /><testcase classname="tests.v3.test_schema_catalog" name="test_shared_values_accept_minimal_examples_and_reject_missing_or_unknown_fields[FormalDeclaration]" time="0.002" /><testcase classname="tests.v3.test_schema_catalog" name="test_shared_values_accept_minimal_examples_and_reject_missing_or_unknown_fields[ParameterComparison]" time="0.002" /><testcase classname="tests.v3.test_schema_catalog" name="test_shared_values_accept_minimal_examples_and_reject_missing_or_unknown_fields[AdmissionItem]" time="0.002" /><testcase classname="tests.v3.test_schema_catalog" name="test_shared_values_accept_minimal_examples_and_reject_missing_or_unknown_fields[ImpactTarget]" time="0.003" /><testcase classname="tests.v3.test_schema_catalog" name="test_shared_values_accept_minimal_examples_and_reject_missing_or_unknown_fields[QueryAssertion]" time="0.002" /><testcase classname="tests.v3.test_schema_catalog" name="test_shared_values_accept_minimal_examples_and_reject_missing_or_unknown_fields[Metric]" time="0.004" /><testcase classname="tests.v3.test_schema_catalog" name="test_shared_values_accept_minimal_examples_and_reject_missing_or_unknown_fields[PdfRegion]" time="0.002" /><testcase classname="tests.v3.test_schema_catalog" name="test_each_registered_type_accepts_a_synthetic_structural_example[admission-decision.schema.json]" time="0.617" /><testcase classname="tests.v3.test_schema_catalog" name="test_each_registered_type_accepts_a_synthetic_structural_example[agentization-plan.schema.json]" time="0.005" /><testcase classname="tests.v3.test_schema_catalog" name="test_each_registered_type_accepts_a_synthetic_structural_example[alignment-assessment.schema.json]" time="0.009" /><testcase classname="tests.v3.test_schema_catalog" name="test_each_registered_type_accepts_a_synthetic_structural_example[archive-receipt.schema.json]" time="0.010" /><testcase classname="tests.v3.test_schema_catalog" name="test_each_registered_type_accepts_a_synthetic_structural_example[argument-node.schema.json]" time="0.006" /><testcase classname="tests.v3.test_schema_catalog" name="test_each_registered_type_accepts_a_synthetic_structural_example[argument-review.schema.json]" time="0.008" /><testcase classname="tests.v3.test_schema_catalog" name="test_each_registered_type_accepts_a_synthetic_structural_example[argument-snapshot.schema.json]" time="0.007" /><testcase classname="tests.v3.test_schema_catalog" name="test_each_registered_type_accepts_a_synthetic_structural_example[assumption-context.schema.json]" time="0.006" /><testcase classname="tests.v3.test_schema_catalog" name="test_each_registered_type_accepts_a_synthetic_structural_example[authority-policy.schema.json]" time="0.004" /><testcase classname="tests.v3.test_schema_catalog" name="test_each_registered_type_accepts_a_synthetic_structural_example[axis-assessment.schema.json]" time="0.009" /><testcase classname="tests.v3.test_schema_catalog" name="test_each_registered_type_accepts_a_synthetic_structural_example[backtranslation.schema.json]" time="0.008" /><testcase classname="tests.v3.test_schema_catalog" name="test_each_registered_type_accepts_a_synthetic_structural_example[baseline-snapshot.schema.json]" time="0.008" /><testcase classname="tests.v3.test_schema_catalog" name="test_each_registered_type_accepts_a_synthetic_structural_example[challenge-disposition.schema.json]" time="0.007" /><testcase classname="tests.v3.test_schema_catalog" name="test_each_registered_type_accepts_a_synthetic_structural_example[challenge.schema.json]" time="0.006" /><testcase classname="tests.v3.test_schema_catalog" name="test_each_registered_type_accepts_a_synthetic_structural_example[claim-component-map.schema.json]" time="0.006" /><testcase classname="tests.v3.test_schema_catalog" name="test_each_registered_type_accepts_a_synthetic_structural_example[contribution-delta.schema.json]" time="0.010" /><testcase classname="tests.v3.test_schema_catalog" name="test_each_registered_type_accepts_a_synthetic_structural_example[counterexample.schema.json]" time="0.012" /><testcase classname="tests.v3.test_schema_catalog" name="test_each_registered_type_accepts_a_synthetic_structural_example[definition.schema.json]" time="0.006" /><testcase classname="tests.v3.test_schema_catalog" name="test_each_registered_type_accepts_a_synthetic_structural_example[dependency-binding.schema.json]" time="0.006" /><testcase classname="tests.v3.test_schema_catalog" name="test_each_registered_type_accepts_a_synthetic_structural_example[derived-claim.schema.json]" time="0.005" /><testcase classname="tests.v3.test_schema_catalog" name="test_each_registered_type_accepts_a_synthetic_structural_example[empirical-evidence.schema.json]" time="0.008" /><testcase classname="tests.v3.test_schema_catalog" name="test_each_registered_type_accepts_a_synthetic_structural_example[environment-check.schema.json]" time="0.009" /><testcase classname="tests.v3.test_schema_catalog" name="test_each_registered_type_accepts_a_synthetic_structural_example[evaluation-report.schema.json]" time="0.012" /><testcase classname="tests.v3.test_schema_catalog" name="test_each_registered_type_accepts_a_synthetic_structural_example[event-checkpoint.schema.json]" time="0.011" /><testcase classname="tests.v3.test_schema_catalog" name="test_each_registered_type_accepts_a_synthetic_structural_example[event.schema.json]" time="0.010" /><testcase classname="tests.v3.test_schema_catalog" name="test_each_registered_type_accepts_a_synthetic_structural_example[evidence-protocol.schema.json]" time="0.012" /><testcase classname="tests.v3.test_schema_catalog" name="test_each_registered_type_accepts_a_synthetic_structural_example[formal-check.schema.json]" time="0.009" /><testcase classname="tests.v3.test_schema_catalog" name="test_each_registered_type_accepts_a_synthetic_structural_example[formal-environment.schema.json]" time="0.007" /><testcase classname="tests.v3.test_schema_catalog" name="test_each_registered_type_accepts_a_synthetic_structural_example[formalization-attempt.schema.json]" time="0.007" /><testcase classname="tests.v3.test_schema_catalog" name="test_each_registered_type_accepts_a_synthetic_structural_example[formalization-packet.schema.json]" time="0.008" /><testcase classname="tests.v3.test_schema_catalog" name="test_each_registered_type_accepts_a_synthetic_structural_example[frontier-item.schema.json]" time="0.009" /><testcase classname="tests.v3.test_schema_catalog" name="test_each_registered_type_accepts_a_synthetic_structural_example[frozen-scope.schema.json]" time="0.005" /><testcase classname="tests.v3.test_schema_catalog" name="test_each_registered_type_accepts_a_synthetic_structural_example[impact-analysis.schema.json]" time="0.010" /><testcase classname="tests.v3.test_schema_catalog" name="test_each_registered_type_accepts_a_synthetic_structural_example[inference-step.schema.json]" time="0.006" /><testcase classname="tests.v3.test_schema_catalog" name="test_each_registered_type_accepts_a_synthetic_structural_example[ingestion-receipt.schema.json]" time="0.010" /><testcase classname="tests.v3.test_schema_catalog" name="test_each_registered_type_accepts_a_synthetic_structural_example[inventory-discovery.schema.json]" time="0.005" /><testcase classname="tests.v3.test_schema_catalog" name="test_each_registered_type_accepts_a_synthetic_structural_example[knowledge-snapshot.schema.json]" time="0.010" /><testcase classname="tests.v3.test_schema_catalog" name="test_each_registered_type_accepts_a_synthetic_structural_example[legacy-binding.schema.json]" time="0.010" /><testcase classname="tests.v3.test_schema_catalog" name="test_each_registered_type_accepts_a_synthetic_structural_example[math-claim.schema.json]" time="0.006" /><testcase classname="tests.v3.test_schema_catalog" name="test_each_registered_type_accepts_a_synthetic_structural_example[obligation-disposition.schema.json]" time="0.005" /><testcase classname="tests.v3.test_schema_catalog" name="test_each_registered_type_accepts_a_synthetic_structural_example[paper-release.schema.json]" time="0.010" /><testcase classname="tests.v3.test_schema_catalog" name="test_each_registered_type_accepts_a_synthetic_structural_example[paper-structure.schema.json]" time="0.004" /><testcase classname="tests.v3.test_schema_catalog" name="test_each_registered_type_accepts_a_synthetic_structural_example[processing-profile.schema.json]" time="0.004" /><testcase classname="tests.v3.test_schema_catalog" name="test_each_registered_type_accepts_a_synthetic_structural_example[proof-plan.schema.json]" time="0.007" /><testcase classname="tests.v3.test_schema_catalog" name="test_each_registered_type_accepts_a_synthetic_structural_example[query-receipt.schema.json]" time="0.011" /><testcase classname="tests.v3.test_schema_catalog" name="test_each_registered_type_accepts_a_synthetic_structural_example[relation-assessment.schema.json]" time="0.010" /><testcase classname="tests.v3.test_schema_catalog" name="test_each_registered_type_accepts_a_synthetic_structural_example[release-audit.schema.json]" time="0.010" /><testcase classname="tests.v3.test_schema_catalog" name="test_each_registered_type_accepts_a_synthetic_structural_example[release-certificate.schema.json]" time="0.009" /><testcase classname="tests.v3.test_schema_catalog" name="test_each_registered_type_accepts_a_synthetic_structural_example[release-manifest.schema.json]" time="0.010" /><testcase classname="tests.v3.test_schema_catalog" name="test_each_registered_type_accepts_a_synthetic_structural_example[reproduction-record.schema.json]" time="0.010" /><testcase classname="tests.v3.test_schema_catalog" name="test_each_registered_type_accepts_a_synthetic_structural_example[reuse-decision.schema.json]" time="0.011" /><testcase classname="tests.v3.test_schema_catalog" name="test_each_registered_type_accepts_a_synthetic_structural_example[revision-record.schema.json]" time="0.011" /><testcase classname="tests.v3.test_schema_catalog" name="test_each_registered_type_accepts_a_synthetic_structural_example[scientific-claim.schema.json]" time="0.006" /><testcase classname="tests.v3.test_schema_catalog" name="test_each_registered_type_accepts_a_synthetic_structural_example[scope-decision.schema.json]" time="0.005" /><testcase classname="tests.v3.test_schema_catalog" name="test_each_registered_type_accepts_a_synthetic_structural_example[semantic-context.schema.json]" time="0.006" /><testcase classname="tests.v3.test_schema_catalog" name="test_each_registered_type_accepts_a_synthetic_structural_example[source-acquisition.schema.json]" time="0.012" /><testcase classname="tests.v3.test_schema_catalog" name="test_each_registered_type_accepts_a_synthetic_structural_example[source-request.schema.json]" time="0.011" /><testcase classname="tests.v3.test_schema_catalog" name="test_each_registered_type_accepts_a_synthetic_structural_example[source-snapshot.schema.json]" time="0.004" /><testcase classname="tests.v3.test_schema_catalog" name="test_each_registered_type_accepts_a_synthetic_structural_example[source-span.schema.json]" time="0.004" /><testcase classname="tests.v3.test_schema_catalog" name="test_each_registered_type_accepts_a_synthetic_structural_example[source-transformation.schema.json]" time="0.005" /><testcase classname="tests.v3.test_schema_catalog" name="test_each_registered_type_accepts_a_synthetic_structural_example[status-view.schema.json]" time="0.008" /><testcase classname="tests.v3.test_schema_catalog" name="test_each_registered_type_accepts_a_synthetic_structural_example[upstream-import.schema.json]" time="0.007" /><testcase classname="tests.v3.test_schema_catalog" name="test_each_registered_type_accepts_a_synthetic_structural_example[work-attempt.schema.json]" time="0.007" /><testcase classname="tests.v3.test_schema_catalog" name="test_each_registered_type_accepts_a_synthetic_structural_example[work-completion.schema.json]" time="0.012" /><testcase classname="tests.v3.test_schema_catalog" name="test_every_record_rejects_unknown_fields_at_each_populated_object[admission-decision.schema.json]" time="0.016" /><testcase classname="tests.v3.test_schema_catalog" name="test_every_record_rejects_unknown_fields_at_each_populated_object[agentization-plan.schema.json]" time="0.007" /><testcase classname="tests.v3.test_schema_catalog" name="test_every_record_rejects_unknown_fields_at_each_populated_object[alignment-assessment.schema.json]" time="0.013" /><testcase classname="tests.v3.test_schema_catalog" name="test_every_record_rejects_unknown_fields_at_each_populated_object[archive-receipt.schema.json]" time="0.006" /><testcase classname="tests.v3.test_schema_catalog" name="test_every_record_rejects_unknown_fields_at_each_populated_object[argument-node.schema.json]" time="0.003" /><testcase classname="tests.v3.test_schema_catalog" name="test_every_record_rejects_unknown_fields_at_each_populated_object[argument-review.schema.json]" time="0.011" /><testcase classname="tests.v3.test_schema_catalog" name="test_every_record_rejects_unknown_fields_at_each_populated_object[argument-snapshot.schema.json]" time="0.011" /><testcase classname="tests.v3.test_schema_catalog" name="test_every_record_rejects_unknown_fields_at_each_populated_object[assumption-context.schema.json]" time="0.005" /><testcase classname="tests.v3.test_schema_catalog" name="test_every_record_rejects_unknown_fields_at_each_populated_object[authority-policy.schema.json]" time="0.002" /><testcase classname="tests.v3.test_schema_catalog" name="test_every_record_rejects_unknown_fields_at_each_populated_object[axis-assessment.schema.json]" time="0.010" /><testcase classname="tests.v3.test_schema_catalog" name="test_every_record_rejects_unknown_fields_at_each_populated_object[backtranslation.schema.json]" time="0.008" /><testcase classname="tests.v3.test_schema_catalog" name="test_every_record_rejects_unknown_fields_at_each_populated_object[baseline-snapshot.schema.json]" time="0.004" /><testcase classname="tests.v3.test_schema_catalog" name="test_every_record_rejects_unknown_fields_at_each_populated_object[challenge-disposition.schema.json]" time="0.009" /><testcase classname="tests.v3.test_schema_catalog" name="test_every_record_rejects_unknown_fields_at_each_populated_object[challenge.schema.json]" time="0.005" /><testcase classname="tests.v3.test_schema_catalog" name="test_every_record_rejects_unknown_fields_at_each_populated_object[claim-component-map.schema.json]" time="0.010" /><testcase classname="tests.v3.test_schema_catalog" name="test_every_record_rejects_unknown_fields_at_each_populated_object[contribution-delta.schema.json]" time="0.011" /><testcase classname="tests.v3.test_schema_catalog" name="test_every_record_rejects_unknown_fields_at_each_populated_object[counterexample.schema.json]" time="0.008" /><testcase classname="tests.v3.test_schema_catalog" name="test_every_record_rejects_unknown_fields_at_each_populated_object[definition.schema.json]" time="0.005" /><testcase classname="tests.v3.test_schema_catalog" name="test_every_record_rejects_unknown_fields_at_each_populated_object[dependency-binding.schema.json]" time="0.015" /><testcase classname="tests.v3.test_schema_catalog" name="test_every_record_rejects_unknown_fields_at_each_populated_object[derived-claim.schema.json]" time="0.003" /><testcase classname="tests.v3.test_schema_catalog" name="test_every_record_rejects_unknown_fields_at_each_populated_object[empirical-evidence.schema.json]" time="0.007" /><testcase classname="tests.v3.test_schema_catalog" name="test_every_record_rejects_unknown_fields_at_each_populated_object[environment-check.schema.json]" time="0.011" /><testcase classname="tests.v3.test_schema_catalog" name="test_every_record_rejects_unknown_fields_at_each_populated_object[evaluation-report.schema.json]" time="0.012" /><testcase classname="tests.v3.test_schema_catalog" name="test_every_record_rejects_unknown_fields_at_each_populated_object[event-checkpoint.schema.json]" time="0.006" /><testcase classname="tests.v3.test_schema_catalog" name="test_every_record_rejects_unknown_fields_at_each_populated_object[event.schema.json]" time="0.003" /><testcase classname="tests.v3.test_schema_catalog" name="test_every_record_rejects_unknown_fields_at_each_populated_object[evidence-protocol.schema.json]" time="0.011" /><testcase classname="tests.v3.test_schema_catalog" name="test_every_record_rejects_unknown_fields_at_each_populated_object[formal-check.schema.json]" time="0.017" /><testcase classname="tests.v3.test_schema_catalog" name="test_every_record_rejects_unknown_fields_at_each_populated_object[formal-environment.schema.json]" time="0.007" /><testcase classname="tests.v3.test_schema_catalog" name="test_every_record_rejects_unknown_fields_at_each_populated_object[formalization-attempt.schema.json]" time="0.006" /><testcase classname="tests.v3.test_schema_catalog" name="test_every_record_rejects_unknown_fields_at_each_populated_object[formalization-packet.schema.json]" time="0.016" /><testcase classname="tests.v3.test_schema_catalog" name="test_every_record_rejects_unknown_fields_at_each_populated_object[frontier-item.schema.json]" time="0.005" /><testcase classname="tests.v3.test_schema_catalog" name="test_every_record_rejects_unknown_fields_at_each_populated_object[frozen-scope.schema.json]" time="0.011" /><testcase classname="tests.v3.test_schema_catalog" name="test_every_record_rejects_unknown_fields_at_each_populated_object[impact-analysis.schema.json]" time="0.005" /><testcase classname="tests.v3.test_schema_catalog" name="test_every_record_rejects_unknown_fields_at_each_populated_object[inference-step.schema.json]" time="0.005" /><testcase classname="tests.v3.test_schema_catalog" name="test_every_record_rejects_unknown_fields_at_each_populated_object[ingestion-receipt.schema.json]" time="0.010" /><testcase classname="tests.v3.test_schema_catalog" name="test_every_record_rejects_unknown_fields_at_each_populated_object[inventory-discovery.schema.json]" time="0.009" /><testcase classname="tests.v3.test_schema_catalog" name="test_every_record_rejects_unknown_fields_at_each_populated_object[knowledge-snapshot.schema.json]" time="0.003" /><testcase classname="tests.v3.test_schema_catalog" name="test_every_record_rejects_unknown_fields_at_each_populated_object[legacy-binding.schema.json]" time="0.005" /><testcase classname="tests.v3.test_schema_catalog" name="test_every_record_rejects_unknown_fields_at_each_populated_object[math-claim.schema.json]" time="0.007" /><testcase classname="tests.v3.test_schema_catalog" name="test_every_record_rejects_unknown_fields_at_each_populated_object[obligation-disposition.schema.json]" time="0.005" /><testcase classname="tests.v3.test_schema_catalog" name="test_every_record_rejects_unknown_fields_at_each_populated_object[paper-release.schema.json]" time="0.008" /><testcase classname="tests.v3.test_schema_catalog" name="test_every_record_rejects_unknown_fields_at_each_populated_object[paper-structure.schema.json]" time="0.004" /><testcase classname="tests.v3.test_schema_catalog" name="test_every_record_rejects_unknown_fields_at_each_populated_object[processing-profile.schema.json]" time="0.005" /><testcase classname="tests.v3.test_schema_catalog" name="test_every_record_rejects_unknown_fields_at_each_populated_object[proof-plan.schema.json]" time="0.008" /><testcase classname="tests.v3.test_schema_catalog" name="test_every_record_rejects_unknown_fields_at_each_populated_object[query-receipt.schema.json]" time="0.005" /><testcase classname="tests.v3.test_schema_catalog" name="test_every_record_rejects_unknown_fields_at_each_populated_object[relation-assessment.schema.json]" time="0.013" /><testcase classname="tests.v3.test_schema_catalog" name="test_every_record_rejects_unknown_fields_at_each_populated_object[release-audit.schema.json]" time="0.013" /><testcase classname="tests.v3.test_schema_catalog" name="test_every_record_rejects_unknown_fields_at_each_populated_object[release-certificate.schema.json]" time="0.007" /><testcase classname="tests.v3.test_schema_catalog" name="test_every_record_rejects_unknown_fields_at_each_populated_object[release-manifest.schema.json]" time="0.016" /><testcase classname="tests.v3.test_schema_catalog" name="test_every_record_rejects_unknown_fields_at_each_populated_object[reproduction-record.schema.json]" time="0.020" /><testcase classname="tests.v3.test_schema_catalog" name="test_every_record_rejects_unknown_fields_at_each_populated_object[reuse-decision.schema.json]" time="0.020" /><testcase classname="tests.v3.test_schema_catalog" name="test_every_record_rejects_unknown_fields_at_each_populated_object[revision-record.schema.json]" time="0.010" /><testcase classname="tests.v3.test_schema_catalog" name="test_every_record_rejects_unknown_fields_at_each_populated_object[scientific-claim.schema.json]" time="0.009" /><testcase classname="tests.v3.test_schema_catalog" name="test_every_record_rejects_unknown_fields_at_each_populated_object[scope-decision.schema.json]" time="0.008" /><testcase classname="tests.v3.test_schema_catalog" name="test_every_record_rejects_unknown_fields_at_each_populated_object[semantic-context.schema.json]" time="0.007" /><testcase classname="tests.v3.test_schema_catalog" name="test_every_record_rejects_unknown_fields_at_each_populated_object[source-acquisition.schema.json]" time="0.005" /><testcase classname="tests.v3.test_schema_catalog" name="test_every_record_rejects_unknown_fields_at_each_populated_object[source-request.schema.json]" time="0.003" /><testcase classname="tests.v3.test_schema_catalog" name="test_every_record_rejects_unknown_fields_at_each_populated_object[source-snapshot.schema.json]" time="0.007" /><testcase classname="tests.v3.test_schema_catalog" name="test_every_record_rejects_unknown_fields_at_each_populated_object[source-span.schema.json]" time="0.007" /><testcase classname="tests.v3.test_schema_catalog" name="test_every_record_rejects_unknown_fields_at_each_populated_object[source-transformation.schema.json]" time="0.010" /><testcase classname="tests.v3.test_schema_catalog" name="test_every_record_rejects_unknown_fields_at_each_populated_object[status-view.schema.json]" time="0.005" /><testcase classname="tests.v3.test_schema_catalog" name="test_every_record_rejects_unknown_fields_at_each_populated_object[upstream-import.schema.json]" time="0.004" /><testcase classname="tests.v3.test_schema_catalog" name="test_every_record_rejects_unknown_fields_at_each_populated_object[work-attempt.schema.json]" time="0.007" /><testcase classname="tests.v3.test_schema_catalog" name="test_every_record_rejects_unknown_fields_at_each_populated_object[work-completion.schema.json]" time="0.006" /><testcase classname="tests.v3.test_schema_catalog" name="test_every_record_rejects_tampered_hash_and_unknown_discriminator[admission-decision.schema.json]" time="0.004" /><testcase classname="tests.v3.test_schema_catalog" name="test_every_record_rejects_tampered_hash_and_unknown_discriminator[agentization-plan.schema.json]" time="0.003" /><testcase classname="tests.v3.test_schema_catalog" name="test_every_record_rejects_tampered_hash_and_unknown_discriminator[alignment-assessment.schema.json]" time="0.004" /><testcase classname="tests.v3.test_schema_catalog" name="test_every_record_rejects_tampered_hash_and_unknown_discriminator[archive-receipt.schema.json]" time="0.003" /><testcase classname="tests.v3.test_schema_catalog" name="test_every_record_rejects_tampered_hash_and_unknown_discriminator[argument-node.schema.json]" time="0.002" /><testcase classname="tests.v3.test_schema_catalog" name="test_every_record_rejects_tampered_hash_and_unknown_discriminator[argument-review.schema.json]" time="0.003" /><testcase classname="tests.v3.test_schema_catalog" name="test_every_record_rejects_tampered_hash_and_unknown_discriminator[argument-snapshot.schema.json]" time="0.003" /><testcase classname="tests.v3.test_schema_catalog" name="test_every_record_rejects_tampered_hash_and_unknown_discriminator[assumption-context.schema.json]" time="0.002" /><testcase classname="tests.v3.test_schema_catalog" name="test_every_record_rejects_tampered_hash_and_unknown_discriminator[authority-policy.schema.json]" time="0.002" /><testcase classname="tests.v3.test_schema_catalog" name="test_every_record_rejects_tampered_hash_and_unknown_discriminator[axis-assessment.schema.json]" time="0.003" /><testcase classname="tests.v3.test_schema_catalog" name="test_every_record_rejects_tampered_hash_and_unknown_discriminator[backtranslation.schema.json]" time="0.003" /><testcase classname="tests.v3.test_schema_catalog" name="test_every_record_rejects_tampered_hash_and_unknown_discriminator[baseline-snapshot.schema.json]" time="0.002" /><testcase classname="tests.v3.test_schema_catalog" name="test_every_record_rejects_tampered_hash_and_unknown_discriminator[challenge-disposition.schema.json]" time="0.003" /><testcase classname="tests.v3.test_schema_catalog" name="test_every_record_rejects_tampered_hash_and_unknown_discriminator[challenge.schema.json]" time="0.002" /><testcase classname="tests.v3.test_schema_catalog" name="test_every_record_rejects_tampered_hash_and_unknown_discriminator[claim-component-map.schema.json]" time="0.003" /><testcase classname="tests.v3.test_schema_catalog" name="test_every_record_rejects_tampered_hash_and_unknown_discriminator[contribution-delta.schema.json]" time="0.004" /><testcase classname="tests.v3.test_schema_catalog" name="test_every_record_rejects_tampered_hash_and_unknown_discriminator[counterexample.schema.json]" time="0.003" /><testcase classname="tests.v3.test_schema_catalog" name="test_every_record_rejects_tampered_hash_and_unknown_discriminator[definition.schema.json]" time="0.002" /><testcase classname="tests.v3.test_schema_catalog" name="test_every_record_rejects_tampered_hash_and_unknown_discriminator[dependency-binding.schema.json]" time="0.003" /><testcase classname="tests.v3.test_schema_catalog" name="test_every_record_rejects_tampered_hash_and_unknown_discriminator[derived-claim.schema.json]" time="0.002" /><testcase classname="tests.v3.test_schema_catalog" name="test_every_record_rejects_tampered_hash_and_unknown_discriminator[empirical-evidence.schema.json]" time="0.003" /><testcase classname="tests.v3.test_schema_catalog" name="test_every_record_rejects_tampered_hash_and_unknown_discriminator[environment-check.schema.json]" time="0.005" /><testcase classname="tests.v3.test_schema_catalog" name="test_every_record_rejects_tampered_hash_and_unknown_discriminator[evaluation-report.schema.json]" time="0.003" /><testcase classname="tests.v3.test_schema_catalog" name="test_every_record_rejects_tampered_hash_and_unknown_discriminator[event-checkpoint.schema.json]" time="0.002" /><testcase classname="tests.v3.test_schema_catalog" name="test_every_record_rejects_tampered_hash_and_unknown_discriminator[event.schema.json]" time="0.002" /><testcase classname="tests.v3.test_schema_catalog" name="test_every_record_rejects_tampered_hash_and_unknown_discriminator[evidence-protocol.schema.json]" time="0.004" /><testcase classname="tests.v3.test_schema_catalog" name="test_every_record_rejects_tampered_hash_and_unknown_discriminator[formal-check.schema.json]" time="0.015" /><testcase classname="tests.v3.test_schema_catalog" name="test_every_record_rejects_tampered_hash_and_unknown_discriminator[formal-environment.schema.json]" time="0.003" /><testcase classname="tests.v3.test_schema_catalog" name="test_every_record_rejects_tampered_hash_and_unknown_discriminator[formalization-attempt.schema.json]" time="0.003" /><testcase classname="tests.v3.test_schema_catalog" name="test_every_record_rejects_tampered_hash_and_unknown_discriminator[formalization-packet.schema.json]" time="0.005" /><testcase classname="tests.v3.test_schema_catalog" name="test_every_record_rejects_tampered_hash_and_unknown_discriminator[frontier-item.schema.json]" time="0.003" /><testcase classname="tests.v3.test_schema_catalog" name="test_every_record_rejects_tampered_hash_and_unknown_discriminator[frozen-scope.schema.json]" time="0.004" /><testcase classname="tests.v3.test_schema_catalog" name="test_every_record_rejects_tampered_hash_and_unknown_discriminator[impact-analysis.schema.json]" time="0.002" /><testcase classname="tests.v3.test_schema_catalog" name="test_every_record_rejects_tampered_hash_and_unknown_discriminator[inference-step.schema.json]" time="0.002" /><testcase classname="tests.v3.test_schema_catalog" name="test_every_record_rejects_tampered_hash_and_unknown_discriminator[ingestion-receipt.schema.json]" time="0.003" /><testcase classname="tests.v3.test_schema_catalog" name="test_every_record_rejects_tampered_hash_and_unknown_discriminator[inventory-discovery.schema.json]" time="0.003" /><testcase classname="tests.v3.test_schema_catalog" name="test_every_record_rejects_tampered_hash_and_unknown_discriminator[knowledge-snapshot.schema.json]" time="0.002" /><testcase classname="tests.v3.test_schema_catalog" name="test_every_record_rejects_tampered_hash_and_unknown_discriminator[legacy-binding.schema.json]" time="0.002" /><testcase classname="tests.v3.test_schema_catalog" name="test_every_record_rejects_tampered_hash_and_unknown_discriminator[math-claim.schema.json]" time="0.003" /><testcase classname="tests.v3.test_schema_catalog" name="test_every_record_rejects_tampered_hash_and_unknown_discriminator[obligation-disposition.schema.json]" time="0.002" /><testcase classname="tests.v3.test_schema_catalog" name="test_every_record_rejects_tampered_hash_and_unknown_discriminator[paper-release.schema.json]" time="0.003" /><testcase classname="tests.v3.test_schema_catalog" name="test_every_record_rejects_tampered_hash_and_unknown_discriminator[paper-structure.schema.json]" time="0.002" /><testcase classname="tests.v3.test_schema_catalog" name="test_every_record_rejects_tampered_hash_and_unknown_discriminator[processing-profile.schema.json]" time="0.003" /><testcase classname="tests.v3.test_schema_catalog" name="test_every_record_rejects_tampered_hash_and_unknown_discriminator[proof-plan.schema.json]" time="0.003" /><testcase classname="tests.v3.test_schema_catalog" name="test_every_record_rejects_tampered_hash_and_unknown_discriminator[query-receipt.schema.json]" time="0.002" /><testcase classname="tests.v3.test_schema_catalog" name="test_every_record_rejects_tampered_hash_and_unknown_discriminator[relation-assessment.schema.json]" time="0.004" /><testcase classname="tests.v3.test_schema_catalog" name="test_every_record_rejects_tampered_hash_and_unknown_discriminator[release-audit.schema.json]" time="0.004" /><testcase classname="tests.v3.test_schema_catalog" name="test_every_record_rejects_tampered_hash_and_unknown_discriminator[release-certificate.schema.json]" time="0.003" /><testcase classname="tests.v3.test_schema_catalog" name="test_every_record_rejects_tampered_hash_and_unknown_discriminator[release-manifest.schema.json]" time="0.004" /><testcase classname="tests.v3.test_schema_catalog" name="test_every_record_rejects_tampered_hash_and_unknown_discriminator[reproduction-record.schema.json]" time="0.005" /><testcase classname="tests.v3.test_schema_catalog" name="test_every_record_rejects_tampered_hash_and_unknown_discriminator[reuse-decision.schema.json]" time="0.004" /><testcase classname="tests.v3.test_schema_catalog" name="test_every_record_rejects_tampered_hash_and_unknown_discriminator[revision-record.schema.json]" time="0.004" /><testcase classname="tests.v3.test_schema_catalog" name="test_every_record_rejects_tampered_hash_and_unknown_discriminator[scientific-claim.schema.json]" time="0.003" /><testcase classname="tests.v3.test_schema_catalog" name="test_every_record_rejects_tampered_hash_and_unknown_discriminator[scope-decision.schema.json]" time="0.003" /><testcase classname="tests.v3.test_schema_catalog" name="test_every_record_rejects_tampered_hash_and_unknown_discriminator[semantic-context.schema.json]" time="0.003" /><testcase classname="tests.v3.test_schema_catalog" name="test_every_record_rejects_tampered_hash_and_unknown_discriminator[source-acquisition.schema.json]" time="0.002" /><testcase classname="tests.v3.test_schema_catalog" name="test_every_record_rejects_tampered_hash_and_unknown_discriminator[source-request.schema.json]" time="0.002" /><testcase classname="tests.v3.test_schema_catalog" name="test_every_record_rejects_tampered_hash_and_unknown_discriminator[source-snapshot.schema.json]" time="0.003" /><testcase classname="tests.v3.test_schema_catalog" name="test_every_record_rejects_tampered_hash_and_unknown_discriminator[source-span.schema.json]" time="0.003" /><testcase classname="tests.v3.test_schema_catalog" name="test_every_record_rejects_tampered_hash_and_unknown_discriminator[source-transformation.schema.json]" time="0.003" /><testcase classname="tests.v3.test_schema_catalog" name="test_every_record_rejects_tampered_hash_and_unknown_discriminator[status-view.schema.json]" time="0.003" /><testcase classname="tests.v3.test_schema_catalog" name="test_every_record_rejects_tampered_hash_and_unknown_discriminator[upstream-import.schema.json]" time="0.003" /><testcase classname="tests.v3.test_schema_catalog" name="test_every_record_rejects_tampered_hash_and_unknown_discriminator[work-attempt.schema.json]" time="0.003" /><testcase classname="tests.v3.test_schema_catalog" name="test_every_record_rejects_tampered_hash_and_unknown_discriminator[work-completion.schema.json]" time="0.002" /><testcase classname="tests.v3.test_schema_catalog" name="test_every_record_requires_its_envelope_payload_and_exact_discriminator[admission-decision.schema.json]" time="0.005" /><testcase classname="tests.v3.test_schema_catalog" name="test_every_record_requires_its_envelope_payload_and_exact_discriminator[agentization-plan.schema.json]" time="0.004" /><testcase classname="tests.v3.test_schema_catalog" name="test_every_record_requires_its_envelope_payload_and_exact_discriminator[alignment-assessment.schema.json]" time="0.005" /><testcase classname="tests.v3.test_schema_catalog" name="test_every_record_requires_its_envelope_payload_and_exact_discriminator[archive-receipt.schema.json]" time="0.003" /><testcase classname="tests.v3.test_schema_catalog" name="test_every_record_requires_its_envelope_payload_and_exact_discriminator[argument-node.schema.json]" time="0.003" /><testcase classname="tests.v3.test_schema_catalog" name="test_every_record_requires_its_envelope_payload_and_exact_discriminator[argument-review.schema.json]" time="0.005" /><testcase classname="tests.v3.test_schema_catalog" name="test_every_record_requires_its_envelope_payload_and_exact_discriminator[argument-snapshot.schema.json]" time="0.007" /><testcase classname="tests.v3.test_schema_catalog" name="test_every_record_requires_its_envelope_payload_and_exact_discriminator[assumption-context.schema.json]" time="0.002" /><testcase classname="tests.v3.test_schema_catalog" name="test_every_record_requires_its_envelope_payload_and_exact_discriminator[authority-policy.schema.json]" time="0.003" /><testcase classname="tests.v3.test_schema_catalog" name="test_every_record_requires_its_envelope_payload_and_exact_discriminator[axis-assessment.schema.json]" time="0.007" /><testcase classname="tests.v3.test_schema_catalog" name="test_every_record_requires_its_envelope_payload_and_exact_discriminator[backtranslation.schema.json]" time="0.004" /><testcase classname="tests.v3.test_schema_catalog" name="test_every_record_requires_its_envelope_payload_and_exact_discriminator[baseline-snapshot.schema.json]" time="0.002" /><testcase classname="tests.v3.test_schema_catalog" name="test_every_record_requires_its_envelope_payload_and_exact_discriminator[challenge-disposition.schema.json]" time="0.004" /><testcase classname="tests.v3.test_schema_catalog" name="test_every_record_requires_its_envelope_payload_and_exact_discriminator[challenge.schema.json]" time="0.002" /><testcase classname="tests.v3.test_schema_catalog" name="test_every_record_requires_its_envelope_payload_and_exact_discriminator[claim-component-map.schema.json]" time="0.004" /><testcase classname="tests.v3.test_schema_catalog" name="test_every_record_requires_its_envelope_payload_and_exact_discriminator[contribution-delta.schema.json]" time="0.005" /><testcase classname="tests.v3.test_schema_catalog" name="test_every_record_requires_its_envelope_payload_and_exact_discriminator[counterexample.schema.json]" time="0.004" /><testcase classname="tests.v3.test_schema_catalog" name="test_every_record_requires_its_envelope_payload_and_exact_discriminator[definition.schema.json]" time="0.002" /><testcase classname="tests.v3.test_schema_catalog" name="test_every_record_requires_its_envelope_payload_and_exact_discriminator[dependency-binding.schema.json]" time="0.004" /><testcase classname="tests.v3.test_schema_catalog" name="test_every_record_requires_its_envelope_payload_and_exact_discriminator[derived-claim.schema.json]" time="0.002" /><testcase classname="tests.v3.test_schema_catalog" name="test_every_record_requires_its_envelope_payload_and_exact_discriminator[empirical-evidence.schema.json]" time="0.003" /><testcase classname="tests.v3.test_schema_catalog" name="test_every_record_requires_its_envelope_payload_and_exact_discriminator[environment-check.schema.json]" time="0.004" /><testcase classname="tests.v3.test_schema_catalog" name="test_every_record_requires_its_envelope_payload_and_exact_discriminator[evaluation-report.schema.json]" time="0.005" /><testcase classname="tests.v3.test_schema_catalog" name="test_every_record_requires_its_envelope_payload_and_exact_discriminator[event-checkpoint.schema.json]" time="0.003" /><testcase classname="tests.v3.test_schema_catalog" name="test_every_record_requires_its_envelope_payload_and_exact_discriminator[event.schema.json]" time="0.002" /><testcase classname="tests.v3.test_schema_catalog" name="test_every_record_requires_its_envelope_payload_and_exact_discriminator[evidence-protocol.schema.json]" time="0.004" /><testcase classname="tests.v3.test_schema_catalog" name="test_every_record_requires_its_envelope_payload_and_exact_discriminator[formal-check.schema.json]" time="0.006" /><testcase classname="tests.v3.test_schema_catalog" name="test_every_record_requires_its_envelope_payload_and_exact_discriminator[formal-environment.schema.json]" time="0.003" /><testcase classname="tests.v3.test_schema_catalog" name="test_every_record_requires_its_envelope_payload_and_exact_discriminator[formalization-attempt.schema.json]" time="0.003" /><testcase classname="tests.v3.test_schema_catalog" name="test_every_record_requires_its_envelope_payload_and_exact_discriminator[formalization-packet.schema.json]" time="0.007" /><testcase classname="tests.v3.test_schema_catalog" name="test_every_record_requires_its_envelope_payload_and_exact_discriminator[frontier-item.schema.json]" time="0.003" /><testcase classname="tests.v3.test_schema_catalog" name="test_every_record_requires_its_envelope_payload_and_exact_discriminator[frozen-scope.schema.json]" time="0.005" /><testcase classname="tests.v3.test_schema_catalog" name="test_every_record_requires_its_envelope_payload_and_exact_discriminator[impact-analysis.schema.json]" time="0.002" /><testcase classname="tests.v3.test_schema_catalog" name="test_every_record_requires_its_envelope_payload_and_exact_discriminator[inference-step.schema.json]" time="0.003" /><testcase classname="tests.v3.test_schema_catalog" name="test_every_record_requires_its_envelope_payload_and_exact_discriminator[ingestion-receipt.schema.json]" time="0.005" /><testcase classname="tests.v3.test_schema_catalog" name="test_every_record_requires_its_envelope_payload_and_exact_discriminator[inventory-discovery.schema.json]" time="0.004" /><testcase classname="tests.v3.test_schema_catalog" name="test_every_record_requires_its_envelope_payload_and_exact_discriminator[knowledge-snapshot.schema.json]" time="0.002" /><testcase classname="tests.v3.test_schema_catalog" name="test_every_record_requires_its_envelope_payload_and_exact_discriminator[legacy-binding.schema.json]" time="0.003" /><testcase classname="tests.v3.test_schema_catalog" name="test_every_record_requires_its_envelope_payload_and_exact_discriminator[math-claim.schema.json]" time="0.004" /><testcase classname="tests.v3.test_schema_catalog" name="test_every_record_requires_its_envelope_payload_and_exact_discriminator[obligation-disposition.schema.json]" time="0.003" /><testcase classname="tests.v3.test_schema_catalog" name="test_every_record_requires_its_envelope_payload_and_exact_discriminator[paper-release.schema.json]" time="0.004" /><testcase classname="tests.v3.test_schema_catalog" name="test_every_record_requires_its_envelope_payload_and_exact_discriminator[paper-structure.schema.json]" time="0.002" /><testcase classname="tests.v3.test_schema_catalog" name="test_every_record_requires_its_envelope_payload_and_exact_discriminator[processing-profile.schema.json]" time="0.005" /><testcase classname="tests.v3.test_schema_catalog" name="test_every_record_requires_its_envelope_payload_and_exact_discriminator[proof-plan.schema.json]" time="0.004" /><testcase classname="tests.v3.test_schema_catalog" name="test_every_record_requires_its_envelope_payload_and_exact_discriminator[query-receipt.schema.json]" time="0.003" /><testcase classname="tests.v3.test_schema_catalog" name="test_every_record_requires_its_envelope_payload_and_exact_discriminator[relation-assessment.schema.json]" time="0.005" /><testcase classname="tests.v3.test_schema_catalog" name="test_every_record_requires_its_envelope_payload_and_exact_discriminator[release-audit.schema.json]" time="0.005" /><testcase classname="tests.v3.test_schema_catalog" name="test_every_record_requires_its_envelope_payload_and_exact_discriminator[release-certificate.schema.json]" time="0.003" /><testcase classname="tests.v3.test_schema_catalog" name="test_every_record_requires_its_envelope_payload_and_exact_discriminator[release-manifest.schema.json]" time="0.006" /><testcase classname="tests.v3.test_schema_catalog" name="test_every_record_requires_its_envelope_payload_and_exact_discriminator[reproduction-record.schema.json]" time="0.008" /><testcase classname="tests.v3.test_schema_catalog" name="test_every_record_requires_its_envelope_payload_and_exact_discriminator[reuse-decision.schema.json]" time="0.007" /><testcase classname="tests.v3.test_schema_catalog" name="test_every_record_requires_its_envelope_payload_and_exact_discriminator[revision-record.schema.json]" time="0.004" /><testcase classname="tests.v3.test_schema_catalog" name="test_every_record_requires_its_envelope_payload_and_exact_discriminator[scientific-claim.schema.json]" time="0.004" /><testcase classname="tests.v3.test_schema_catalog" name="test_every_record_requires_its_envelope_payload_and_exact_discriminator[scope-decision.schema.json]" time="0.003" /><testcase classname="tests.v3.test_schema_catalog" name="test_every_record_requires_its_envelope_payload_and_exact_discriminator[semantic-context.schema.json]" time="0.004" /><testcase classname="tests.v3.test_schema_catalog" name="test_every_record_requires_its_envelope_payload_and_exact_discriminator[source-acquisition.schema.json]" time="0.003" /><testcase classname="tests.v3.test_schema_catalog" name="test_every_record_requires_its_envelope_payload_and_exact_discriminator[source-request.schema.json]" time="0.002" /><testcase classname="tests.v3.test_schema_catalog" name="test_every_record_requires_its_envelope_payload_and_exact_discriminator[source-snapshot.schema.json]" time="0.005" /><testcase classname="tests.v3.test_schema_catalog" name="test_every_record_requires_its_envelope_payload_and_exact_discriminator[source-span.schema.json]" time="0.006" /><testcase classname="tests.v3.test_schema_catalog" name="test_every_record_requires_its_envelope_payload_and_exact_discriminator[source-transformation.schema.json]" time="0.004" /><testcase classname="tests.v3.test_schema_catalog" name="test_every_record_requires_its_envelope_payload_and_exact_discriminator[status-view.schema.json]" time="0.003" /><testcase classname="tests.v3.test_schema_catalog" name="test_every_record_requires_its_envelope_payload_and_exact_discriminator[upstream-import.schema.json]" time="0.005" /><testcase classname="tests.v3.test_schema_catalog" name="test_every_record_requires_its_envelope_payload_and_exact_discriminator[work-attempt.schema.json]" time="0.004" /><testcase classname="tests.v3.test_schema_catalog" name="test_every_record_requires_its_envelope_payload_and_exact_discriminator[work-completion.schema.json]" time="0.002" /><testcase classname="tests.v3.test_schema_catalog" name="test_source_locator_variants_cannot_mix_text_offsets_and_pdf_regions[RAW_TEXT_BYTES]" time="0.014" /><testcase classname="tests.v3.test_schema_catalog" name="test_source_locator_variants_cannot_mix_text_offsets_and_pdf_regions[TRANSFORMED_TEXT]" time="0.015" /><testcase classname="tests.v3.test_schema_catalog" name="test_source_locator_variants_cannot_mix_text_offsets_and_pdf_regions[PDF_REGION]" time="0.014" /><testcase classname="tests.v3.test_schema_catalog" name="test_conditional_success_requires_the_specific_structural_evidence" time="0.038" /><testcase classname="tests.v3.test_schema_catalog" name="test_supported_and_counterevidence_assessments_cannot_be_deferred_or_evidence_free" time="0.037" /><testcase classname="tests.v3.test_schema_catalog" name="test_schema_bytes_cannot_drift_under_an_unchanged_manifest" time="0.021" /><testcase classname="tests.v3.test_source" name="test_archive_hash_and_tree_hash_preserve_original_bytes_and_ignore_container" time="0.002" /><testcase classname="tests.v3.test_source" name="test_path_attacks_leave_no_partial_output[../escape]" time="0.001" /><testcase classname="tests.v3.test_source" name="test_path_attacks_leave_no_partial_output[/escape]" time="0.001" /><testcase classname="tests.v3.test_source" name="test_path_attacks_leave_no_partial_output[a/../../escape]" time="0.001" /><testcase classname="tests.v3.test_source" name="test_path_attacks_leave_no_partial_output[C:/escape]" time="0.001" /><testcase classname="tests.v3.test_source" name="test_path_attacks_leave_no_partial_output[a\\escape]" time="0.001" /><testcase classname="tests.v3.test_source" name="test_path_attacks_leave_no_partial_output[a/../b]" time="0.001" /><testcase classname="tests.v3.test_source" name="test_links_and_special_members_are_rejected[2]" time="0.001" /><testcase classname="tests.v3.test_source" name="test_links_and_special_members_are_rejected[1]" time="0.001" /><testcase classname="tests.v3.test_source" name="test_links_and_special_members_are_rejected[3]" time="0.001" /><testcase classname="tests.v3.test_source" name="test_links_and_special_members_are_rejected[4]" time="0.001" /><testcase classname="tests.v3.test_source" name="test_links_and_special_members_are_rejected[6]" time="0.001" /><testcase classname="tests.v3.test_source" name="test_duplicate_or_incompatible_normalized_paths_rejected[names0]" time="0.001" /><testcase classname="tests.v3.test_source" name="test_duplicate_or_incompatible_normalized_paths_rejected[names1]" time="0.001" /><testcase classname="tests.v3.test_source" name="test_duplicate_or_incompatible_normalized_paths_rejected[names2]" time="0.001" /><testcase classname="tests.v3.test_source" name="test_each_resource_budget_is_enforced_atomically[limits0-entries0]" time="0.001" /><testcase classname="tests.v3.test_source" name="test_each_resource_budget_is_enforced_atomically[limits1-entries1]" time="0.001" /><testcase classname="tests.v3.test_source" name="test_each_resource_budget_is_enforced_atomically[limits2-entries2]" time="0.001" /><testcase classname="tests.v3.test_source" name="test_each_resource_budget_is_enforced_atomically[limits3-entries3]" time="0.001" /><testcase classname="tests.v3.test_source" name="test_each_resource_budget_is_enforced_atomically[limits4-entries4]" time="0.001" /><testcase classname="tests.v3.test_source" name="test_each_resource_budget_is_enforced_atomically[limits5-entries5]" time="0.001" /><testcase classname="tests.v3.test_source" name="test_compressed_header_bomb_is_bounded_before_tar_parsing" time="0.002" /><testcase classname="tests.v3.test_source" name="test_invalid_or_empty_archives_leave_no_partial_output[not tar]" time="0.001" /><testcase classname="tests.v3.test_source" name="test_invalid_or_empty_archives_leave_no_partial_output[]" time="0.001" /><testcase classname="tests.v3.test_source" name="test_invalid_or_empty_archives_leave_no_partial_output[empty\x00\x00\x00\x00\x00\x00\x00\x00\x00\x00\x00\x00\x00\x00\x00\x00\x00\x00\x00\x00\x00\x00\x00\x00\x00\x00\x00\x00\x00\x00\x00\x00\x00\x00\x00\x00\x00\x00\x00\x00\x00\x00\x00\x00\x00\x00\x00\x00\x00\x00\x00\x00\x00\x00\x00\x00\x00\x00\x00\x00\x00\x00\x00\x00\x00\x00\x00\x00\x00\x00\x00\x00\x00\x00\x00\x00\x00\x00\x00\x00\x00\x00\x00\x00\x00\x00\x00\x00\x00\x00\x00\x00\x00\x00\x000000644\x000000000\x000000000\x0000000000000\x0000000000000\x00007014\x00 0\x00\x00\x00\x00\x00\x00\x00\x00\x00\x00\x00\x00\x00\x00\x00\x00\x00\x00\x00\x00\x00\x00\x00\x00\x00\x00\x00\x00\x00\x00\x00\x00\x00\x00\x00\x00\x00\x00\x00\x00\x00\x00\x00\x00\x00\x00\x00\x00\x00\x00\x00\x00\x00\x00\x00\x00\x00\x00\x00\x00\x00\x00\x00\x00\x00\x00\x00\x00\x00\x00\x00\x00\x00\x00\x00\x00\x00\x00\x00\x00\x00\x00\x00\x00\x00\x00\x00\x00\x00\x00\x00\x00\x00\x00\x00\x00\x00\x00\x00\x00ustar\x0000\x00\x00\x00\x00\x00\x00\x00\x00\x00\x00\x00\x00\x00\x00\x00\x00\x00\x00\x00\x00\x00\x00\x00\x00\x00\x00\x00\x00\x00\x00\x00\x00\x00\x00\x00\x00\x00\x00\x00\x00\x00\x00\x00\x00\x00\x00\x00\x00\x00\x00\x00\x00\x00\x00\x00\x00\x00\x00\x00\x00\x00\x00\x00\x00\x00\x00\x00\x00\x00\x00\x00\x00\x00\x00\x00\x00\x00\x00\x00\x00\x00\x00\x00\x00\x00\x00\x00\x00\x00\x00\x00\x00\x00\x00\x00\x00\x00\x00\x00\x00\x00\x00\x00\x00\x00\x00\x00\x00\x00\x00\x00\x00\x00\x00\x00\x00\x00\x00\x00\x00\x00\x00\x00\x00\x00\x00\x00\x00\x00\x00\x00\x00\x00\x00\x00\x00\x00\x00\x00\x00\x00\x00\x00\x00\x00\x00\x00\x00\x00\x00\x00\x00\x00\x00\x00\x00\x00\x00\x00\x00\x00\x00\x00\x00\x00\x00\x00\x00\x00\x00\x00\x00\x00\x00\x00\x00\x00\x00\x00\x00\x00\x00\x00\x00\x00\x00\x00\x00\x00\x00\x00\x00\x00\x00\x00\x00\x00\x00\x00\x00\x00\x00\x00\x00\x00\x00\x00\x00\x00\x00\x00\x00\x00\x00\x00\x00\x00\x00\x00\x00\x00\x00\x00\x00\x00\x00\x00\x00\x00\x00\x00\x00\x00\x00\x00\x00\x00\x00\x00\x00\x00\x00\x00\x00\x00\x00\x00\x00\x00\x00\x00\x00\x00\x00\x00\x00\x00\x00\x00\x00\x00\x00\x00\x00\x00\x00\x00\x00\x00\x00\x00\x00\x00\x00\x00\x00\x00\x00\x00\x00\x00\x00\x00\x00\x00\x00\x00\x00\x00\x00\x00\x00\x00\x00\x00\x00\x00\x00\x00\x00\x00\x00\x00\x00\x00\x00\x00\x00\x00\x00\x00\x00\x00\x00\x00\x00\x00\x00\x00\x00\x00\x00\x00\x00\x00\x00\x00\x00\x00\x00\x00\x00\x00\x00\x00\x00\x00\x00\x00\x00\x00\x00\x00\x00\x00\x00\x00\x00\x00\x00\x00\x00\x00\x00\x00\x00\x00\x00\x00\x00\x00\x00\x00\x00\x00\x00\x00\x00\x00\x00\x00\x00\x00\x00\x00\x00\x00\x00\x00\x00\x00\x00\x00\x00\x00\x00\x00\x00\x00\x00\x00\x00\x00\x00\x00\x00\x00\x00\x00\x00\x00\x00\x00\x00\x00\x00\x00\x00\x00\x00\x00\x00\x00\x00\x00\x00\x00\x00\x00\x00\x00\x00\x00\x00\x00\x00\x00\x00\x00\x00\x00\x00\x00\x00\x00\x00\x00\x00\x00\x00\x00\x00\x00\x00\x00\x00\x00\x00\x00\x00\x00\x00\x00\x00\x00\x00\x00\x00\x00\x00\x00\x00\x00\x00\x00\x00\x00\x00\x00\x00\x00\x00\x00\x00\x00\x00\x00\x00\x00\x00\x00\x00\x00\x00\x00\x00\x00\x00\x00\x00\x00\x00\x00\x00\x00\x00\x00\x00\x00\x00\x00\x00\x00\x00\x00\x00\x00\x00\x00\x00\x00\x00\x00\x00\x00\x00\x00\x00\x00\x00\x00\x00\x00\x00\x00\x00\x00\x00\x00\x00\x00\x00\x00\x00\x00\x00\x00\x00\x00\x00\x00\x00\x00\x00\x00\x00\x00\x00\x00\x00\x00\x00\x00\x00\x00\x00\x00\x00\x00\x00\x00\x00\x00\x00\x00\x00\x00\x00\x00\x00\x00\x00\x00\x00\x00\x00\x00\x00\x00\x00\x00\x00\x00\x00\x00\x00\x00\x00\x00\x00\x00\x00\x00\x00\x00\x00\x00\x00\x00\x00\x00\x00\x00\x00\x00\x00\x00\x00\x00\x00\x00\x00\x00\x00\x00\x00\x00\x00\x00\x00\x00\x00\x00\x00\x00\x00\x00\x00\x00\x00\x00\x00\x00\x00\x00\x00\x00\x00\x00\x00\x00\x00\x00\x00\x00\x00\x00\x00\x00\x00\x00\x00\x00\x00\x00\x00\x00\x00\x00\x00\x00\x00\x00\x00\x00\x00\x00\x00\x00\x00\x00\x00\x00\x00\x00\x00\x00\x00\x00\x00\x00\x00\x00\x00\x00\x00\x00\x00\x00\x00\x00\x00\x00\x00\x00\x00\x00\x00\x00\x00\x00\x00\x00\x00\x00\x00\x00\x00\x00\x00\x00\x00\x00\x00\x00\x00\x00\x00\x00\x00\x00\x00\x00\x00\x00\x00\x00\x00\x00\x00\x00\x00\x00\x00\x00\x00\x00\x00\x00\x00\x00\x00\x00\x00\x00\x00\x00\x00\x00\x00\x00\x00\x00\x00\x00\x00\x00\x00\x00\x00\x00\x00\x00\x00\x00\x00\x00\x00\x00\x00\x00\x00\x00\x00\x00\x00\x00\x00\x00\x00\x00\x00\x00\x00\x00\x00\x00\x00\x00\x00\x00\x00\x00\x00\x00\x00\x00\x00\x00\x00\x00\x00\x00\x00\x00\x00\x00\x00\x00\x00\x00\x00\x00\x00\x00\x00\x00\x00\x00\x00\x00\x00\x00\x00\x00\x00\x00\x00\x00\x00\x00\x00\x00\x00\x00\x00\x00\x00\x00\x00\x00\x00\x00\x00\x00\x00\x00\x00\x00\x00\x00\x00\x00\x00\x00\x00\x00\x00\x00\x00\x00\x00\x00\x00\x00\x00\x00\x00\x00\x00\x00\x00\x00\x00\x00\x00\x00\x00\x00\x00\x00\x00\x00\x00\x00\x00\x00\x00\x00\x00\x00\x00\x00\x00\x00\x00\x00\x00\x00\x00\x00\x00\x00\x00\x00\x00\x00\x00\x00\x00\x00\x00\x00\x00\x00\x00\x00\x00\x00\x00\x00\x00\x00\x00\x00\x00\x00\x00\x00\x00\x00\x00\x00\x00\x00\x00\x00\x00\x00\x00\x00\x00\x00\x00\x00\x00\x00\x00\x00\x00\x00\x00\x00\x00\x00\x00\x00\x00\x00\x00\x00\x00\x00\x00\x00\x00\x00\x00\x00\x00\x00\x00\x00\x00\x00\x00\x00\x00\x00\x00\x00\x00\x00\x00\x00\x00\x00\x00\x00\x00\x00\x00\x00\x00\x00\x00\x00\x00\x00\x00\x00\x00\x00\x00\x00\x00\x00\x00\x00\x00\x00\x00\x00\x00\x00\x00\x00\x00\x00\x00\x00\x00\x00\x00\x00\x00\x00\x00\x00\x00\x00\x00\x00\x00\x00\x00\x00\x00\x00\x00\x00\x00\x00\x00\x00\x00\x00\x00\x00\x00\x00\x00\x00\x00\x00\x00\x00\x00\x00\x00\x00\x00\x00\x00\x00\x00\x00\x00\x00\x00\x00\x00\x00\x00\x00\x00\x00\x00\x00\x00\x00\x00\x00\x00\x00\x00\x00\x00\x00\x00\x00\x00\x00\x00\x00\x00\x00\x00\x00\x00\x00\x00\x00\x00\x00\x00\x00\x00\x00\x00\x00\x00\x00\x00\x00\x00\x00\x00\x00\x00\x00\x00\x00\x00\x00\x00\x00\x00\x00\x00\x00\x00\x00\x00\x00\x00\x00\x00\x00\x00\x00\x00\x00\x00\x00\x00\x00\x00\x00\x00\x00\x00\x00\x00\x00\x00\x00\x00\x00\x00\x00\x00\x00\x00\x00\x00\x00\x00\x00\x00\x00\x00\x00\x00\x00\x00\x00\x00\x00\x00\x00\x00\x00\x00\x00\x00\x00\x00\x00\x00\x00\x00\x00\x00\x00\x00\x00\x00\x00\x00\x00\x00\x00\x00\x00\x00\x00\x00\x00\x00\x00\x00\x00\x00\x00\x00\x00\x00\x00\x00\x00\x00\x00\x00\x00\x00\x00\x00\x00\x00\x00\x00\x00\x00\x00\x00\x00\x00\x00\x00\x00\x00\x00\x00\x00\x00\x00\x00\x00\x00\x00\x00\x00\x00\x00\x00\x00\x00\x00\x00\x00\x00\x00\x00\x00\x00\x00\x00\x00\x00\x00\x00\x00\x00\x00\x00\x00\x00\x00\x00\x00\x00\x00\x00\x00\x00\x00\x00\x00\x00\x00\x00\x00\x00\x00\x00\x00\x00\x00\x00\x00\x00\x00\x00\x00\x00\x00\x00\x00\x00\x00\x00\x00\x00\x00\x00\x00\x00\x00\x00\x00\x00\x00\x00\x00\x00\x00\x00\x00\x00\x00\x00\x00\x00\x00\x00\x00\x00\x00\x00\x00\x00\x00\x00\x00\x00\x00\x00\x00\x00\x00\x00\x00\x00\x00\x00\x00\x00\x00\x00\x00\x00\x00\x00\x00\x00\x00\x00\x00\x00\x00\x00\x00\x00\x00\x00\x00\x00\x00\x00\x00\x00\x00\x00\x00\x00\x00\x00\x00\x00\x00\x00\x00\x00\x00\x00\x00\x00\x00\x00\x00\x00\x00\x00\x00\x00\x00\x00\x00\x00\x00\x00\x00\x00\x00\x00\x00\x00\x00\x00\x00\x00\x00\x00\x00\x00\x00\x00\x00\x00\x00\x00\x00\x00\x00\x00\x00\x00\x00\x00\x00\x00\x00\x00\x00\x00\x00\x00\x00\x00\x00\x00\x00\x00\x00\x00\x00\x00\x00\x00\x00\x00\x00\x00\x00\x00\x00\x00\x00\x00\x00\x00\x00\x00\x00\x00\x00\x00\x00\x00\x00\x00\x00\x00\x00\x00\x00\x00\x00\x00\x00\x00\x00\x00\x00\x00\x00\x00\x00\x00\x00\x00\x00\x00\x00\x00\x00\x00\x00\x00\x00\x00\x00\x00\x00\x00\x00\x00\x00\x00\x00\x00\x00\x00\x00\x00\x00\x00\x00\x00\x00\x00\x00\x00\x00\x00\x00\x00\x00\x00\x00\x00\x00\x00\x00\x00\x00\x00\x00\x00\x00\x00\x00\x00\x00\x00\x00\x00\x00\x00\x00\x00\x00\x00\x00\x00\x00\x00\x00\x00\x00\x00\x00\x00\x00\x00\x00\x00\x00\x00\x00\x00\x00\x00\x00\x00\x00\x00\x00\x00\x00\x00\x00\x00\x00\x00\x00\x00\x00\x00\x00\x00\x00\x00\x00\x00\x00\x00\x00\x00\x00\x00\x00\x00\x00\x00\x00\x00\x00\x00\x00\x00\x00\x00\x00\x00\x00\x00\x00\x00\x00\x00\x00\x00\x00\x00\x00\x00\x00\x00\x00\x00\x00\x00\x00\x00\x00\x00\x00\x00\x00\x00\x00\x00\x00\x00\x00\x00\x00\x00\x00\x00\x00\x00\x00\x00\x00\x00\x00\x00\x00\x00\x00\x00\x00\x00\x00\x00\x00\x00\x00\x00\x00\x00\x00\x00\x00\x00\x00\x00\x00\x00\x00\x00\x00\x00\x00\x00\x00\x00\x00\x00\x00\x00\x00\x00\x00\x00\x00\x00\x00\x00\x00\x00\x00\x00\x00\x00\x00\x00\x00\x00\x00\x00\x00\x00\x00\x00\x00\x00\x00\x00\x00\x00\x00\x00\x00\x00\x00\x00\x00\x00\x00\x00\x00\x00\x00\x00\x00\x00\x00\x00\x00\x00\x00\x00\x00\x00\x00\x00\x00\x00\x00\x00\x00\x00\x00\x00\x00\x00\x00\x00\x00\x00\x00\x00\x00\x00\x00\x00\x00\x00\x00\x00\x00\x00\x00\x00\x00\x00\x00\x00\x00\x00\x00\x00\x00\x00\x00\x00\x00\x00\x00\x00\x00\x00\x00\x00\x00\x00\x00\x00\x00\x00\x00\x00\x00\x00\x00\x00\x00\x00\x00\x00\x00\x00\x00\x00\x00\x00\x00\x00\x00\x00\x00\x00\x00\x00\x00\x00\x00\x00\x00\x00\x00\x00\x00\x00\x00\x00\x00\x00\x00\x00\x00\x00\x00\x00\x00\x00\x00\x00\x00\x00\x00\x00\x00\x00\x00\x00\x00\x00\x00\x00\x00\x00\x00\x00\x00\x00\x00\x00\x00\x00\x00\x00\x00\x00\x00\x00\x00\x00\x00\x00\x00\x00\x00\x00\x00\x00\x00\x00\x00\x00\x00\x00\x00\x00\x00\x00\x00\x00\x00\x00\x00\x00\x00\x00\x00\x00\x00\x00\x00\x00\x00\x00\x00\x00\x00\x00\x00\x00\x00\x00\x00\x00\x00\x00\x00\x00\x00\x00\x00\x00\x00\x00\x00\x00\x00\x00\x00\x00\x00\x00\x00\x00\x00\x00\x00\x00\x00\x00\x00\x00\x00\x00\x00\x00\x00\x00\x00\x00\x00\x00\x00\x00\x00\x00\x00\x00\x00\x00\x00\x00\x00\x00\x00\x00\x00\x00\x00\x00\x00\x00\x00\x00\x00\x00\x00\x00\x00\x00\x00\x00\x00\x00\x00\x00\x00\x00\x00\x00\x00\x00\x00\x00\x00\x00\x00\x00\x00\x00\x00\x00\x00\x00\x00\x00\x00\x00\x00\x00\x00\x00\x00\x00\x00\x00\x00\x00\x00\x00\x00\x00\x00\x00\x00\x00\x00\x00\x00\x00\x00\x00\x00\x00\x00\x00\x00\x00\x00\x00\x00\x00\x00\x00\x00\x00\x00\x00\x00\x00\x00\x00\x00\x00\x00\x00\x00\x00\x00\x00\x00\x00\x00\x00\x00\x00\x00\x00\x00\x00\x00\x00\x00\x00\x00\x00\x00\x00\x00\x00\x00\x00\x00\x00\x00\x00\x00\x00\x00\x00\x00\x00\x00\x00\x00\x00\x00\x00\x00\x00\x00\x00\x00\x00\x00\x00\x00\x00\x00\x00\x00\x00\x00\x00\x00\x00\x00\x00\x00\x00\x00\x00\x00\x00\x00\x00\x00\x00\x00\x00\x00\x00\x00\x00\x00\x00\x00\x00\x00\x00\x00\x00\x00\x00\x00\x00\x00\x00\x00\x00\x00\x00\x00\x00\x00\x00\x00\x00\x00\x00\x00\x00\x00\x00\x00\x00\x00\x00\x00\x00\x00\x00\x00\x00\x00\x00\x00\x00\x00\x00\x00\x00\x00\x00\x00\x00\x00\x00\x00\x00\x00\x00\x00\x00\x00\x00\x00\x00\x00\x00\x00\x00\x00\x00\x00\x00\x00\x00\x00\x00\x00\x00\x00\x00\x00\x00\x00\x00\x00\x00\x00\x00\x00\x00\x00\x00\x00\x00\x00\x00\x00\x00\x00\x00\x00\x00\x00\x00\x00\x00\x00\x00\x00\x00\x00\x00\x00\x00\x00\x00\x00\x00\x00\x00\x00\x00\x00\x00\x00\x00\x00\x00\x00\x00\x00\x00\x00\x00\x00\x00\x00\x00\x00\x00\x00\x00\x00\x00\x00\x00\x00\x00\x00\x00\x00\x00\x00\x00\x00\x00\x00\x00\x00\x00\x00\x00\x00\x00\x00\x00\x00\x00\x00\x00\x00\x00\x00\x00\x00\x00\x00\x00\x00\x00\x00\x00\x00\x00\x00\x00\x00\x00\x00\x00\x00\x00\x00\x00\x00\x00\x00\x00\x00\x00\x00\x00\x00\x00\x00\x00\x00\x00\x00\x00\x00\x00\x00\x00\x00\x00\x00\x00\x00\x00\x00\x00\x00\x00\x00\x00\x00\x00\x00\x00\x00\x00\x00\x00\x00\x00\x00\x00\x00\x00\x00\x00\x00\x00\x00\x00\x00\x00\x00\x00\x00\x00\x00\x00\x00\x00\x00\x00\x00\x00\x00\x00\x00\x00\x00\x00\x00\x00\x00\x00\x00\x00\x00\x00\x00\x00\x00\x00\x00\x00\x00\x00\x00\x00\x00\x00\x00\x00\x00\x00\x00\x00\x00\x00\x00\x00\x00\x00\x00\x00\x00\x00\x00\x00\x00\x00\x00\x00\x00\x00\x00\x00\x00\x00\x00\x00\x00\x00\x00\x00\x00\x00\x00\x00\x00\x00\x00\x00\x00\x00\x00\x00\x00\x00\x00\x00\x00\x00\x00\x00\x00\x00\x00\x00\x00\x00\x00\x00\x00\x00\x00\x00\x00\x00\x00\x00\x00\x00\x00\x00\x00\x00\x00\x00\x00\x00\x00\x00\x00\x00\x00\x00\x00\x00\x00\x00\x00\x00\x00\x00\x00\x00\x00\x00\x00\x00\x00\x00\x00\x00\x00\x00\x00\x00\x00\x00\x00\x00\x00\x00\x00\x00\x00\x00\x00\x00\x00\x00\x00\x00\x00\x00\x00\x00\x00\x00\x00\x00\x00\x00\x00\x00\x00\x00\x00\x00\x00\x00\x00\x00\x00\x00\x00\x00\x00\x00\x00\x00\x00\x00\x00\x00\x00\x00\x00\x00\x00\x00\x00\x00\x00\x00\x00\x00\x00\x00\x00\x00\x00\x00\x00\x00\x00\x00\x00\x00\x00\x00\x00\x00\x00\x00\x00\x00\x00\x00\x00\x00\x00\x00\x00\x00\x00\x00\x00\x00\x00\x00\x00\x00\x00\x00\x00\x00\x00\x00\x00\x00\x00\x00\x00\x00\x00\x00\x00\x00\x00\x00\x00\x00\x00\x00\x00\x00\x00\x00\x00\x00\x00\x00\x00\x00\x00\x00\x00\x00\x00\x00\x00\x00\x00\x00\x00\x00\x00\x00\x00\x00\x00\x00\x00\x00\x00\x00\x00\x00\x00\x00\x00\x00\x00\x00\x00\x00\x00\x00\x00\x00\x00\x00\x00\x00\x00\x00\x00\x00\x00\x00\x00\x00\x00\x00\x00\x00\x00\x00\x00\x00\x00\x00\x00\x00\x00\x00\x00\x00\x00\x00\x00\x00\x00\x00\x00\x00\x00\x00\x00\x00\x00\x00\x00\x00\x00\x00\x00\x00\x00\x00\x00\x00\x00\x00\x00\x00\x00\x00\x00\x00\x00\x00\x00\x00\x00\x00\x00\x00\x00\x00\x00\x00\x00\x00\x00\x00\x00\x00\x00\x00\x00\x00\x00\x00\x00\x00\x00\x00\x00\x00\x00\x00\x00\x00\x00\x00\x00\x00\x00\x00\x00\x00\x00\x00\x00\x00\x00\x00\x00\x00\x00\x00\x00\x00\x00\x00\x00\x00\x00\x00\x00\x00\x00\x00\x00\x00\x00\x00\x00\x00\x00\x00\x00\x00\x00\x00\x00\x00\x00\x00\x00\x00\x00\x00\x00\x00\x00\x00\x00\x00\x00\x00\x00\x00\x00\x00\x00\x00\x00\x00\x00\x00\x00\x00\x00\x00\x00\x00\x00\x00\x00\x00\x00\x00\x00\x00\x00\x00\x00\x00\x00\x00\x00\x00\x00\x00\x00\x00\x00\x00\x00\x00\x00\x00\x00\x00\x00\x00\x00\x00\x00\x00\x00\x00\x00\x00\x00\x00\x00\x00\x00\x00\x00\x00\x00\x00\x00\x00\x00\x00\x00\x00\x00\x00\x00\x00\x00\x00\x00\x00\x00\x00\x00\x00\x00\x00\x00\x00\x00\x00\x00\x00\x00\x00\x00\x00\x00\x00\x00\x00\x00\x00\x00\x00\x00\x00\x00\x00\x00\x00\x00\x00\x00\x00\x00\x00\x00\x00\x00\x00\x00\x00\x00\x00\x00\x00\x00\x00\x00\x00\x00\x00\x00\x00\x00\x00\x00\x00\x00\x00\x00\x00\x00\x00\x00\x00\x00\x00\x00\x00\x00\x00\x00\x00\x00\x00\x00\x00\x00\x00\x00\x00\x00\x00\x00\x00\x00\x00\x00\x00\x00\x00\x00\x00\x00\x00\x00\x00\x00\x00\x00\x00\x00\x00\x00\x00\x00\x00\x00\x00\x00\x00\x00\x00\x00\x00\x00\x00\x00\x00\x00\x00\x00\x00\x00\x00\x00\x00\x00\x00\x00\x00\x00\x00\x00\x00\x00\x00\x00\x00\x00\x00\x00\x00\x00\x00\x00\x00\x00\x00\x00\x00\x00\x00\x00\x00\x00\x00\x00\x00\x00\x00\x00\x00\x00\x00\x00\x00\x00\x00\x00\x00\x00\x00\x00\x00\x00\x00\x00\x00\x00\x00\x00\x00\x00\x00\x00\x00\x00\x00\x00\x00\x00\x00\x00\x00\x00\x00\x00\x00\x00\x00\x00\x00\x00\x00\x00\x00\x00\x00\x00\x00\x00\x00\x00\x00\x00\x00\x00\x00\x00\x00\x00\x00\x00\x00\x00\x00\x00\x00\x00\x00\x00\x00\x00\x00\x00\x00\x00\x00\x00\x00\x00\x00\x00\x00\x00\x00\x00\x00\x00\x00\x00\x00\x00\x00\x00\x00\x00\x00\x00\x00\x00\x00\x00\x00\x00\x00\x00\x00\x00\x00\x00\x00\x00\x00\x00\x00\x00\x00\x00\x00\x00\x00\x00\x00\x00\x00\x00\x00\x00\x00\x00\x00\x00\x00\x00\x00\x00\x00\x00\x00\x00\x00\x00\x00\x00\x00\x00\x00\x00\x00\x00\x00\x00\x00\x00\x00\x00\x00\x00\x00\x00\x00\x00\x00\x00\x00\x00\x00\x00\x00\x00\x00\x00\x00\x00\x00\x00\x00\x00\x00\x00\x00\x00\x00\x00\x00\x00\x00\x00\x00\x00\x00\x00\x00\x00\x00\x00\x00\x00\x00\x00\x00\x00\x00\x00\x00\x00\x00\x00\x00\x00\x00\x00\x00\x00\x00\x00\x00\x00\x00\x00\x00\x00\x00\x00\x00\x00\x00\x00\x00\x00\x00\x00\x00\x00\x00\x00\x00\x00\x00\x00\x00\x00\x00\x00\x00\x00\x00\x00\x00\x00\x00\x00\x00\x00\x00\x00\x00\x00\x00\x00\x00\x00\x00\x00\x00\x00\x00\x00\x00\x00\x00\x00\x00\x00\x00\x00\x00\x00\x00\x00\x00\x00\x00\x00\x00\x00\x00\x00\x00\x00\x00\x00\x00\x00\x00\x00\x00\x00\x00\x00\x00\x00\x00\x00\x00\x00\x00\x00\x00\x00\x00\x00\x00\x00\x00\x00\x00\x00\x00\x00\x00\x00\x00\x00\x00\x00\x00\x00\x00\x00\x00\x00\x00\x00\x00\x00\x00\x00\x00\x00\x00\x00\x00\x00\x00\x00\x00\x00\x00\x00\x00\x00\x00\x00\x00\x00\x00\x00\x00\x00\x00\x00\x00\x00\x00\x00\x00\x00\x00\x00\x00\x00\x00\x00\x00\x00\x00\x00\x00\x00\x00\x00\x00\x00\x00\x00\x00\x00\x00\x00\x00\x00\x00\x00\x00\x00\x00\x00\x00\x00\x00\x00\x00\x00\x00\x00\x00\x00\x00\x00\x00\x00\x00\x00\x00\x00\x00\x00\x00\x00\x00\x00\x00\x00\x00\x00\x00\x00\x00\x00\x00\x00\x00\x00\x00\x00\x00\x00\x00\x00\x00\x00\x00\x00\x00\x00\x00\x00\x00\x00\x00\x00\x00\x00\x00\x00\x00\x00\x00\x00\x00\x00\x00\x00\x00\x00\x00\x00\x00\x00\x00\x00\x00\x00\x00\x00\x00\x00\x00\x00\x00\x00\x00\x00\x00\x00\x00\x00\x00\x00\x00\x00\x00\x00\x00\x00\x00\x00\x00\x00\x00\x00\x00\x00\x00\x00\x00\x00\x00\x00\x00\x00\x00\x00\x00\x00\x00\x00\x00\x00\x00\x00\x00\x00\x00\x00\x00\x00\x00\x00\x00\x00\x00\x00\x00\x00\x00\x00\x00\x00\x00\x00\x00\x00\x00\x00\x00\x00\x00\x00\x00\x00\x00\x00\x00\x00\x00\x00\x00\x00\x00\x00\x00\x00\x00\x00\x00\x00\x00\x00\x00\x00\x00\x00\x00\x00\x00\x00\x00\x00\x00\x00\x00\x00\x00\x00\x00\x00\x00\x00\x00\x00\x00\x00\x00\x00\x00\x00\x00\x00\x00\x00\x00\x00\x00\x00\x00\x00\x00\x00\x00\x00\x00\x00\x00\x00\x00\x00\x00\x00\x00\x00\x00\x00\x00\x00\x00\x00\x00\x00\x00\x00\x00\x00\x00\x00\x00\x00\x00\x00\x00\x00\x00\x00\x00\x00\x00\x00\x00\x00\x00\x00\x00\x00\x00\x00\x00\x00\x00\x00\x00\x00\x00\x00\x00\x00\x00\x00\x00\x00\x00\x00\x00\x00\x00\x00\x00\x00\x00\x00\x00\x00\x00\x00\x00\x00\x00\x00\x00\x00\x00\x00\x00\x00\x00\x00\x00\x00\x00\x00\x00\x00\x00\x00\x00\x00\x00\x00\x00\x00\x00\x00\x00\x00\x00\x00\x00\x00\x00\x00\x00\x00\x00\x00\x00\x00\x00\x00\x00\x00\x00\x00\x00\x00\x00\x00\x00\x00\x00\x00\x00\x00\x00\x00\x00\x00\x00\x00\x00\x00\x00\x00\x00\x00\x00\x00\x00\x00\x00\x00\x00\x00\x00\x00\x00\x00\x00\x00\x00\x00\x00\x00\x00\x00\x00\x00\x00\x00\x00\x00\x00\x00\x00\x00\x00\x00\x00\x00\x00\x00\x00\x00\x00\x00\x00\x00\x00\x00\x00\x00\x00\x00\x00\x00\x00\x00\x00\x00\x00\x00\x00\x00\x00\x00\x00\x00\x00\x00\x00\x00\x00\x00\x00\x00\x00\x00\x00\x00\x00\x00\x00\x00\x00\x00\x00\x00\x00\x00\x00\x00\x00\x00\x00\x00\x00\x00\x00\x00\x00\x00\x00\x00\x00\x00\x00\x00\x00\x00\x00\x00\x00\x00\x00\x00\x00\x00\x00\x00\x00\x00\x00\x00\x00\x00\x00\x00\x00\x00\x00\x00\x00\x00\x00\x00\x00\x00\x00\x00\x00\x00\x00\x00\x00\x00\x00\x00\x00\x00\x00\x00\x00\x00\x00\x00\x00\x00\x00\x00\x00\x00\x00\x00\x00\x00\x00\x00\x00\x00\x00\x00\x00\x00\x00\x00\x00\x00\x00\x00\x00\x00\x00\x00\x00\x00\x00\x00\x00\x00\x00\x00\x00\x00\x00\x00\x00\x00\x00\x00\x00\x00\x00\x00\x00\x00\x00\x00\x00\x00\x00\x00\x00\x00\x00\x00\x00\x00\x00\x00\x00\x00\x00\x00\x00\x00\x00\x00\x0
[...]
\x00\x00\x00\x00\x00\x00\x00\x00\x00\x00\x00\x00\x00\x00\x00\x00\x00\x00\x00\x00\x00\x00\x00\x00\x00\x00\x00\x00\x00\x00\x00\x00\x00\x00\x00\x00\x00\x00\x00\x00\x00\x00\x00\x00\x00\x00\x00\x00\x00\x00\x00\x00\x00\x00\x00\x00\x00\x00\x00\x00\x00\x00\x00\x00\x00\x00\x00\x00\x00\x00\x00\x00\x00\x00\x00\x00\x00\x00\x00\x00\x00\x00\x00\x00\x00\x00\x00\x00\x00\x00\x00\x00\x00\x00\x00\x00\x00\x00\x00\x00\x00\x00\x00\x00\x00\x00\x00\x00\x00\x00\x00\x00\x00\x00\x00\x00\x00\x00\x00\x00\x00\x00\x00\x00\x00\x00\x00\x00\x00\x00\x00\x00\x00\x00\x00\x00\x00\x00\x00\x00\x00\x00\x00\x00\x00\x00\x00\x00\x00\x00\x00\x00\x00\x00\x00\x00\x00\x00\x00\x00\x00\x00\x00\x00\x00\x00\x00\x00\x00\x00\x00\x00\x00\x00\x00\x00\x00\x00\x00\x00\x00\x00\x00\x00\x00\x00\x00\x00\x00\x00\x00\x00\x00\x00\x00\x00\x00\x00\x00\x00\x00\x00\x00\x00\x00\x00\x00\x00\x00\x00\x00\x00\x00\x00\x00\x00\x00\x00\x00\x00\x00\x00\x00\x00\x00\x00\x00\x00\x00\x00\x00\x00\x00\x00\x00\x00\x00\x00\x00\x00\x00\x00\x00\x00\x00\x00\x00\x00\x00\x00\x00\x00\x00\x00\x00\x00\x00\x00\x00\x00\x00\x00\x00\x00\x00\x00\x00\x00\x00\x00\x00\x00\x00\x00\x00\x00\x00\x00\x00\x00\x00\x00\x00\x00\x00\x00\x00\x00\x00\x00\x00\x00\x00\x00\x00\x00\x00\x00\x00\x00\x00\x00\x00\x00\x00\x00\x00\x00\x00\x00\x00\x00\x00\x00\x00\x00\x00\x00\x00\x00\x00\x00\x00\x00\x00\x00\x00\x00\x00\x00\x00\x00\x00\x00\x00\x00\x00\x00\x00\x00\x00\x00\x00\x00\x00\x00\x00\x00\x00\x00\x00\x00\x00\x00\x00\x00\x00\x00\x00\x00\x00\x00\x00\x00\x00\x00\x00\x00\x00\x00\x00\x00\x00\x00\x00\x00\x00\x00\x00\x00\x00\x00\x00\x00\x00\x00\x00\x00\x00\x00\x00\x00\x00\x00\x00\x00\x00\x00\x00\x00\x00\x00\x00\x00\x00\x00\x00\x00\x00\x00\x00\x00\x00\x00\x00\x00\x00\x00\x00\x00\x00\x00\x00\x00\x00\x00\x00\x00\x00\x00\x00\x00\x00\x00\x00\x00\x00\x00\x00\x00\x00\x00\x00\x00\x00\x00\x00\x00\x00\x00\x00\x00\x00\x00\x00\x00\x00\x00\x00\x00\x00\x00\x00\x00\x00\x00\x00\x00\x00\x00\x00\x00\x00\x00\x00\x00\x00\x00\x00\x00\x00\x00\x00\x00\x00\x00\x00\x00\x00\x00\x00\x00\x00\x00\x00\x00\x00\x00\x00\x00\x00\x00\x00\x00\x00\x00\x00\x00\x00\x00\x00\x00\x00\x00\x00\x00\x00\x00\x00\x00\x00\x00\x00\x00\x00\x00\x00\x00\x00\x00\x00\x00\x00\x00\x00\x00\x00\x00\x00\x00\x00\x00\x00\x00\x00\x00\x00\x00\x00\x00\x00\x00\x00\x00\x00\x00\x00\x00\x00\x00\x00\x00\x00\x00\x00\x00\x00\x00\x00\x00\x00\x00\x00\x00\x00\x00\x00\x00\x00\x00\x00\x00\x00\x00\x00\x00\x00\x00\x00\x00\x00\x00\x00\x00\x00\x00\x00\x00\x00\x00\x00\x00\x00\x00\x00\x00\x00\x00\x00\x00\x00\x00\x00\x00\x00\x00\x00\x00\x00\x00\x00\x00\x00\x00\x00\x00\x00\x00\x00\x00\x00\x00\x00\x00\x00\x00\x00\x00\x00\x00\x00\x00\x00\x00\x00\x00\x00\x00\x00\x00\x00\x00\x00\x00\x00\x00\x00\x00\x00\x00\x00\x00\x00\x00\x00\x00\x00\x00\x00\x00\x00\x00\x00\x00\x00\x00\x00\x00\x00\x00\x00\x00\x00\x00\x00\x00\x00\x00\x00\x00\x00\x00\x00\x00\x00\x00\x00\x00\x00\x00\x00\x00\x00\x00\x00\x00\x00\x00\x00\x00\x00\x00\x00\x00\x00\x00\x00\x00\x00\x00\x00\x00\x00\x00\x00\x00\x00\x00\x00\x00\x00\x00\x00\x00\x00\x00\x00\x00\x00\x00\x00\x00\x00\x00\x00\x00\x00\x00\x00\x00\x00\x00\x00\x00\x00\x00\x00\x00\x00\x00\x00\x00\x00\x00\x00\x00\x00\x00\x00\x00\x00\x00\x00\x00\x00\x00\x00\x00\x00\x00\x00\x00\x00\x00\x00\x00\x00\x00\x00\x00\x00\x00\x00\x00\x00\x00\x00\x00\x00\x00\x00\x00\x00\x00\x00\x00\x00\x00\x00\x00\x00\x00\x00\x00\x00\x00\x00\x00\x00\x00\x00\x00\x00\x00\x00\x00\x00\x00\x00\x00\x00\x00\x00\x00\x00\x00\x00\x00\x00\x00\x00\x00\x00\x00\x00\x00\x00\x00\x00\x00\x00\x00\x00\x00\x00\x00\x00\x00\x00\x00\x00\x00\x00\x00\x00\x00\x00\x00\x00\x00\x00\x00\x00\x00\x00\x00\x00\x00\x00\x00\x00\x00\x00\x00\x00\x00\x00\x00\x00\x00\x00\x00\x00\x00\x00\x00\x00\x00\x00\x00\x00\x00\x00\x00\x00\x00\x00\x00\x00\x00\x00\x00\x00\x00\x00\x00\x00\x00\x00\x00\x00\x00\x00\x00\x00\x00\x00\x00\x00\x00\x00\x00\x00\x00\x00\x00\x00\x00\x00\x00\x00\x00\x00\x00\x00\x00\x00\x00\x00\x00\x00\x00\x00\x00\x00\x00\x00\x00\x00\x00\x00\x00\x00\x00\x00\x00\x00\x00\x00\x00\x00\x00\x00\x00\x00\x00\x00\x00\x00\x00\x00\x00\x00\x00\x00\x00\x00\x00\x00\x00\x00\x00\x00\x00\x00\x00\x00\x00\x00\x00\x00\x00\x00\x00\x00\x00\x00\x00\x00\x00\x00\x00\x00\x00\x00\x00\x00\x00\x00\x00\x00\x00\x00\x00\x00\x00\x00\x00\x00\x00\x00\x00\x00\x00\x00\x00\x00\x00\x00\x00\x00\x00\x00\x00\x00\x00\x00\x00\x00\x00\x00\x00\x00\x00\x00\x00\x00\x00\x00\x00\x00\x00\x00\x00\x00\x00\x00\x00\x00\x00\x00\x00\x00\x00\x00\x00\x00\x00\x00\x00\x00\x00\x00\x00\x00\x00\x00\x00\x00\x00\x00\x00\x00\x00\x00\x00\x00\x00\x00\x00\x00\x00\x00\x00\x00\x00\x00\x00\x00\x00\x00\x00\x00\x00\x00\x00\x00\x00\x00\x00\x00\x00\x00\x00\x00\x00\x00\x00\x00\x00\x00\x00\x00\x00\x00\x00\x00\x00\x00\x00\x00\x00\x00\x00\x00\x00\x00\x00\x00\x00\x00\x00\x00\x00\x00\x00\x00\x00\x00\x00\x00\x00\x00\x00\x00\x00\x00\x00\x00\x00\x00\x00\x00\x00\x00\x00\x00\x00\x00\x00\x00\x00\x00\x00\x00\x00\x00\x00\x00\x00\x00\x00\x00\x00\x00\x00\x00\x00\x00\x00\x00\x00\x00\x00\x00\x00\x00\x00\x00\x00\x00\x00\x00\x00\x00\x00\x00\x00\x00\x00\x00\x00\x00\x00\x00\x00\x00\x00\x00\x00\x00\x00\x00\x00\x00\x00\x00\x00\x00\x00\x00\x00\x00\x00\x00\x00\x00\x00\x00\x00\x00\x00\x00\x00\x00\x00\x00\x00\x00\x00\x00\x00\x00\x00\x00\x00\x00\x00\x00\x00\x00\x00\x00\x00\x00\x00\x00\x00\x00\x00\x00\x00\x00\x00\x00\x00\x00\x00\x00\x00\x00\x00\x00\x00\x00\x00\x00\x00\x00\x00\x00\x00\x00\x00\x00\x00\x00\x00\x00\x00\x00\x00\x00\x00\x00\x00\x00\x00\x00\x00\x00\x00\x00\x00\x00\x00\x00\x00\x00\x00\x00\x00\x00\x00\x00\x00\x00\x00\x00\x00\x00\x00\x00\x00\x00\x00\x00\x00\x00\x00\x00\x00\x00\x00\x00\x00\x00\x00\x00\x00\x00\x00\x00\x00\x00\x00\x00\x00\x00\x00\x00\x00\x00\x00\x00\x00\x00\x00\x00\x00\x00\x00\x00\x00\x00\x00\x00\x00\x00\x00\x00\x00\x00\x00\x00\x00\x00\x00\x00\x00\x00\x00\x00\x00\x00\x00\x00\x00\x00\x00\x00\x00\x00\x00\x00\x00\x00\x00\x00\x00\x00\x00\x00\x00\x00\x00\x00\x00\x00\x00\x00\x00\x00\x00\x00\x00\x00\x00\x00\x00\x00\x00\x00\x00\x00\x00\x00\x00\x00\x00\x00\x00\x00\x00\x00\x00\x00\x00\x00\x00\x00\x00\x00\x00\x00\x00\x00\x00\x00\x00\x00\x00\x00\x00\x00\x00\x00\x00\x00\x00\x00\x00\x00\x00\x00\x00\x00\x00\x00\x00\x00\x00\x00\x00\x00\x00\x00\x00\x00\x00\x00\x00\x00\x00\x00\x00\x00\x00\x00\x00\x00\x00\x00\x00\x00\x00\x00\x00\x00\x00\x00\x00\x00\x00\x00\x00\x00\x00\x00\x00\x00\x00\x00\x00\x00\x00\x00\x00\x00\x00\x00\x00\x00\x00\x00\x00\x00\x00\x00\x00\x00\x00\x00\x00\x00\x00\x00\x00\x00\x00\x00\x00\x00\x00\x00\x00\x00\x00\x00\x00\x00\x00\x00\x00\x00\x00\x00\x00\x00\x00\x00\x00\x00\x00\x00\x00\x00\x00\x00\x00\x00\x00\x00\x00\x00\x00\x00\x00\x00\x00\x00\x00\x00\x00\x00\x00\x00\x00\x00\x00\x00\x00\x00\x00\x00\x00\x00\x00\x00\x00\x00\x00\x00\x00\x00\x00\x00\x00\x00\x00\x00\x00\x00\x00\x00\x00\x00\x00\x00\x00\x00\x00\x00\x00\x00\x00\x00\x00\x00\x00\x00\x00\x00\x00\x00\x00\x00\x00\x00\x00\x00\x00\x00\x00\x00\x00\x00\x00\x00\x00\x00\x00\x00\x00\x00\x00\x00\x00\x00\x00\x00\x00\x00\x00\x00\x00\x00\x00\x00\x00\x00\x00\x00\x00\x00\x00\x00\x00\x00\x00\x00\x00\x00\x00\x00\x00\x00\x00\x00\x00\x00\x00\x00\x00\x00\x00\x00\x00\x00\x00\x00\x00\x00\x00\x00\x00\x00\x00\x00\x00\x00\x00\x00\x00\x00\x00\x00\x00\x00\x00\x00\x00\x00\x00\x00\x00\x00\x00\x00\x00\x00\x00\x00\x00\x00\x00\x00\x00\x00\x00\x00\x00\x00\x00\x00\x00\x00\x00\x00\x00\x00\x00\x00\x00\x00\x00\x00\x00\x00\x00\x00\x00\x00\x00\x00\x00\x00\x00\x00\x00\x00\x00\x00\x00\x00\x00\x00\x00\x00\x00\x00\x00\x00\x00\x00\x00\x00\x00\x00\x00\x00\x00\x00\x00\x00\x00\x00\x00\x00\x00\x00\x00\x00\x00\x00\x00\x00\x00\x00\x00\x00\x00\x00\x00\x00\x00\x00\x00\x00\x00\x00\x00\x00\x00\x00\x00\x00\x00\x00\x00\x00\x00\x00\x00\x00\x00\x00\x00\x00\x00\x00\x00\x00\x00\x00\x00\x00\x00\x00\x00\x00\x00\x00\x00\x00\x00\x00\x00\x00\x00\x00\x00\x00\x00\x00\x00\x00\x00\x00\x00\x00\x00\x00\x00\x00\x00\x00\x00\x00\x00\x00\x00\x00\x00\x00\x00\x00\x00\x00\x00\x00\x00\x00\x00\x00\x00\x00\x00\x00\x00\x00\x00\x00\x00\x00\x00\x00\x00\x00\x00\x00\x00\x00\x00\x00\x00\x00\x00\x00\x00\x00\x00\x00\x00\x00\x00\x00\x00\x00\x00\x00\x00\x00\x00\x00\x00\x00\x00\x00\x00\x00\x00\x00\x00\x00\x00\x00\x00\x00\x00\x00\x00\x00\x00\x00\x00\x00\x00\x00\x00\x00\x00\x00\x00\x00\x00\x00\x00\x00\x00\x00\x00\x00\x00\x00\x00\x00\x00\x00\x00\x00\x00\x00\x00\x00\x00\x00\x00\x00\x00\x00\x00\x00\x00\x00\x00\x00\x00\x00\x00\x00\x00\x00\x00\x00\x00\x00\x00\x00\x00\x00\x00\x00\x00\x00\x00\x00\x00\x00\x00\x00\x00\x00\x00\x00\x00\x00\x00\x00\x00\x00\x00\x00\x00\x00\x00\x00\x00\x00\x00\x00\x00\x00\x00\x00\x00\x00\x00\x00\x00\x00\x00\x00\x00\x00\x00\x00\x00\x00\x00\x00\x00\x00\x00\x00\x00\x00\x00\x00\x00\x00\x00\x00\x00\x00\x00\x00\x00\x00\x00\x00\x00\x00\x00\x00\x00\x00\x00\x00\x00\x00\x00\x00\x00\x00\x00\x00\x00\x00\x00\x00\x00\x00\x00\x00\x00\x00\x00\x00\x00\x00\x00\x00\x00\x00\x00\x00\x00\x00\x00\x00\x00\x00\x00\x00\x00\x00\x00\x00\x00\x00\x00\x00\x00\x00\x00\x00\x00\x00\x00\x00\x00\x00\x00\x00\x00\x00\x00\x00\x00\x00\x00\x00\x00\x00\x00\x00\x00\x00\x00\x00\x00\x00\x00\x00\x00\x00\x00\x00\x00\x00\x00\x00\x00\x00\x00\x00\x00\x00\x00\x00\x00\x00\x00\x00\x00\x00\x00\x00\x00\x00\x00\x00\x00\x00\x00\x00\x00\x00\x00\x00\x00\x00\x00\x00\x00\x00\x00\x00\x00\x00\x00\x00\x00\x00\x00\x00\x00\x00\x00\x00\x00\x00\x00\x00\x00\x00\x00\x00\x00\x00\x00\x00\x00\x00\x00\x00\x00\x00\x00\x00\x00\x00\x00\x00\x00\x00\x00\x00\x00\x00\x00\x00\x00\x00\x00\x00\x00\x00\x00\x00\x00\x00\x00\x00\x00\x00\x00\x00\x00\x00\x00\x00\x00\x00\x00\x00\x00\x00\x00\x00\x00\x00\x00\x00\x00\x00\x00\x00\x00\x00\x00\x00\x00\x00\x00\x00\x00\x00\x00\x00\x00\x00\x00\x00\x00\x00\x00\x00\x00\x00\x00\x00\x00\x00\x00\x00\x00\x00\x00\x00\x00\x00\x00\x00\x00\x00\x00\x00\x00\x00\x00\x00\x00\x00\x00\x00\x00\x00\x00\x00\x00\x00\x00\x00\x00\x00\x00\x00\x00\x00\x00\x00\x00\x00\x00\x00\x00\x00\x00\x00\x00\x00\x00\x00\x00\x00\x00\x00\x00\x00\x00\x00\x00\x00\x00\x00\x00\x00\x00\x00\x00\x00\x00\x00\x00\x00\x00\x00\x00\x00\x00\x00\x00\x00\x00\x00\x00\x00\x00\x00\x00\x00\x00\x00\x00\x00\x00\x00\x00\x00\x00\x00\x00\x00\x00\x00\x00\x00\x00\x00\x00\x00\x00\x00\x00\x00\x00\x00\x00\x00\x00\x00\x00\x00\x00\x00\x00\x00\x00\x00\x00\x00\x00\x00\x00\x00\x00\x00\x00\x00\x00\x00\x00\x00\x00\x00\x00\x00\x00\x00\x00\x00\x00\x00\x00\x00\x00\x00\x00\x00\x00\x00\x00\x00\x00\x00\x00\x00\x00\x00\x00\x00\x00\x00\x00\x00\x00\x00\x00\x00\x00\x00\x00\x00\x00\x00\x00\x00\x00\x00\x00\x00\x00\x00\x00\x00\x00\x00\x00\x00\x00\x00\x00\x00\x00\x00\x00\x00\x00\x00\x00\x00\x00\x00\x00\x00\x00\x00\x00\x00\x00\x00\x00\x00\x00\x00\x00\x00\x00\x00\x00\x00\x00\x00\x00\x00\x00\x00\x00\x00\x00\x00\x00\x00\x00\x00\x00\x00\x00\x00\x00\x00\x00\x00\x00\x00\x00\x00\x00\x00\x00\x00\x00\x00\x00\x00\x00\x00\x00\x00\x00\x00\x00\x00\x00\x00\x00\x00\x00\x00\x00\x00\x00\x00\x00\x00\x00\x00\x00\x00\x00\x00\x00\x00\x00\x00\x00\x00\x00\x00\x00\x00\x00\x00\x00\x00\x00\x00\x00\x00\x00\x00\x00\x00\x00\x00\x00\x00\x00\x00\x00\x00\x00\x00\x00\x00\x00\x00\x00\x00\x00\x00\x00\x00\x00\x00\x00\x00\x00\x00\x00\x00\x00\x00\x00\x00\x00\x00\x00\x00\x00\x00\x00\x00\x00\x00\x00\x00\x00\x00\x00\x00\x00\x00\x00\x00\x00\x00\x00\x00\x00\x00\x00\x00\x00\x00\x00\x00\x00\x00\x00\x00\x00\x00\x00\x00\x00\x00\x00\x00\x00\x00\x00\x00\x00\x00\x00\x00\x00\x00\x00\x00\x00\x00\x00\x00\x00\x00\x00\x00\x00\x00\x00\x00\x00\x00\x00\x00\x00\x00\x00\x00\x00\x00\x00\x00\x00\x00\x00\x00\x00\x00\x00\x00\x00\x00\x00\x00\x00\x00\x00\x00\x00\x00\x00\x00\x00\x00\x00\x00\x00\x00\x00\x00\x00\x00\x00\x00\x00\x00\x00\x00\x00\x00\x00\x00\x00\x00\x00\x00\x00\x00\x00\x00\x00\x00\x00\x00\x00\x00\x00\x00\x00\x00\x00\x00\x00\x00\x00\x00\x00\x00\x00\x00\x00\x00\x00\x00\x00\x00\x00\x00\x00\x00\x00\x00\x00\x00\x00\x00\x00\x00\x00\x00\x00\x00\x00\x00\x00\x00\x00\x00\x00\x00\x00\x00\x00\x00\x00\x00\x00\x00\x00\x00\x00\x00\x00\x00\x00\x00\x00\x00\x00\x00\x00\x00\x00\x00\x00\x00\x00\x00\x00\x00\x00\x00\x00\x00\x00\x00\x00\x00\x00\x00\x00\x00\x00\x00\x00\x00\x00\x00\x00\x00\x00\x00\x00\x00\x00\x00\x00\x00\x00\x00\x00\x00\x00\x00\x00\x00\x00\x00\x00\x00\x00\x00\x00\x00\x00\x00\x00\x00\x00\x00\x00\x00\x00\x00\x00\x00\x00\x00\x00\x00\x00\x00\x00\x00\x00\x00\x00\x00\x00\x00\x00\x00\x00\x00\x00\x00\x00\x00\x00\x00\x00\x00\x00\x00\x00\x00\x00\x00\x00\x00\x00\x00\x00\x00\x00\x00\x00\x00\x00\x00\x00\x00\x00\x00\x00\x00\x00\x00\x00\x00\x00\x00\x00\x00\x00\x00\x00\x00\x00\x00\x00\x00\x00\x00\x00\x00\x00\x00\x00\x00\x00\x00\x00\x00\x00\x00\x00\x00\x00\x00\x00\x00\x00\x00\x00\x00\x00\x00\x00\x00\x00\x00\x00\x00\x00\x00\x00\x00\x00\x00\x00\x00\x00\x00\x00\x00\x00\x00\x00\x00\x00\x00\x00\x00\x00\x00\x00\x00\x00\x00\x00\x00\x00\x00\x00\x00\x00\x00\x00\x00\x00\x00\x00\x00\x00\x00\x00\x00\x00\x00\x00\x00\x00\x00\x00\x00\x00\x00\x00\x00\x00\x00\x00\x00\x00\x00\x00\x00\x00\x00\x00\x00\x00\x00\x00\x00\x00\x00\x00\x00\x00\x00\x00\x00\x00\x00\x00\x00\x00\x00\x00\x00\x00\x00\x00\x00\x00\x00\x00\x00\x00\x00\x00\x00\x00\x00\x00\x00\x00\x00\x00\x00\x00\x00\x00\x00\x00\x00\x00\x00\x00\x00\x00\x00\x00\x00\x00\x00\x00\x00\x00\x00\x00\x00\x00\x00\x00\x00\x00\x00\x00\x00\x00\x00\x00\x00\x00\x00\x00\x00\x00\x00\x00\x00\x00\x00\x00\x00\x00\x00\x00\x00\x00\x00\x00\x00\x00\x00\x00\x00\x00\x00\x00\x00\x00\x00\x00\x00\x00\x00\x00\x00\x00\x00\x00\x00\x00\x00\x00\x00\x00\x00\x00\x00\x00\x00\x00\x00\x00\x00\x00\x00\x00\x00\x00\x00\x00\x00\x00\x00\x00\x00\x00\x00\x00\x00\x00\x00\x00\x00\x00\x00\x00\x00\x00\x00\x00\x00\x00\x00\x00\x00\x00\x00\x00\x00\x00\x00\x00\x00\x00\x00\x00\x00\x00\x00\x00\x00\x00\x00\x00\x00\x00\x00\x00\x00\x00\x00\x00\x00\x00\x00\x00\x00\x00\x00\x00\x00\x00\x00\x00\x00\x00\x00\x00\x00\x00\x00\x00\x00\x00\x00\x00\x00\x00\x00\x00\x00\x00\x00\x00\x00\x00\x00\x00\x00\x00\x00\x00\x00\x00\x00\x00\x00\x00\x00\x00\x00\x00\x00\x00\x00\x00\x00\x00\x00\x00\x00\x00\x00\x00\x00\x00\x00\x00\x00\x00\x00\x00\x00\x00\x00\x00\x00\x00\x00\x00\x00\x00\x00\x00\x00\x00\x00\x00\x00\x00\x00\x00\x00\x00\x00\x00\x00\x00\x00\x00\x00\x00\x00\x00\x00\x00\x00\x00\x00\x00\x00\x00\x00\x00\x00\x00\x00\x00\x00\x00\x00\x00\x00\x00\x00\x00\x00\x00\x00\x00\x00\x00\x00\x00\x00\x00\x00\x00\x00\x00\x00\x00\x00\x00\x00\x00\x00\x00\x00\x00\x00\x00\x00\x00\x00\x00\x00\x00\x00\x00\x00\x00\x00\x00\x00\x00\x00\x00\x00\x00\x00\x00\x00\x00\x00\x00\x00\x00\x00\x00\x00\x00\x00\x00\x00\x00\x00\x00\x00\x00\x00\x00\x00\x00\x00\x00\x00\x00\x00\x00\x00\x00\x00\x00\x00\x00\x00\x00\x00\x00\x00\x00\x00\x00\x00\x00\x00\x00\x00\x00\x00\x00\x00\x00\x00\x00\x00\x00\x00\x00\x00\x00\x00\x00\x00\x00\x00\x00\x00\x00\x00\x00\x00\x00\x00\x00\x00\x00\x00\x00\x00\x00\x00\x00\x00\x00\x00\x00\x00\x00\x00\x00\x00\x00\x00\x00\x00\x00\x00\x00\x00\x00\x00\x00\x00\x00\x00\x00\x00\x00\x00\x00\x00\x00\x00\x00\x00\x00\x00\x00\x00\x00\x00\x00\x00\x00\x00\x00\x00\x00\x00\x00\x00\x00\x00\x00\x00\x00\x00\x00\x00\x00\x00\x00\x00\x00\x00\x00\x00\x00\x00\x00\x00\x00\x00\x00\x00\x00\x00\x00\x00\x00\x00\x00\x00\x00\x00\x00\x00\x00\x00\x00\x00\x00\x00\x00\x00\x00\x00\x00\x00\x00\x00\x00\x00\x00\x00\x00\x00\x00\x00\x00\x00\x00\x00\x00\x00\x00\x00\x00\x00\x00\x00\x00\x00\x00\x00\x00\x00\x00\x00\x00\x00\x00\x00\x00\x00\x00\x00\x00\x00\x00\x00\x00\x00\x00\x00\x00\x00\x00\x00\x00\x00\x00\x00\x00\x00\x00\x00\x00\x00\x00\x00\x00\x00\x00\x00\x00\x00\x00\x00\x00\x00\x00\x00\x00\x00\x00\x00\x00\x00\x00\x00\x00\x00\x00\x00\x00\x00\x00\x00\x00\x00\x00\x00\x00\x00\x00\x00\x00\x00\x00\x00\x00\x00\x00\x00\x00\x00\x00\x00\x00\x00\x00\x00\x00\x00\x00\x00\x00\x00\x00\x00\x00\x00\x00\x00\x00\x00\x00\x00\x00\x00\x00\x00\x00\x00\x00\x00\x00\x00\x00\x00\x00\x00\x00\x00\x00\x00\x00\x00\x00\x00\x00\x00\x00\x00\x00\x00\x00\x00\x00\x00\x00\x00\x00\x00\x00\x00\x00\x00\x00\x00\x00\x00\x00\x00\x00\x00\x00\x00\x00\x00\x00\x00\x00\x00\x00\x00\x00\x00\x00\x00\x00\x00\x00\x00\x00\x00\x00\x00\x00\x00\x00\x00\x00\x00\x00\x00\x00\x00\x00\x00\x00\x00\x00\x00\x00\x00\x00\x00\x00\x00\x00\x00\x00\x00\x00\x00\x00\x00\x00\x00\x00\x00\x00\x00\x00\x00\x00\x00\x00\x00\x00\x00\x00\x00\x00\x00\x00\x00\x00\x00\x00\x00\x00\x00\x00\x00\x00\x00\x00\x00\x00\x00\x00\x00\x00\x00\x00\x00\x00\x00\x00\x00\x00\x00\x00\x00\x00\x00\x00\x00\x00\x00\x00\x00\x00\x00\x00\x00\x00\x00\x00\x00\x00\x00\x00\x00\x00\x00\x00\x00\x00\x00\x00\x00\x00\x00\x00\x00\x00\x00\x00\x00\x00\x00\x00\x00\x00\x00\x00\x00\x00\x00\x00\x00\x00\x00\x00\x00\x00\x00\x00\x00\x00\x00\x00\x00\x00\x00\x00\x00\x00\x00\x00\x00\x00\x00\x00\x00\x00\x00\x00\x00\x00\x00\x00\x00\x00\x00\x00\x00\x00\x00\x00\x00\x00\x00]" time="0.002" /><testcase classname="tests.v3.test_source" name="test_invalid_or_empty_archives_leave_no_partial_output[\x1f\x8b\x08\x00\x0e\xf2\x9dj\x02\xffK*\xca\xcfN\xcd\x03\x00t\xac\xab]" time="0.001" /><testcase classname="tests.v3.test_source" name="test_existing_destination_and_symlink_are_never_replaced" time="0.001" /><testcase classname="tests.v3.test_source" name="test_concurrent_destination_creation_cannot_be_overwritten" time="0.001" /><testcase classname="tests.v3.test_source" name="test_span_coordinates_are_original_bytes_not_unicode_characters" time="0.000" /><testcase classname="tests.v3.test_source" name="test_static_include_graph_uses_main_and_ignores_comments_and_unused_files" time="0.000" /><testcase classname="tests.v3.test_source" name="test_includes_resolve_against_explicit_tex_working_directory" time="0.000" /><testcase classname="tests.v3.test_source" name="test_literal_nested_conditionals_and_endinput_are_not_claimed_active" time="0.000" /><testcase classname="tests.v3.test_source" name="test_escaped_percent_and_verbatim_do_not_create_false_includes" time="0.000" /><testcase classname="tests.v3.test_source" name="test_opaque_tex_prevents_false_activity_certainty[\newcommand{\load}{\input{body}}-OPAQUE_TEX]" time="0.000" /><testcase classname="tests.v3.test_source" name="test_opaque_tex_prevents_false_activity_certainty[\usepackage{custom}-OPAQUE_TEX]" time="0.000" /><testcase classname="tests.v3.test_source" name="test_opaque_tex_prevents_false_activity_certainty[\includeonly{body}-OPAQUE_TEX]" time="0.000" /><testcase classname="tests.v3.test_source" name="test_opaque_tex_prevents_false_activity_certainty[\ifdefined\choice-CONDITIONAL_UNKNOWN]" time="0.000" /><testcase classname="tests.v3.test_source" name="test_opaque_tex_prevents_false_activity_certainty[\load-UNKNOWN_COMMAND]" time="0.000" /><testcase classname="tests.v3.test_source" name="test_included_macro_context_can_affect_later_parent_input" time="0.000" /><testcase classname="tests.v3.test_source" name="test_definition_body_conditionals_never_create_false_inactive_labels" time="0.000" /><testcase classname="tests.v3.test_source" name="test_custom_verbatim_or_comment_environments_require_review" time="0.000" /><testcase classname="tests.v3.test_source" name="test_unclosed_verbatim_preserves_parse_blockers[\verb|unfinished]" time="0.000" /><testcase classname="tests.v3.test_source" name="test_unclosed_verbatim_preserves_parse_blockers[\begin{verbatim}unfinished]" time="0.000" /><testcase classname="tests.v3.test_source" name="test_unclosed_verbatim_preserves_parse_blockers[\verb\n]" time="0.000" /><testcase classname="tests.v3.test_source" name="test_included_non_tex_extension_cannot_be_silently_treated_as_parsed" time="0.000" /><testcase classname="tests.v3.test_source" name="test_unresolvable_sources_preserve_explicit_blockers[\input{missing}-MISSING_INCLUDE]" time="0.000" /><testcase classname="tests.v3.test_source" name="test_unresolvable_sources_preserve_explicit_blockers[\input{\filename}-UNRESOLVED_INCLUDE]" time="0.000" /><testcase classname="tests.v3.test_source" name="test_unresolvable_sources_preserve_explicit_blockers[\input{body-UNRESOLVED_INCLUDE]" time="0.000" /><testcase classname="tests.v3.test_source" name="test_unresolvable_sources_preserve_explicit_blockers[\input{../outside}-UNSAFE_INCLUDE_PATH]" time="0.000" /><testcase classname="tests.v3.test_source" name="test_unresolvable_sources_preserve_explicit_blockers[\else\input{body}-UNBALANCED_CONDITIONAL]" time="0.000" /><testcase classname="tests.v3.test_source" name="test_unresolvable_sources_preserve_explicit_blockers[\xff\input{body}-UNSUPPORTED_ENCODING]" time="0.000" /><testcase classname="tests.v3.test_source" name="test_cycles_are_reported_without_recursive_execution" time="0.000" /><testcase classname="tests.v3.test_source" name="test_source_map_validation_and_limits_fail_closed" time="0.000" /></testsuite></testsuites>